59779
509
39
429
330
64
239
249
7
383
471
60
399
104
76
334
392
219
103
200
239
461
98
204
198
457
308
50
196
493
108
30
237
393
440
473
116
85
230
314
274
271
27
216
207
441
57
269
40
40
39
383
142
484
306
468
315
468
397
257
354
454
69
344
494
138
302
88
367
63
473
30
421
104
488
361
456
465
463
345
175
141
150
240
88
212
59
23
300
506
37
239
396
295
305
371
403
164
90
189
466
50
151
162
73
175
424
160
268
466
431
456
19
148
140
154
469
106
179
172
252
145
326
108
399
154
121
75
367
42
330
25
135
8
335
37
420
447
456
475
141
156
0
182
48
485
368
65
424
182
439
160
80
244
13
304
462
280
420
431
191
104
100
310
169
153
218
49
235
291
252
102
480
496
401
99
72
402
368
51
372
40
277
368
50
232
462
378
245
402
343
501
8
445
159
40
212
36
268
50
96
250
506
13
142
488
428
275
51
284
472
153
131
75
326
282
470
464
14
312
366
103
118
82
422
424
372
1
287
310
303
464
470
401
56
333
424
476
58
183
13
310
442
189
87
454
383
396
29
371
100
232
103
71
285
418
417
36
121
480
371
204
70
53
199
406
147
447
196
0
34
383
380
369
250
307
199
432
135
94
362
285
297
156
426
153
270
100
240
236
201
229
132
389
393
325
226
164
459
48
214
92
482
334
78
206
199
369
141
245
443
10
155
39
506
401
69
399
182
391
234
454
413
69
274
443
104
187
487
102
434
185
231
115
454
368
18
116
472
451
262
142
138
0
194
195
275
235
183
459
320
389
450
226
488
133
53
438
477
461
295
127
218
186
31
251
133
463
187
240
196
502
452
100
256
176
3
489
490
65
228
23
467
75
282
327
318
471
405
100
291
58
182
351
178
408
424
506
36
20
102
277
405
218
439
431
373
456
475
15
157
304
293
367
12
450
441
354
120
110
375
297
443
275
42
304
478
456
342
402
160
269
445
23
431
431
243
487
198
13
455
502
27
481
312
279
276
181
195
427
451
251
124
427
306
69
442
65
170
435
201
233
262
475
428
169
231
4
391
127
4
52
281
329
312
421
191
170
308
136
41
168
112
443
139
469
181
129
271
451
26
340
472
329
242
16
436
480
417
370
248
104
454
165
202
104
92
419
185
236
84
60
192
242
471
233
433
311
7
191
321
267
414
445
396
210
113
469
303
251
461
504
372
366
411
326
72
21
454
7
434
39
125
262
259
136
237
7
226
198
427
382
483
416
441
214
107
219
314
152
120
158
269
237
306
405
483
170
296
163
494
434
475
270
277
459
443
173
169
456
292
394
508
220
255
146
139
219
459
279
453
77
502
182
425
421
414
373
401
44
245
191
187
119
18
435
305
132
254
357
3
208
135
402
316
181
5
36
372
174
444
278
104
301
187
429
435
49
181
94
373
233
219
120
81
186
454
61
16
229
327
505
29
77
114
474
463
33
398
456
162
143
105
399
274
102
17
403
294
199
46
189
46
209
33
288
52
277
60
366
390
335
459
413
17
465
308
33
23
315
184
2
106
255
196
229
185
452
416
228
162
43
366
75
5
138
226
217
120
167
454
441
271
189
86
36
443
187
464
287
474
166
466
12
44
333
493
266
326
27
147
368
250
277
288
130
21
484
164
505
35
469
31
277
302
295
71
197
351
401
59
314
480
484
128
150
311
303
453
167
482
129
262
154
36
441
78
481
430
315
260
289
69
75
300
104
491
487
36
479
434
485
307
77
12
327
306
395
188
221
153
249
493
418
28
113
226
295
498
239
167
411
291
266
369
248
328
164
393
419
145
233
445
29
42
504
35
62
123
246
225
271
415
14
135
352
382
302
137
206
46
221
403
213
271
481
463
392
255
218
465
27
20
222
177
73
443
26
139
149
478
120
155
408
428
31
439
292
94
29
500
11
298
103
179
316
22
83
90
423
92
365
469
382
169
14
125
266
334
116
434
411
281
422
36
161
46
198
280
455
209
439
420
367
325
21
117
389
140
461
448
186
15
151
81
32
39
226
166
456
40
19
199
189
55
409
214
167
77
289
298
193
92
86
506
283
47
403
489
382
426
280
38
417
457
433
180
69
207
11
257
401
167
80
216
40
140
469
65
156
248
144
143
231
195
463
181
403
180
250
312
198
494
85
68
299
193
489
507
276
472
429
415
449
276
184
293
297
107
445
90
154
267
45
80
232
382
274
62
349
432
389
94
16
459
402
488
472
230
163
41
174
139
219
325
196
117
231
238
459
139
170
69
165
402
392
309
231
157
434
219
102
162
339
243
2
372
422
125
226
92
137
104
232
260
16
452
53
389
464
13
59
398
507
245
212
81
44
50
489
111
439
27
154
502
38
22
208
484
206
262
433
368
476
41
26
250
285
0
357
264
213
8
382
170
201
120
92
105
161
161
394
203
160
370
136
505
13
285
241
12
485
384
281
467
16
334
451
224
261
280
249
46
501
489
194
270
19
379
143
105
414
162
434
69
461
69
382
191
368
220
305
474
122
488
500
124
388
432
245
188
197
96
470
415
421
283
42
233
115
166
48
43
382
181
97
443
243
466
212
261
177
443
131
85
471
205
401
216
77
503
280
224
289
407
208
15
33
148
453
36
327
298
474
228
274
415
265
224
100
20
213
42
472
353
119
198
166
176
459
463
151
460
470
121
25
501
17
299
129
216
397
275
334
487
172
506
183
25
100
90
424
160
22
219
468
450
347
487
6
305
297
275
459
245
31
149
326
488
452
388
126
443
325
20
17
252
41
475
161
314
196
141
276
322
311
205
83
27
286
199
43
441
135
502
169
427
216
430
14
429
173
144
463
167
321
479
272
211
202
329
117
166
464
96
361
195
311
65
397
16
482
452
133
38
180
11
494
422
308
289
330
188
466
199
411
414
242
440
225
138
142
415
447
361
55
326
219
160
57
303
502
481
28
95
417
216
279
197
416
389
71
431
254
193
475
411
378
367
27
488
401
30
277
279
349
58
226
198
2
22
262
215
301
175
285
203
97
42
453
184
2
29
425
292
135
211
14
302
148
219
433
357
421
160
396
232
343
266
284
440
40
331
104
136
447
75
477
147
156
487
411
21
505
275
456
174
37
386
440
64
300
261
12
445
279
226
481
366
289
435
344
26
404
167
270
43
85
476
507
396
126
458
147
276
152
235
251
159
367
123
65
487
504
31
62
223
476
291
21
102
366
35
404
117
296
122
314
242
113
462
366
92
351
48
144
347
7
265
401
488
222
391
334
52
84
19
97
176
179
248
420
469
280
129
46
439
216
162
460
249
459
336
440
329
113
77
105
452
318
334
484
183
151
256
126
167
437
487
459
371
147
502
337
167
480
127
441
98
453
224
426
238
41
331
429
327
407
295
496
311
313
94
480
428
65
488
408
506
7
34
239
407
98
468
60
401
24
249
310
56
418
122
392
177
41
94
505
371
466
392
10
154
218
402
100
268
104
199
466
122
394
282
152
198
42
372
461
90
368
416
6
389
488
234
171
218
173
390
33
328
173
281
55
456
141
186
493
474
51
236
411
116
326
29
486
216
85
125
78
504
91
436
39
39
46
349
241
139
454
135
44
398
187
137
95
224
21
302
151
419
305
212
26
488
309
398
170
78
276
219
10
59
13
345
507
464
206
218
302
40
96
292
487
439
136
172
48
40
13
411
68
213
154
110
343
484
212
419
99
44
88
249
476
462
80
167
331
349
200
269
326
72
2
33
235
99
201
477
297
38
116
89
383
502
26
224
373
47
65
453
452
366
417
1
226
440
266
64
10
203
139
254
280
488
402
213
414
471
86
1
105
277
457
40
280
115
487
281
261
438
71
434
225
160
420
501
485
255
12
136
264
306
401
295
481
474
286
48
135
307
326
156
352
393
223
290
285
291
402
364
249
138
42
475
379
102
153
503
471
308
219
2
162
166
98
49
392
141
310
488
368
273
502
233
325
139
89
219
246
443
443
77
226
401
415
466
399
479
452
0
110
507
472
438
452
240
62
465
249
433
197
278
136
24
145
433
217
27
280
15
475
121
442
424
162
456
83
467
370
371
305
419
74
305
365
278
148
223
200
91
7
243
487
126
431
145
305
270
4
382
417
465
182
356
354
332
398
428
300
149
207
177
30
65
115
102
125
17
407
272
116
370
81
274
456
394
239
502
196
139
33
46
203
37
370
184
25
371
505
384
184
119
58
415
24
218
488
256
162
105
298
445
115
502
241
368
151
440
80
382
165
17
472
427
421
201
325
475
213
231
494
357
234
487
92
34
445
261
116
212
11
201
17
349
140
94
25
69
141
17
44
380
30
477
191
200
286
274
95
195
174
474
255
213
240
161
252
23
29
455
229
213
207
37
280
60
194
113
280
350
4
20
327
190
361
150
303
469
224
36
283
270
315
462
60
501
46
51
148
357
100
225
102
22
8
479
109
57
163
6
119
118
7
12
454
116
243
285
432
175
454
194
261
392
21
85
123
315
369
68
219
240
283
233
363
110
163
276
333
69
231
506
177
308
73
146
100
464
59
188
69
27
239
488
488
98
161
445
13
199
162
140
31
38
154
234
229
457
471
78
302
258
85
211
15
429
397
309
117
201
455
240
312
470
134
238
399
440
46
190
340
139
302
366
383
395
267
179
465
138
148
275
214
414
227
199
257
487
322
169
230
188
456
330
208
114
249
187
308
27
311
285
37
279
365
297
239
469
467
148
407
276
123
229
389
48
270
324
122
302
367
219
231
100
58
27
164
193
472
272
315
447
123
124
413
216
457
187
452
156
118
280
36
21
235
251
496
239
194
139
255
432
445
199
16
96
467
403
175
148
313
199
92
278
304
473
30
249
100
286
165
307
83
266
112
408
152
327
199
303
34
12
462
156
272
410
429
233
71
279
480
115
240
18
30
298
283
294
433
309
311
225
312
295
203
402
383
315
195
414
484
438
118
35
474
26
197
68
505
326
36
183
112
200
53
486
422
331
196
129
298
62
459
144
260
416
201
433
393
495
92
43
401
241
72
104
184
160
290
15
204
82
153
277
194
212
202
39
213
164
166
135
226
382
49
163
232
454
308
206
14
435
170
169
85
43
422
105
365
426
257
313
80
489
493
169
449
168
158
249
489
226
344
469
31
330
65
431
421
57
248
486
457
209
285
377
131
312
37
12
9
83
273
178
208
109
65
349
37
149
198
439
274
22
293
2
179
286
464
302
26
329
474
389
309
221
171
505
462
432
112
53
13
265
32
430
233
29
267
92
159
423
448
184
427
153
420
35
161
0
473
250
276
422
480
369
80
372
36
142
170
177
206
50
147
401
372
320
443
0
488
80
457
80
50
200
261
404
8
177
360
412
485
155
289
130
417
294
112
36
4
369
35
122
312
99
300
506
102
35
172
367
415
45
239
285
156
149
17
127
161
27
445
92
294
291
153
74
39
465
255
209
105
115
79
179
242
72
450
447
212
436
230
243
505
108
273
243
449
459
397
192
299
439
159
14
237
475
388
406
140
141
258
215
287
446
112
192
113
481
49
241
72
441
449
209
74
172
53
476
107
505
224
95
487
195
373
7
105
233
188
222
404
368
194
369
124
351
487
45
73
349
295
261
301
47
258
2
367
335
69
157
293
156
30
437
209
182
248
371
121
196
13
369
102
419
491
394
466
169
163
78
19
113
398
186
383
23
501
206
69
302
466
15
221
208
352
504
301
188
23
138
230
336
242
382
229
171
451
181
73
78
423
37
54
298
36
370
83
359
242
355
497
46
287
471
442
22
77
39
235
441
356
245
313
49
499
283
251
140
204
273
208
454
434
460
464
80
176
398
90
140
174
68
477
505
257
265
261
190
98
57
4
483
450
467
358
15
216
96
291
203
31
160
453
302
195
451
141
355
414
173
53
14
156
484
277
434
197
213
59
319
254
218
191
279
506
73
186
232
399
77
325
179
382
201
465
403
21
451
223
255
41
125
20
83
278
415
432
465
182
165
107
161
198
315
325
451
505
188
253
92
88
19
157
149
164
452
184
299
243
343
352
58
52
102
59
221
239
2
94
230
62
481
212
367
31
55
280
232
207
165
389
329
451
37
0
0
149
197
138
326
178
506
463
298
139
219
311
358
211
389
26
156
456
231
278
308
392
284
201
450
425
107
90
432
451
32
238
117
92
18
136
325
107
260
193
417
308
2
193
221
76
231
208
476
465
45
195
44
457
311
286
464
29
216
137
59
507
455
280
409
301
20
277
64
150
252
401
285
26
160
493
455
305
459
227
21
200
154
22
2
426
285
482
304
361
374
437
194
11
167
129
147
318
418
292
279
414
139
191
414
419
303
197
366
327
6
69
448
68
438
182
377
442
45
257
160
97
123
239
31
228
115
413
497
315
456
272
298
291
75
75
85
0
33
500
484
414
476
40
84
187
470
195
135
18
273
1
271
432
190
151
55
467
368
58
220
21
438
234
507
26
4
74
451
256
308
263
413
482
398
452
281
271
413
448
156
75
337
373
370
155
300
385
425
116
441
61
438
327
475
303
389
442
398
12
83
91
400
219
238
190
425
489
136
208
274
352
84
93
18
191
401
146
146
447
221
96
272
116
117
138
452
239
481
0
411
432
36
297
89
208
308
148
162
476
236
257
424
236
42
242
29
223
280
328
111
58
8
31
220
44
222
44
245
168
497
249
246
476
100
290
104
164
371
169
264
135
135
306
18
36
139
433
214
472
435
250
398
317
498
138
46
12
469
98
81
485
474
224
132
167
106
155
480
302
174
280
459
425
22
41
4
220
138
382
137
389
440
288
113
472
31
397
414
39
454
220
277
21
226
27
154
77
185
62
213
208
42
188
358
19
219
447
325
39
119
227
251
337
502
32
457
72
169
246
459
503
220
183
443
126
367
293
214
455
77
98
106
27
19
93
276
494
463
263
210
469
89
174
55
208
230
215
312
309
262
328
92
112
177
34
455
30
133
90
164
29
416
401
429
295
382
392
98
286
118
30
438
302
451
240
393
71
123
155
114
264
382
133
110
306
292
200
433
46
116
212
391
442
314
151
241
15
405
195
287
204
187
86
56
80
310
439
411
488
180
401
177
196
352
105
190
468
19
107
397
258
137
281
336
502
157
360
211
153
200
483
196
165
39
189
53
433
442
439
376
185
92
212
237
121
266
456
100
226
37
237
135
282
105
269
141
21
94
175
32
284
292
175
206
468
465
4
229
15
388
149
155
177
456
436
135
245
474
433
297
381
210
203
266
193
382
188
161
212
264
219
166
243
212
402
191
488
392
271
243
69
308
21
95
263
105
77
141
436
97
241
403
69
127
171
466
154
0
22
184
135
459
434
285
237
43
477
349
411
483
1
189
434
29
227
45
247
52
472
411
472
44
432
215
31
106
474
401
136
194
125
218
174
470
41
224
161
97
195
300
233
54
464
371
13
489
486
212
489
308
105
494
325
83
276
219
101
121
10
175
48
276
489
298
265
19
137
314
303
286
164
306
208
452
87
338
484
259
417
324
42
452
331
507
69
126
193
352
230
494
12
8
102
249
289
334
224
154
261
430
434
285
0
487
223
383
325
81
334
501
161
241
113
328
369
503
220
266
233
120
160
286
153
226
175
135
458
166
406
487
140
328
432
233
109
254
178
226
372
162
398
117
51
351
69
91
348
77
479
382
344
20
33
124
167
232
304
472
178
258
64
91
137
281
417
25
29
280
432
475
334
225
477
382
52
202
35
94
414
251
239
19
52
496
466
2
77
408
331
262
62
476
419
478
475
106
188
200
369
27
178
201
255
383
247
195
15
16
137
259
120
14
352
465
296
234
414
504
153
343
263
77
182
357
82
14
498
129
31
128
403
484
228
474
83
448
39
227
281
323
167
19
148
368
159
487
383
330
57
426
38
507
231
352
378
489
223
203
90
49
275
455
238
99
18
507
47
244
166
141
296
254
235
308
167
392
199
272
117
14
396
429
272
87
77
154
174
482
452
162
74
251
11
257
69
57
309
174
412
299
249
399
451
277
183
289
201
189
90
110
65
177
27
264
117
440
132
164
275
469
174
325
170
133
189
222
415
134
207
88
4
401
16
31
230
30
125
12
456
26
499
288
177
170
119
398
456
176
454
75
42
330
150
181
119
35
363
485
97
167
273
34
309
58
31
148
278
94
158
237
457
20
423
99
226
111
107
437
170
154
177
139
52
255
327
361
54
320
4
414
40
434
200
235
208
56
149
34
463
174
449
399
447
399
214
207
482
251
384
370
484
162
244
156
193
55
140
280
91
268
469
407
123
182
304
145
135
247
185
200
134
269
18
52
230
436
59
160
292
140
499
463
427
219
277
187
449
371
139
2
118
105
186
373
505
421
43
501
449
171
135
327
33
45
142
104
385
289
334
8
461
171
501
174
508
169
66
227
474
372
68
312
7
173
6
282
456
306
169
208
191
436
483
56
198
11
226
295
159
118
78
31
254
319
201
372
482
244
72
310
25
280
275
221
418
219
58
477
130
307
456
260
135
126
73
304
4
268
280
197
68
501
30
19
205
90
10
155
282
213
349
175
68
415
54
484
86
415
0
14
213
121
451
107
469
308
42
99
398
495
417
457
506
327
356
285
298
183
75
71
59
469
89
0
398
245
382
25
253
355
157
283
199
158
15
208
44
173
193
259
77
18
355
372
243
189
400
234
126
383
39
133
253
299
83
185
191
434
187
41
234
315
53
42
237
328
136
478
423
433
251
131
314
124
272
42
267
93
28
215
508
79
245
23
267
306
240
212
456
429
6
457
256
106
394
306
216
64
296
309
495
426
77
201
202
220
435
25
187
32
80
207
304
251
193
147
280
366
506
97
275
96
110
120
330
36
167
116
88
226
359
229
190
199
143
161
396
250
407
401
105
462
135
387
213
101
468
136
394
95
163
266
96
375
153
415
441
508
253
133
473
258
188
397
478
323
328
184
325
157
206
15
55
74
33
154
52
131
279
136
218
22
69
15
269
114
13
156
249
175
176
131
312
53
196
229
159
186
94
172
15
277
230
348
163
60
17
261
328
122
229
200
160
255
140
465
52
315
273
47
192
4
165
183
4
66
374
486
286
60
294
243
393
475
413
87
169
102
48
456
311
398
168
450
123
179
63
439
438
231
294
456
225
295
463
32
430
301
307
369
360
455
204
64
438
329
310
128
154
75
226
208
502
386
154
114
308
49
453
422
18
212
231
105
57
210
241
182
239
223
86
464
253
352
399
214
501
277
19
300
198
143
139
117
120
407
372
95
104
221
249
282
14
13
10
313
331
24
441
288
71
197
351
452
116
188
325
412
278
250
89
123
180
366
159
260
36
215
306
298
407
243
238
77
430
115
326
452
211
424
395
20
56
206
126
137
207
439
178
185
167
38
104
498
121
29
329
259
140
19
98
201
286
102
184
152
82
56
269
149
205
217
168
26
251
94
195
262
247
497
124
74
165
344
32
183
326
436
97
198
115
291
268
76
207
29
313
402
38
309
156
159
42
36
457
10
105
31
149
143
474
367
483
85
181
69
443
410
112
352
35
339
51
471
429
496
147
52
35
10
103
166
445
120
473
257
137
471
33
265
368
44
162
357
306
114
370
454
95
285
237
167
145
259
297
182
8
138
122
386
121
433
179
39
186
120
32
425
139
240
327
98
239
417
325
449
503
443
437
398
456
192
373
406
294
237
447
37
254
278
274
200
233
219
53
474
320
446
116
441
108
17
38
482
199
53
474
501
94
86
456
80
452
142
473
449
453
192
401
261
417
294
488
142
301
130
281
438
89
396
295
443
189
104
279
476
17
2
7
193
360
65
366
487
102
226
75
347
189
193
369
360
73
6
36
19
238
241
17
186
203
308
401
293
53
451
444
137
130
31
416
174
193
389
265
155
481
102
133
505
71
106
142
30
30
160
19
392
185
53
272
304
281
498
471
139
176
318
295
146
433
220
189
398
309
156
157
286
31
145
432
496
301
152
74
156
273
475
304
450
443
78
474
34
370
244
42
153
422
459
123
30
112
298
92
164
177
438
91
75
295
90
499
304
156
426
310
176
258
8
420
207
267
66
212
288
190
50
312
140
96
6
63
272
456
237
135
205
22
154
245
103
279
220
28
278
13
51
26
501
92
457
199
306
39
349
487
268
154
32
443
126
275
315
229
454
182
10
508
187
223
154
122
259
322
73
310
133
80
184
334
4
172
257
288
24
367
493
367
25
348
126
256
208
233
164
290
474
408
27
162
268
402
487
240
4
40
403
454
367
34
235
174
274
440
459
48
158
206
194
372
348
110
200
403
73
153
74
250
174
407
226
15
102
398
494
163
260
185
17
420
316
488
63
208
229
434
402
116
190
316
131
80
383
421
13
28
291
225
429
14
238
433
154
185
42
209
300
159
247
33
147
122
439
237
251
83
224
94
407
135
208
359
6
291
226
170
214
423
123
0
265
434
34
266
22
52
102
192
169
228
20
136
476
119
222
77
471
464
280
137
330
55
321
470
312
261
229
41
430
31
249
31
286
250
6
156
114
115
455
498
125
389
105
174
222
242
5
373
47
465
470
292
500
414
154
414
209
180
243
12
162
231
498
455
14
194
75
2
245
134
476
294
492
57
397
99
64
187
143
139
224
108
72
31
373
485
389
253
112
479
505
288
22
185
161
124
139
260
280
326
39
180
50
210
25
325
191
230
37
160
52
227
392
276
61
146
356
365
230
442
334
181
43
68
85
224
457
379
91
198
30
90
366
460
304
399
361
39
198
299
347
236
97
94
96
328
62
254
241
4
287
466
402
195
3
160
407
105
335
251
52
113
69
283
243
262
207
311
283
225
19
383
416
112
118
484
383
247
188
475
184
62
480
477
382
438
258
316
245
171
191
26
446
386
222
494
352
442
307
313
124
190
74
21
258
490
166
163
14
248
251
52
279
488
310
121
417
439
163
199
210
204
309
193
213
211
206
471
6
83
115
278
33
413
4
181
429
455
442
15
351
208
183
274
211
331
104
220
482
106
436
414
135
237
356
226
212
52
188
415
188
221
1
152
267
280
408
171
56
234
39
326
196
115
429
20
62
392
31
37
149
371
270
457
2
115
102
62
150
156
308
43
138
150
0
303
292
378
274
69
18
279
404
399
32
327
174
443
413
52
107
451
74
154
249
97
182
164
278
25
442
174
429
159
224
354
76
140
272
365
85
94
35
475
36
405
18
255
32
200
15
481
198
366
356
475
37
81
221
325
142
26
31
507
37
360
325
183
334
397
75
30
4
427
56
0
494
309
28
221
232
251
149
314
40
465
383
193
425
118
41
23
47
469
187
105
504
181
422
366
4
302
189
5
266
359
507
150
309
154
449
30
64
377
465
164
419
282
148
68
140
456
75
13
440
380
506
479
289
230
413
73
441
251
118
383
175
110
397
145
433
307
21
384
12
231
87
480
100
277
489
163
299
293
214
328
123
389
50
44
201
12
100
240
97
377
24
110
89
204
370
465
399
230
245
221
25
34
203
35
339
440
388
142
182
470
138
184
334
168
25
2
6
233
430
156
77
123
489
218
244
80
15
415
24
304
224
159
39
62
433
73
160
75
454
83
42
426
489
207
349
25
303
32
339
419
286
177
122
49
500
309
423
29
186
471
220
282
30
208
281
219
393
293
110
116
219
33
472
90
482
94
180
59
326
244
258
211
464
370
36
181
192
36
148
179
188
118
6
31
461
246
147
309
162
59
218
444
75
429
78
372
15
94
448
173
133
418
307
115
371
407
230
326
35
276
182
241
389
213
122
198
104
487
178
90
455
92
439
86
75
22
321
175
235
183
225
505
368
78
382
250
266
193
393
198
247
506
401
151
263
169
187
4
167
212
72
276
133
54
479
59
293
456
63
42
11
149
201
220
427
117
211
225
187
434
443
323
205
196
131
235
310
456
506
10
38
471
102
225
31
90
196
8
43
182
69
19
61
493
195
489
40
423
8
159
185
398
312
435
65
27
219
487
185
242
182
22
255
481
124
205
457
326
93
246
11
445
308
368
188
445
472
389
124
499
449
411
29
342
383
14
215
216
232
78
180
506
435
58
241
59
44
292
308
164
423
417
268
465
245
468
231
371
125
23
43
211
34
141
183
154
20
104
52
427
162
425
270
250
7
187
128
231
459
372
196
55
170
15
132
123
277
161
223
103
426
425
295
117
203
226
250
484
113
502
10
154
32
45
18
443
401
87
23
327
254
472
141
32
138
385
216
226
181
187
10
443
246
147
489
239
104
262
407
150
368
135
451
243
100
373
475
139
135
33
461
135
346
298
472
82
19
252
453
241
334
150
309
216
131
216
258
98
195
457
69
183
255
198
104
308
205
206
445
441
463
392
202
434
49
306
89
170
258
269
479
338
54
488
452
201
176
280
373
66
28
314
428
441
71
7
73
8
403
334
38
276
11
351
35
159
306
53
452
3
253
295
387
462
100
57
284
375
325
454
207
22
17
274
160
162
181
93
139
152
169
197
44
305
330
8
70
289
277
330
255
27
450
230
494
331
130
173
314
132
51
221
36
25
18
345
136
110
387
427
275
97
178
71
172
18
96
326
12
189
252
152
475
215
208
488
308
307
183
401
252
196
128
224
31
228
257
119
93
25
99
101
164
42
240
175
254
423
188
98
207
452
251
216
176
231
476
141
196
42
245
51
306
398
268
304
196
246
8
488
507
372
456
309
78
368
7
418
138
161
190
470
229
43
214
174
50
101
93
454
437
43
38
160
91
167
117
41
180
29
284
119
217
418
81
366
95
250
308
28
166
232
114
425
201
483
273
198
103
459
46
236
107
156
462
439
395
122
158
71
425
4
50
375
34
311
344
457
449
471
360
466
23
278
237
33
65
171
156
191
35
255
39
138
306
56
461
147
140
426
89
60
7
271
445
276
499
326
34
482
270
188
254
416
248
383
235
71
45
153
261
412
116
115
11
508
352
74
322
330
4
237
81
104
264
330
314
100
179
288
30
359
147
456
494
214
64
356
106
20
219
208
168
140
138
11
82
110
159
435
174
215
126
443
484
244
137
211
338
450
355
198
53
133
193
192
22
184
308
386
45
238
213
200
135
483
29
307
325
181
403
438
282
72
373
231
404
37
281
372
69
103
223
370
283
15
207
25
59
153
184
293
32
178
488
250
245
447
10
69
83
462
207
371
171
169
396
219
453
114
425
268
163
54
239
173
138
120
238
334
174
369
243
466
100
178
30
341
147
238
406
180
312
485
370
52
474
393
180
137
153
117
207
202
214
226
355
241
430
50
78
230
117
50
99
208
43
156
32
177
422
139
31
24
105
1
199
117
173
458
330
185
83
4
167
398
451
119
452
419
29
279
264
246
282
107
97
231
442
282
2
121
219
100
326
277
183
274
147
403
200
236
35
257
249
446
164
305
58
289
135
223
20
359
123
114
223
4
259
355
304
429
230
81
154
255
232
94
189
223
99
94
346
281
23
433
200
309
39
308
240
165
257
340
502
221
268
499
487
193
77
472
140
473
201
176
435
412
90
246
34
165
209
308
216
223
508
497
271
262
382
356
96
73
308
16
273
247
315
334
469
12
334
329
2
105
477
452
37
276
94
431
111
234
421
199
12
29
248
435
173
279
137
199
44
455
398
419
294
178
194
199
23
244
143
217
185
32
303
4
297
27
189
121
284
269
497
343
473
432
479
156
209
203
98
320
279
449
287
99
77
107
204
93
312
97
220
148
442
395
257
80
270
208
201
251
459
28
383
32
241
367
474
126
58
40
337
457
83
441
489
92
198
117
212
120
51
94
83
507
90
485
450
172
465
99
224
36
232
27
164
69
220
56
117
2
71
117
42
65
406
29
106
186
65
22
320
209
451
5
212
349
495
74
39
117
415
229
226
178
168
151
424
64
171
17
75
327
505
225
204
279
403
181
24
402
463
238
195
239
308
429
1
87
211
58
406
178
327
70
473
161
258
159
351
452
191
99
142
189
166
94
437
120
208
201
414
140
462
106
19
456
121
135
46
190
255
279
156
480
205
433
156
75
206
150
237
65
209
394
30
436
456
175
255
448
415
237
150
388
17
2
229
48
132
277
254
218
12
228
45
211
220
105
177
459
68
56
347
260
159
263
142
445
508
474
7
75
299
19
42
367
180
116
223
163
14
132
244
231
328
179
139
51
191
415
407
314
137
402
450
175
114
52
271
112
311
250
128
438
461
107
254
229
259
104
162
18
355
223
126
264
205
39
174
210
199
173
237
29
142
102
382
174
114
14
10
413
39
122
179
64
458
297
141
23
194
400
436
383
161
377
7
273
417
154
17
281
82
473
59
153
327
80
412
439
366
254
17
47
398
79
165
157
12
145
254
214
273
433
96
446
441
19
436
300
273
133
502
45
53
225
504
177
121
190
86
312
261
306
137
40
6
269
133
148
74
222
256
216
11
114
8
370
163
57
138
245
369
252
242
151
308
238
6
15
368
30
457
224
198
0
243
196
99
187
47
359
446
397
18
308
106
255
484
218
39
506
282
168
295
296
264
223
178
256
159
57
14
398
297
398
159
331
363
266
314
241
451
183
85
472
351
160
474
20
268
485
488
453
313
193
211
443
445
432
20
58
213
141
40
100
481
278
73
216
22
158
381
196
453
18
106
213
27
393
213
77
102
265
334
429
488
68
258
486
221
373
432
58
409
408
103
453
10
243
452
4
53
219
505
44
18
213
99
155
41
96
82
271
436
331
213
154
65
135
360
215
104
176
80
178
213
215
444
496
494
352
230
159
68
67
94
253
86
6
331
408
173
11
349
36
168
386
480
20
164
171
69
366
57
277
323
218
417
1
137
49
87
126
186
229
138
88
142
267
29
265
84
475
311
116
69
396
254
136
73
426
249
219
100
44
17
185
224
49
59
245
250
116
273
420
340
230
177
36
303
303
62
456
125
454
42
116
323
283
104
2
189
150
436
30
140
175
291
460
245
204
169
329
489
91
182
312
394
367
343
124
220
417
49
289
476
85
438
52
25
75
228
418
474
366
483
221
459
311
117
225
165
26
141
120
443
488
123
220
482
241
56
338
252
278
120
94
285
216
401
131
4
401
161
126
280
111
414
233
382
95
296
118
228
415
194
192
254
429
437
466
485
176
89
95
39
395
122
382
271
197
8
93
188
133
393
193
269
445
12
140
37
95
95
477
506
177
171
270
8
265
93
225
245
151
277
88
209
169
208
24
81
142
12
210
371
287
52
376
46
99
144
188
105
111
150
297
43
342
200
399
164
44
499
429
47
18
46
262
425
471
276
309
379
269
446
172
292
219
261
45
189
144
57
145
168
145
94
209
159
6
35
100
104
15
246
181
3
17
252
119
37
130
195
455
261
10
20
298
199
74
31
72
156
276
92
50
470
392
152
108
17
269
84
332
58
424
305
153
139
136
86
84
312
59
34
232
302
395
152
77
176
198
76
169
41
6
213
316
485
219
149
36
43
21
305
460
271
479
287
68
221
306
133
40
419
163
254
24
202
187
180
146
210
188
329
39
470
114
204
506
136
229
124
236
458
117
272
31
269
51
470
71
434
34
80
133
138
78
310
265
132
43
69
372
163
276
100
389
229
12
2
128
29
406
480
508
452
421
105
123
177
200
8
93
255
220
205
168
117
73
495
247
16
123
101
21
242
215
140
256
216
475
191
394
186
160
70
94
213
263
13
421
134
169
231
371
270
240
147
431
406
199
477
475
32
254
129
6
407
26
228
33
274
264
150
265
392
428
466
18
224
274
69
287
175
401
160
163
371
149
174
9
452
7
428
96
14
112
138
59
216
425
94
439
273
6
72
41
221
159
99
43
104
216
238
304
117
89
328
168
393
501
389
224
443
10
307
135
216
274
210
368
489
99
316
246
236
224
306
270
1
44
295
196
301
479
50
22
200
504
214
408
94
493
112
163
8
222
432
266
100
393
504
398
478
24
458
223
74
135
191
489
88
148
344
181
304
90
483
25
112
95
487
116
204
202
162
60
25
139
59
115
105
265
72
161
366
299
222
365
488
433
144
195
22
7
230
174
229
272
340
259
256
229
249
19
261
295
63
48
52
162
225
215
104
43
104
438
160
502
409
4
98
164
117
218
251
231
240
173
497
12
138
139
138
331
482
31
64
210
428
69
229
470
219
475
139
124
146
71
25
342
188
31
244
122
186
58
257
164
104
401
174
281
23
245
445
382
382
186
225
16
74
412
299
369
205
77
16
451
164
93
208
283
219
256
362
216
53
488
215
415
438
225
52
475
191
314
286
459
57
271
298
38
245
16
206
104
82
230
237
229
4
501
221
241
234
277
217
221
125
259
356
236
264
255
112
50
465
196
145
117
413
458
349
442
425
247
263
103
82
99
105
289
44
71
435
213
226
421
176
110
215
199
358
423
19
189
330
140
299
382
247
110
459
0
20
136
434
35
314
59
191
77
223
282
78
39
61
494
132
133
209
248
446
241
134
424
439
261
185
24
244
406
414
123
135
272
44
318
140
225
307
454
15
291
215
289
197
215
31
104
283
19
438
31
472
306
94
99
292
493
266
502
24
232
368
93
222
433
152
153
174
383
470
256
355
497
298
492
119
61
277
402
138
457
200
176
478
220
53
346
174
494
97
65
102
133
476
61
69
308
278
139
366
22
75
144
185
124
303
20
220
401
362
20
160
144
84
372
155
306
123
456
11
469
398
196
209
149
145
221
44
104
168
105
165
92
395
502
211
12
27
45
76
219
108
224
261
180
218
150
285
246
233
455
211
35
241
7
196
398
311
393
168
452
225
122
309
379
38
349
297
59
196
279
40
193
419
139
25
31
327
95
163
164
220
489
420
114
149
59
488
302
487
171
477
198
86
64
83
4
322
462
351
7
24
389
29
209
201
0
371
55
430
450
100
268
328
29
368
317
168
128
23
106
293
237
406
0
29
154
475
195
51
32
271
161
489
210
137
14
145
147
211
369
393
104
407
6
52
461
236
501
238
30
271
38
239
172
420
252
264
219
378
441
457
461
270
443
470
140
447
383
508
98
2
228
412
384
276
52
72
177
367
242
310
372
12
168
237
160
2
304
297
415
456
93
204
36
23
133
131
170
107
296
172
259
142
268
369
69
24
372
214
115
121
52
208
472
414
459
190
231
58
461
44
433
336
468
470
206
150
112
94
199
102
102
196
102
234
202
202
407
30
401
154
392
10
508
29
467
38
115
83
289
445
154
314
178
117
454
140
187
296
141
488
192
117
154
169
202
232
434
185
185
432
10
406
243
372
143
265
244
63
216
366
268
320
202
185
475
162
274
154
39
472
426
430
298
190
197
445
52
41
486
187
295
426
112
97
20
487
80
478
408
451
248
165
264
48
39
296
470
226
264
497
61
412
461
264
281
245
284
451
36
147
274
122
492
177
73
489
216
477
261
466
327
13
280
366
33
60
202
245
0
472
200
243
272
417
329
12
245
294
34
117
167
246
349
275
232
214
192
160
141
474
485
27
43
316
262
174
22
104
254
208
11
187
82
11
15
227
37
494
447
138
482
349
85
184
271
21
198
471
30
154
252
230
151
314
411
215
152
96
56
460
474
106
42
276
207
16
173
59
230
114
36
95
132
135
7
308
238
115
441
401
115
70
163
11
422
328
244
159
271
504
130
288
265
136
497
376
182
325
307
14
438
84
35
428
430
411
484
303
197
419
337
7
155
373
243
277
389
117
489
50
107
178
402
222
153
474
330
169
496
256
201
449
423
143
106
104
27
45
474
153
212
305
397
222
320
217
178
38
434
80
145
239
320
102
21
478
362
113
477
480
301
503
227
280
0
221
88
130
150
43
188
433
456
94
131
174
69
262
19
104
343
74
352
248
40
471
8
403
472
334
271
135
106
44
20
102
141
398
382
25
89
19
269
155
54
436
288
214
461
394
308
157
74
38
368
200
202
311
226
56
444
7
69
452
185
508
84
425
140
415
19
81
64
506
99
72
164
253
368
202
208
447
449
140
269
88
274
283
390
475
451
104
146
434
179
143
370
155
433
341
398
390
428
189
446
488
139
117
135
61
326
206
7
226
66
419
272
62
410
195
228
182
1
366
103
180
438
361
19
13
241
206
250
133
304
137
467
208
235
486
154
457
425
170
252
219
304
306
120
479
370
435
25
432
26
191
92
278
503
123
250
298
357
39
292
181
273
425
313
244
143
303
274
297
216
90
475
476
460
492
188
230
219
487
156
42
286
331
0
257
380
430
154
407
175
86
226
444
447
116
473
428
395
458
227
57
189
489
246
189
356
366
286
59
426
439
90
189
4
442
77
96
154
325
316
352
233
132
498
449
384
73
105
224
303
46
246
149
217
164
209
494
437
144
286
69
246
293
257
150
418
137
64
8
241
246
99
283
417
262
36
122
220
173
263
454
458
305
498
220
97
185
74
83
308
220
283
162
180
353
114
422
166
98
141
65
44
39
111
328
59
292
461
497
159
136
308
12
12
287
414
199
57
196
68
271
116
205
21
475
36
186
114
229
14
475
142
488
425
91
180
460
129
301
291
118
69
254
297
489
266
95
52
297
336
73
97
439
213
43
75
172
168
428
194
90
233
284
41
390
200
433
159
136
6
67
75
196
167
135
468
140
445
126
14
340
508
181
52
240
23
115
35
506
265
239
77
193
249
470
139
1
421
238
457
404
41
447
227
434
359
407
35
133
149
489
414
111
82
494
88
58
10
405
154
201
233
293
152
10
58
20
165
444
485
105
131
483
481
406
501
372
97
271
171
376
328
11
8
136
199
479
242
452
428
297
102
124
373
80
258
456
382
303
18
408
368
77
176
461
283
444
86
31
345
471
401
453
187
59
13
93
151
471
253
497
63
333
430
168
294
302
392
401
20
180
208
497
188
197
167
151
493
96
281
153
117
383
219
314
72
285
94
286
52
22
428
19
382
429
201
399
243
274
224
197
205
376
183
94
95
89
420
497
296
262
449
263
431
141
467
369
175
370
254
437
458
283
228
209
120
251
256
489
414
133
286
2
221
55
99
163
448
234
443
489
59
263
14
33
140
161
404
445
10
498
115
241
503
47
53
131
85
464
260
159
12
89
191
112
31
245
286
216
41
263
501
210
489
239
170
416
462
153
112
261
219
226
189
250
19
69
391
6
369
308
502
501
214
452
436
106
74
249
20
215
481
287
351
215
47
257
284
295
255
353
243
62
300
269
303
436
200
250
93
168
13
497
298
161
195
477
235
401
241
407
157
469
16
480
223
274
397
267
264
168
430
443
22
326
184
200
138
145
179
310
157
506
39
178
225
32
285
425
444
244
213
458
21
23
14
454
283
83
285
61
481
111
206
314
19
312
275
198
208
439
189
104
161
221
142
487
326
300
412
397
508
19
38
40
109
429
30
488
239
126
120
198
169
433
480
250
352
213
228
78
146
68
421
98
453
432
249
4
157
263
94
73
356
305
103
423
464
188
194
192
355
179
457
326
206
186
4
19
37
450
174
148
467
304
175
249
455
198
52
84
406
506
185
263
65
398
133
451
100
369
321
431
266
132
35
439
156
265
484
263
210
205
23
125
80
417
47
350
249
58
193
72
1
421
297
311
489
120
254
38
10
117
185
285
507
19
398
326
422
449
26
461
75
60
201
113
389
432
49
462
92
290
290
349
312
179
296
215
64
248
464
408
453
218
313
52
256
21
92
140
32
148
18
239
198
118
69
8
503
254
489
457
89
239
474
39
179
74
183
493
2
141
56
32
372
123
206
436
261
18
227
455
231
385
75
413
160
366
285
83
414
448
272
228
1
200
476
234
117
164
38
74
192
64
216
255
493
373
26
401
274
398
505
73
22
114
156
260
10
349
39
408
339
176
134
409
77
206
217
285
460
292
323
443
369
90
128
360
69
6
442
349
267
341
279
276
97
460
286
327
166
472
92
69
187
337
229
231
210
282
303
68
127
155
443
105
231
72
186
327
12
260
105
245
466
35
115
475
78
308
149
139
157
93
232
99
503
503
328
172
399
255
383
124
40
503
270
455
218
483
383
182
113
284
115
19
442
303
130
428
409
14
301
179
126
370
251
243
91
14
158
68
272
263
477
273
230
194
298
39
142
373
216
80
180
210
174
77
210
93
49
273
196
403
388
201
140
398
199
281
194
266
165
213
14
239
29
142
287
414
315
341
398
139
105
301
135
81
505
371
46
144
144
32
454
122
408
186
342
287
73
39
497
481
193
382
127
436
210
339
155
173
8
119
261
460
389
162
181
75
29
493
9
277
40
140
249
382
91
454
291
329
163
220
485
169
94
113
433
2
359
116
470
198
222
74
8
411
82
46
488
176
440
280
477
154
140
56
171
395
58
288
7
20
426
215
280
169
305
42
34
140
208
18
451
72
313
469
484
455
331
258
58
212
86
434
368
117
31
505
40
27
389
190
190
212
229
321
392
4
155
43
428
176
464
302
188
69
462
93
69
494
286
144
372
165
483
415
434
461
253
121
223
161
142
392
445
147
189
326
271
329
466
20
141
95
209
147
325
211
145
158
503
68
200
434
213
119
25
73
465
476
328
403
91
303
37
329
475
77
137
45
246
13
479
117
503
402
280
104
389
393
262
201
306
403
234
228
416
416
213
222
160
481
128
314
135
485
448
71
173
224
238
2
426
195
258
15
105
78
471
80
172
313
175
113
463
488
430
96
481
19
476
165
15
309
284
72
465
241
149
102
115
197
488
159
405
406
225
152
69
459
230
94
307
497
326
434
97
343
306
12
232
62
350
174
429
295
336
185
440
414
75
216
154
167
61
124
480
417
484
230
438
224
63
2
459
73
115
248
366
139
483
144
435
448
317
73
33
150
276
484
414
195
496
95
309
412
419
7
0
173
239
239
453
477
249
22
92
295
164
151
197
278
252
83
392
11
200
428
443
123
143
437
371
120
401
407
147
193
28
482
367
236
33
397
150
370
195
277
408
305
427
156
463
231
64
0
238
82
416
43
3
250
480
150
257
372
34
205
464
173
449
146
233
100
222
276
424
261
48
164
114
77
280
18
487
334
25
268
236
241
397
396
61
139
244
402
152
242
42
195
277
177
506
451
343
194
34
286
331
206
226
475
488
457
471
169
16
7
142
426
237
503
177
184
75
367
213
303
169
52
284
318
424
121
329
141
507
212
30
108
328
480
272
224
154
367
398
2
220
65
34
65
44
99
495
468
238
194
45
412
292
40
473
149
85
265
307
39
427
429
210
147
475
496
441
414
171
286
50
504
163
252
29
449
52
13
414
250
273
154
281
22
154
451
99
35
468
140
0
232
220
327
446
177
433
265
133
77
179
199
372
473
503
508
456
364
188
172
91
278
441
326
69
222
412
51
29
218
491
389
198
198
312
270
82
352
12
50
230
401
221
403
235
85
107
33
334
103
448
329
162
443
42
281
139
22
368
40
196
268
248
105
102
472
226
32
260
372
274
219
295
239
481
330
34
463
147
217
42
29
135
455
480
58
487
494
104
139
428
135
349
319
284
102
154
193
307
237
345
232
260
98
407
452
210
408
32
36
113
180
100
282
107
254
405
0
273
480
32
257
129
172
406
147
228
353
473
4
351
216
107
123
493
36
366
27
153
442
454
98
128
29
49
199
176
442
397
397
368
415
453
279
393
7
285
259
334
441
314
276
132
502
165
1
383
34
185
308
200
118
172
459
425
372
133
94
262
445
250
407
231
245
56
439
448
478
201
243
40
325
475
281
181
276
80
459
42
146
145
454
35
327
229
4
80
449
176
472
106
463
483
422
383
208
365
477
274
247
308
83
60
108
249
118
248
58
401
438
178
230
65
16
475
12
503
136
242
433
328
179
287
408
77
308
162
165
49
37
350
480
217
23
365
54
304
295
346
286
294
202
281
96
304
96
276
471
43
2
18
457
339
405
305
181
436
431
132
270
129
469
169
245
304
244
467
236
286
400
508
31
473
314
47
239
326
211
472
237
37
137
115
19
451
392
133
201
392
20
111
139
278
433
296
43
446
495
306
18
294
477
139
75
230
171
259
136
202
474
112
207
194
15
19
180
409
184
111
69
246
313
196
119
165
198
494
304
258
482
442
24
204
221
504
241
63
454
472
200
137
408
252
465
192
209
364
350
435
439
129
15
23
421
151
148
160
102
484
441
83
428
51
219
68
373
272
461
80
2
62
19
229
112
354
456
256
476
297
414
479
195
366
445
241
51
204
7
22
468
345
233
430
286
233
212
31
450
273
29
194
207
481
74
404
429
145
163
105
80
119
366
72
233
60
422
250
302
475
29
137
138
435
427
291
230
23
352
465
456
107
437
201
29
449
163
466
86
15
176
241
293
65
177
270
40
309
58
138
188
338
225
237
372
204
164
488
36
280
113
483
221
179
218
11
305
99
182
0
456
86
243
275
441
208
355
309
426
451
37
30
227
142
415
439
185
464
13
98
203
112
431
97
315
17
308
112
286
487
35
157
30
143
447
184
11
474
505
397
66
327
462
299
302
274
225
97
392
167
464
419
17
23
111
280
505
488
74
123
474
22
401
406
14
444
369
119
210
414
4
242
212
101
311
457
118
501
111
158
393
64
478
84
296
446
431
106
130
100
302
80
146
102
34
153
190
188
74
383
91
235
472
504
261
110
186
439
353
254
251
272
214
19
471
139
433
229
142
173
165
242
200
327
26
8
146
412
435
82
23
24
441
477
439
327
205
392
66
112
126
180
458
133
196
418
188
138
244
444
96
369
181
108
498
458
238
9
408
233
117
337
254
147
449
157
52
281
257
36
217
362
261
422
164
84
99
80
58
6
327
86
177
279
428
489
201
28
361
27
281
412
57
39
168
120
253
40
496
84
369
189
287
94
239
178
29
341
372
154
239
144
401
503
179
10
293
44
87
222
68
79
414
120
432
220
454
267
173
17
451
450
71
265
196
115
212
32
238
283
29
85
475
69
243
445
161
107
186
377
241
505
27
371
401
473
44
409
189
477
430
372
443
13
112
178
18
267
341
207
312
385
154
167
424
219
116
147
77
466
315
425
0
201
438
231
404
181
227
456
405
367
233
305
279
271
488
461
401
223
233
142
370
82
94
196
352
330
100
189
104
264
200
415
326
233
401
102
349
239
235
475
402
443
303
327
168
51
1
175
193
58
139
274
162
250
293
187
112
287
432
409
503
185
256
428
119
437
273
303
34
472
219
51
195
247
503
426
263
475
329
451
329
437
162
454
382
6
284
286
74
470
12
113
497
398
111
75
355
475
308
182
136
120
26
286
283
368
357
217
471
292
74
304
218
27
361
64
405
235
14
100
209
313
162
413
467
502
174
91
195
90
123
180
254
43
280
114
277
279
244
236
469
41
474
273
137
110
46
388
284
267
201
471
105
445
220
240
383
143
399
109
24
165
289
57
8
159
304
505
111
422
194
8
46
427
221
436
508
113
277
414
167
405
198
342
72
286
489
245
132
57
144
457
417
65
429
442
156
142
21
65
83
5
257
179
88
225
305
174
173
346
140
239
248
104
38
173
186
208
354
179
74
489
220
78
237
422
308
166
12
277
193
215
140
8
382
201
191
356
122
279
22
489
83
258
197
78
95
463
406
165
459
246
315
102
401
31
69
475
398
137
206
331
230
452
167
11
72
262
233
321
283
0
449
135
153
330
302
231
90
176
424
191
356
22
476
474
401
233
432
86
284
56
398
505
214
461
389
154
175
472
398
168
90
499
297
284
273
141
451
145
16
165
352
1
150
284
172
466
75
75
142
237
232
481
269
131
194
428
278
263
286
353
119
195
130
258
10
2
45
311
149
462
472
141
260
14
112
189
62
184
328
142
139
383
505
179
118
105
414
163
329
98
149
503
105
343
440
438
407
284
397
119
165
78
352
18
383
204
210
229
431
234
490
111
438
155
373
115
216
226
273
219
476
98
114
142
29
456
419
502
450
194
175
181
39
100
122
237
16
143
249
191
68
135
256
279
206
47
479
484
33
327
189
457
298
192
252
108
374
433
22
397
304
416
479
315
371
430
201
166
337
179
473
223
267
275
292
201
278
145
262
225
436
170
256
123
176
250
96
183
486
326
352
309
414
92
257
39
113
94
306
432
23
11
454
370
230
203
443
406
219
489
245
157
83
251
417
189
274
26
426
431
175
266
394
226
21
7
478
42
230
463
348
366
21
350
277
180
260
92
241
246
22
505
458
100
330
474
487
472
214
392
308
457
441
367
488
241
297
162
96
3
140
442
226
277
367
15
329
105
1
447
337
91
304
58
409
22
332
29
12
68
486
283
105
372
135
265
488
115
222
221
196
194
280
4
21
173
455
422
263
0
295
285
55
115
7
94
280
207
255
259
44
185
162
224
161
216
320
279
280
115
247
13
168
133
205
154
169
308
417
213
356
493
429
59
186
4
45
100
102
11
266
475
250
504
154
17
143
237
460
80
78
234
471
329
331
330
61
484
236
48
455
296
420
325
370
106
21
248
136
507
394
151
252
446
0
310
271
254
25
349
307
172
288
418
58
371
244
375
291
24
152
451
44
131
450
316
154
397
240
194
269
279
256
299
43
41
190
219
413
168
479
123
276
41
71
345
450
42
27
332
140
238
104
508
33
10
124
440
196
57
217
106
434
61
148
163
227
302
49
245
245
446
273
169
96
488
37
78
254
289
139
94
209
456
496
4
209
200
200
283
19
237
392
189
69
420
116
411
407
231
4
224
12
398
286
452
440
229
484
88
302
251
487
225
217
216
316
275
124
219
122
231
139
124
272
138
140
129
282
129
434
308
428
267
11
46
415
121
426
27
508
33
14
118
228
374
279
1
386
263
143
243
401
467
175
139
501
372
501
36
423
212
468
144
24
46
445
151
175
185
370
24
216
85
328
263
35
452
165
210
425
206
102
0
398
443
18
267
368
221
56
216
352
490
370
43
24
81
33
270
371
104
46
503
505
256
224
162
281
62
264
263
105
501
200
181
30
401
414
281
37
87
146
165
139
457
429
200
97
456
271
212
84
178
177
154
455
19
240
13
47
277
473
426
347
140
276
278
279
44
469
398
143
96
297
372
323
217
133
190
408
2
303
55
364
37
224
157
57
38
41
221
426
424
282
441
113
268
225
15
508
456
43
132
53
219
502
305
421
145
252
466
308
30
269
152
312
38
175
48
383
280
311
338
431
193
211
209
147
264
484
454
149
133
272
136
501
294
93
484
138
59
138
168
193
185
443
309
302
196
433
246
270
204
241
107
473
140
314
366
257
243
405
202
446
448
44
240
459
466
360
65
207
420
60
205
150
470
210
421
325
440
247
162
457
308
495
268
25
76
37
250
34
89
232
403
329
438
476
12
208
136
240
80
212
176
112
451
214
166
64
20
477
115
97
443
74
64
201
23
68
371
153
202
286
38
172
370
165
465
459
223
80
116
196
407
279
246
150
100
280
270
219
267
200
15
383
489
211
53
118
40
31
282
309
26
170
185
116
208
7
414
403
191
167
389
31
264
268
419
454
420
10
93
15
238
103
368
59
108
1
397
5
30
193
216
392
475
184
61
24
113
68
349
414
308
286
281
305
454
165
243
7
316
125
436
472
161
201
184
207
343
418
16
274
141
446
251
299
137
480
237
181
437
304
403
505
18
58
172
125
94
255
367
63
180
317
421
50
182
107
493
469
383
334
53
412
108
153
329
42
398
255
230
473
114
37
373
399
449
100
474
261
249
29
407
243
445
447
456
421
366
22
74
364
230
94
414
273
37
429
448
56
259
51
403
104
419
126
120
467
331
19
439
29
94
98
163
186
42
29
175
174
123
71
417
373
41
476
230
491
456
51
178
141
475
39
23
283
75
169
190
225
198
213
340
214
403
111
104
246
366
169
208
424
153
414
177
501
383
270
94
473
212
365
241
307
316
334
249
427
269
373
295
16
160
200
165
135
66
240
175
244
38
107
330
461
372
281
401
265
154
187
136
415
80
392
74
472
42
55
282
398
122
473
250
459
212
467
457
208
431
142
460
166
161
465
297
229
478
431
95
195
30
12
433
182
153
401
340
505
154
173
475
443
424
442
459
104
71
310
327
475
118
34
268
115
188
76
310
209
326
148
445
466
140
99
117
15
446
182
178
429
164
124
143
194
196
74
8
124
194
89
465
442
285
371
325
488
12
199
237
445
291
196
435
168
465
219
34
159
207
150
451
142
143
153
443
337
291
52
339
305
347
211
22
64
123
153
424
191
181
264
457
417
232
443
131
488
239
487
241
366
4
93
327
229
173
185
105
233
2
153
311
452
112
237
431
357
298
464
471
96
482
239
174
200
472
284
100
165
367
29
440
20
196
383
12
472
473
208
462
489
486
18
136
40
184
31
438
46
215
486
172
411
161
50
58
278
349
475
403
246
372
462
456
380
53
212
213
19
407
246
235
87
407
312
472
53
297
398
442
506
496
468
195
173
295
494
442
345
196
353
293
369
366
32
368
302
508
277
166
280
314
97
501
314
114
297
279
399
447
220
268
169
34
428
452
310
280
182
78
483
235
293
360
145
264
18
277
316
173
127
249
406
94
432
233
13
261
407
51
228
39
297
68
142
120
140
502
160
161
417
25
485
202
193
109
216
434
470
44
446
402
165
176
167
255
23
77
112
425
312
195
293
401
182
372
17
441
249
196
53
325
170
171
98
201
254
18
106
502
100
42
111
481
191
295
323
195
312
95
180
278
212
115
183
150
269
274
54
138
145
236
387
58
431
188
280
435
486
91
99
18
474
480
72
12
470
14
240
199
105
112
37
347
61
217
95
242
113
23
173
478
252
174
176
312
351
114
256
389
304
199
292
471
117
129
302
403
103
457
226
99
170
279
412
100
170
94
129
166
370
434
180
475
151
365
482
142
437
113
159
408
102
169
427
46
438
160
321
205
221
30
264
49
251
231
445
13
326
13
191
11
439
78
476
88
308
408
72
93
505
95
248
117
159
488
281
298
242
175
223
191
151
216
232
461
297
21
89
286
130
396
82
242
195
260
214
83
160
274
2
9
21
100
425
309
275
47
470
262
40
44
302
507
217
281
22
199
33
12
280
398
243
304
227
62
208
234
121
80
357
416
76
15
229
121
311
229
254
61
42
170
434
68
153
270
74
243
30
46
42
301
160
330
487
198
220
223
182
480
64
235
428
110
292
185
476
154
121
278
217
171
303
475
321
19
156
230
256
45
160
256
370
330
58
211
158
74
472
462
107
17
255
447
19
467
84
424
126
337
15
401
159
370
382
356
466
185
470
487
394
218
454
411
305
459
261
447
203
285
413
478
403
270
58
179
136
432
434
503
313
493
330
334
234
18
224
194
46
122
163
173
482
65
428
36
507
456
465
141
499
100
349
310
388
33
182
30
17
435
114
203
101
334
487
232
75
135
170
136
191
321
480
288
78
447
212
464
71
120
234
161
117
29
44
402
379
505
155
471
450
63
470
110
292
397
269
494
305
463
479
18
311
194
263
399
494
21
72
130
219
368
499
45
346
278
434
69
144
184
146
18
290
106
496
159
191
240
127
93
506
154
105
238
61
69
125
26
430
480
113
162
331
457
177
161
92
416
140
12
42
283
95
455
53
94
171
36
315
34
97
219
210
211
55
329
469
427
424
146
233
431
150
144
369
415
401
426
163
104
393
303
383
466
500
458
490
58
206
401
378
174
506
366
31
441
394
156
335
60
221
497
355
462
271
179
487
75
6
383
99
30
20
420
265
307
261
249
59
484
306
94
15
433
29
251
334
415
506
457
403
116
329
275
278
165
367
142
498
455
349
155
454
308
415
182
16
443
221
80
472
304
201
348
493
155
4
376
488
14
432
197
426
94
230
368
429
403
199
248
450
469
37
225
209
462
184
434
448
468
239
174
352
407
68
30
410
49
426
191
4
266
23
249
266
66
403
195
52
321
33
172
58
201
288
273
71
326
206
425
10
10
249
24
295
126
180
215
269
79
161
424
508
32
280
487
501
417
259
194
397
461
422
302
169
136
35
175
242
393
468
401
171
32
453
5
470
196
51
62
29
457
469
186
320
72
253
27
154
327
371
389
73
294
239
129
417
128
138
449
169
235
16
388
409
108
63
195
159
507
279
77
452
216
224
253
305
196
153
441
321
486
97
425
185
10
89
484
295
193
195
310
105
75
322
166
221
97
431
198
36
68
187
222
18
231
230
454
48
395
97
169
117
380
238
104
174
487
488
154
268
274
114
35
9
441
65
481
434
43
327
33
324
327
401
451
441
206
237
443
294
101
128
127
399
368
434
458
472
99
61
316
69
12
87
412
252
292
492
22
473
17
286
488
313
251
384
245
113
465
125
462
145
394
69
193
247
369
147
394
188
256
373
237
479
42
222
467
447
117
187
286
508
186
171
454
441
285
13
491
163
23
367
213
422
268
202
14
489
218
40
37
246
18
325
13
447
152
475
476
108
148
277
78
432
27
207
458
474
13
219
290
397
121
488
193
229
39
245
88
276
93
500
257
350
414
98
219
77
300
13
334
394
117
57
489
154
370
141
174
197
379
223
412
399
216
217
281
151
199
274
4
154
223
459
299
135
8
226
413
459
278
373
58
12
197
126
414
278
479
38
413
49
100
241
161
457
452
201
226
312
97
75
188
412
237
90
143
382
399
52
382
409
38
450
176
438
505
474
298
32
297
306
474
476
2
86
302
271
279
457
145
432
259
255
46
244
108
305
93
223
442
451
465
125
177
462
11
196
408
39
229
116
451
378
95
187
65
102
428
168
84
225
206
60
382
370
146
187
13
373
373
94
188
199
183
29
138
54
284
160
203
443
442
219
440
20
111
190
166
62
464
480
104
30
302
411
180
59
505
126
183
197
447
249
123
251
401
500
264
455
38
366
343
12
337
135
231
172
42
187
210
0
201
311
213
104
325
480
355
62
389
31
477
190
186
402
330
450
275
218
65
302
498
13
137
38
198
397
427
13
301
148
4
216
5
221
223
266
37
119
418
96
17
191
174
465
285
213
348
268
416
422
157
259
436
161
278
383
106
172
420
119
437
28
371
169
392
7
183
145
370
100
199
455
407
116
489
194
136
396
179
274
41
38
475
305
82
409
174
474
0
144
115
80
168
143
117
95
378
456
325
392
315
169
459
265
407
428
94
129
479
383
85
154
275
246
395
269
206
110
368
117
68
472
401
292
256
353
75
422
380
494
222
160
216
281
272
4
477
313
54
331
121
304
414
11
443
164
231
257
55
223
478
11
214
225
125
453
278
408
116
451
291
464
31
212
80
232
482
246
87
457
107
139
488
173
140
402
421
92
113
141
224
468
74
78
442
172
174
432
119
6
401
139
144
398
466
68
436
366
101
498
317
53
397
26
446
320
48
80
139
104
193
383
156
467
110
249
18
334
392
317
113
222
7
452
502
492
352
282
282
41
112
7
69
504
465
239
13
445
301
216
366
347
452
216
87
76
187
17
137
186
99
256
124
95
10
69
45
212
458
308
31
72
464
397
302
302
455
457
272
343
203
327
267
440
216
190
73
249
225
33
188
273
38
476
31
132
474
469
116
435
197
486
279
66
426
133
272
53
330
389
346
68
471
381
212
4
285
167
349
448
488
265
454
276
416
15
162
399
477
457
5
498
29
291
481
265
283
426
264
479
248
306
97
290
503
223
481
242
127
38
213
48
17
376
96
373
215
161
187
114
83
154
414
412
225
153
240
439
113
430
256
172
107
487
247
191
416
154
420
16
318
225
431
251
245
105
1
366
26
442
264
453
500
439
83
433
486
462
69
328
356
237
374
241
475
41
35
59
225
56
399
152
430
357
463
122
285
442
172
285
367
466
196
373
313
381
190
427
38
229
60
394
29
274
216
401
227
38
257
370
233
442
97
424
161
76
288
414
431
112
484
429
14
426
504
301
312
151
16
328
507
67
116
330
58
463
159
398
53
142
299
450
479
31
475
307
53
463
305
423
83
458
467
501
69
466
445
162
274
252
333
148
201
200
240
285
213
105
141
414
53
162
98
380
12
390
398
229
72
251
17
391
272
337
501
121
219
349
10
472
223
191
359
241
441
165
286
439
245
191
221
2
154
438
472
113
277
223
33
174
460
411
463
507
41
25
59
139
50
372
29
100
410
385
163
276
501
117
268
88
261
43
476
185
212
460
438
172
189
94
396
122
507
144
431
475
92
357
469
303
297
191
447
359
203
138
213
201
177
43
434
112
451
201
413
188
68
282
53
508
243
427
54
162
39
474
235
216
480
496
276
11
449
121
148
303
63
359
120
277
285
455
455
271
183
311
387
315
505
275
448
166
47
314
219
322
230
465
12
120
58
284
256
219
182
303
225
280
439
416
178
151
438
431
487
13
297
372
268
483
261
228
293
199
284
283
61
306
60
398
252
362
89
411
145
172
74
68
306
269
465
154
239
95
481
68
200
33
240
429
94
448
19
171
315
488
417
39
501
222
254
232
257
465
325
19
32
185
318
104
225
435
283
153
162
59
456
14
479
249
74
424
461
39
401
233
141
227
505
51
310
187
270
499
100
163
179
407
180
120
169
92
200
331
454
124
384
239
316
21
462
369
191
350
136
472
434
276
14
424
232
194
212
365
401
77
219
249
358
166
412
224
481
232
0
114
281
243
136
160
229
342
54
93
459
83
346
4
100
160
402
462
180
177
238
230
388
105
406
83
127
408
113
244
137
216
305
165
505
99
30
259
475
431
179
139
307
392
299
26
57
327
494
212
146
484
273
373
77
35
72
74
505
290
56
437
278
75
302
294
306
453
41
235
41
328
123
80
107
208
6
52
219
206
110
154
476
464
90
293
498
414
95
402
429
6
267
94
109
366
482
290
284
473
211
249
254
418
198
94
292
191
397
417
403
172
427
214
501
421
417
209
480
420
59
21
308
432
475
176
80
326
497
217
191
154
102
295
95
259
155
353
505
503
45
425
305
228
279
504
266
44
21
181
392
201
170
129
112
200
138
72
425
487
221
73
474
469
350
198
488
10
75
71
372
160
393
469
35
191
225
47
403
48
74
202
306
27
20
320
449
8
338
270
106
132
19
61
258
135
397
407
286
227
265
110
20
426
385
260
33
452
403
120
175
428
188
302
13
94
117
211
424
326
118
14
37
169
276
303
156
196
186
489
392
93
466
193
51
40
228
452
105
287
162
328
383
74
57
116
7
75
2
327
261
106
427
450
467
18
502
114
182
383
45
436
429
320
80
14
293
303
243
242
70
214
166
436
50
49
265
89
124
310
462
14
29
410
120
205
85
197
186
32
439
52
142
455
279
59
181
19
37
432
371
98
159
372
48
154
287
256
266
192
176
169
259
228
208
349
464
269
28
314
397
163
113
110
142
134
345
397
161
18
96
468
158
446
116
248
506
173
415
488
218
291
94
462
475
239
194
253
311
126
486
452
458
382
453
175
426
150
129
147
309
27
47
464
204
159
206
394
280
328
188
242
339
130
266
229
248
311
503
456
186
221
303
101
447
488
373
119
221
292
120
471
369
150
246
427
301
69
414
497
230
163
251
171
251
484
308
59
439
27
487
111
121
347
30
115
184
413
194
411
161
72
6
441
278
455
334
275
175
499
267
230
29
326
200
420
505
15
75
366
250
458
58
285
301
497
409
18
315
4
190
21
440
412
398
24
435
349
442
272
57
216
206
202
183
45
501
4
154
407
448
451
69
34
74
303
243
463
465
451
415
467
288
357
129
32
117
408
368
245
454
372
375
49
95
255
492
408
325
33
451
96
201
503
161
210
134
140
450
105
487
112
46
454
413
441
291
169
84
90
394
489
300
85
161
72
344
38
12
467
251
508
31
452
243
147
426
479
152
508
504
502
91
39
13
210
58
199
489
0
473
219
207
89
108
176
503
226
453
382
405
193
449
389
72
305
294
258
77
292
130
413
327
238
442
233
441
119
65
454
49
39
474
408
280
466
65
311
65
113
248
149
159
196
488
72
8
278
208
84
442
116
105
26
73
46
388
41
219
198
205
439
195
360
288
27
181
126
207
456
32
56
23
433
166
302
367
408
505
389
296
62
31
29
174
150
464
231
133
450
122
379
76
63
451
185
168
483
155
144
457
397
93
470
137
398
414
154
392
21
56
119
194
216
218
159
413
397
29
20
42
211
12
294
495
6
456
39
182
307
74
189
34
267
98
370
97
113
69
452
15
187
226
488
230
31
177
197
272
484
476
196
457
95
94
42
160
279
12
231
480
437
184
200
435
411
385
474
118
197
451
14
243
68
12
161
27
261
424
200
75
189
449
294
451
415
20
481
77
458
208
319
329
182
108
107
403
141
184
238
153
452
122
409
481
18
238
279
155
325
370
61
274
415
138
436
104
503
470
165
403
408
383
362
352
382
283
432
221
473
280
181
321
493
235
478
32
453
472
498
474
118
398
85
294
193
392
302
474
258
45
218
474
199
15
73
72
413
58
222
283
92
352
139
27
382
368
315
66
237
431
479
442
174
167
22
219
142
194
139
470
425
289
226
104
72
38
308
225
475
31
75
31
111
105
45
72
228
39
59
32
154
137
272
272
52
397
93
16
420
106
217
397
61
185
117
308
191
376
483
457
178
196
196
180
12
195
273
211
389
458
288
457
138
452
429
120
69
389
117
480
12
176
155
306
121
100
133
389
48
94
404
15
286
11
487
269
181
16
123
304
254
267
225
434
309
328
438
195
397
38
436
210
346
446
507
421
308
461
60
502
290
462
298
226
508
19
268
262
21
239
68
266
83
102
175
444
189
369
370
184
210
62
212
225
177
150
411
19
430
129
116
488
459
256
42
30
13
269
252
245
430
306
294
122
212
307
170
422
326
191
243
219
403
215
115
353
58
53
284
92
464
157
479
75
196
292
12
301
309
469
291
310
15
463
122
433
434
223
332
275
488
64
142
209
274
399
234
166
285
38
443
73
89
336
288
38
439
25
415
28
427
65
75
75
413
241
232
423
246
117
68
368
31
16
12
407
283
280
179
180
268
74
58
94
443
292
345
468
102
215
369
158
240
91
148
169
99
57
98
112
494
111
74
155
198
0
149
7
325
368
477
486
207
507
434
130
349
242
253
63
402
215
99
468
330
229
30
279
38
186
251
380
198
402
161
35
71
264
239
325
167
17
235
63
387
212
403
251
154
326
129
136
18
241
453
271
224
299
112
392
31
223
232
314
253
25
227
389
302
55
477
226
397
43
425
464
169
205
97
23
507
184
243
435
301
194
289
187
76
17
332
165
90
275
401
236
309
69
93
267
286
69
423
141
213
201
284
12
303
142
376
92
237
127
488
151
400
216
466
202
286
69
95
474
399
267
126
494
392
73
241
294
51
402
65
201
407
245
470
162
372
33
506
368
81
103
243
338
119
99
105
26
273
247
417
151
10
283
263
454
140
414
6
426
475
430
466
125
182
153
219
407
14
161
422
99
34
97
223
118
95
266
160
434
221
266
201
59
130
33
325
401
146
279
339
430
139
461
250
458
428
166
310
143
13
168
95
305
144
477
401
465
281
161
38
225
236
280
285
42
477
302
446
417
279
193
216
287
122
471
215
292
173
199
297
387
421
334
39
96
334
292
367
105
446
308
472
198
489
21
156
503
164
187
281
118
144
424
425
247
236
137
150
437
138
20
249
450
459
89
182
474
498
167
411
225
460
157
13
14
13
408
438
392
59
61
43
474
193
206
297
370
41
352
238
135
52
140
432
412
224
488
445
369
67
170
239
334
308
430
458
476
97
506
7
352
200
482
69
31
106
180
223
307
199
373
174
12
241
135
382
493
263
19
282
77
382
170
219
196
10
245
124
150
110
296
452
104
33
470
501
21
280
397
269
498
301
69
143
141
199
141
245
457
502
102
208
15
369
206
264
489
34
271
177
74
163
184
237
482
209
231
500
470
135
237
7
336
193
4
393
309
147
219
226
67
7
352
256
21
321
304
227
264
452
100
140
198
200
189
150
140
405
208
166
40
440
52
461
193
198
17
52
304
47
126
258
16
22
189
288
237
277
7
350
164
161
456
110
232
17
423
456
30
314
95
120
479
507
180
196
372
433
1
116
225
242
1
82
404
428
444
102
149
171
223
292
138
221
432
213
308
390
252
164
226
219
286
506
475
385
366
102
126
90
475
474
170
159
463
232
229
38
281
140
350
439
507
283
88
140
466
132
147
334
436
207
203
461
116
337
359
457
239
428
325
438
246
141
338
401
155
63
256
327
428
370
33
181
39
75
156
358
35
223
375
77
52
256
475
195
110
199
13
59
306
338
121
236
261
316
173
102
117
436
86
37
133
449
30
421
165
454
114
198
11
115
224
216
186
158
90
21
225
168
308
446
197
257
57
459
102
438
213
153
306
436
4
466
24
190
170
0
357
156
45
269
60
227
84
25
180
167
169
369
12
251
131
250
495
160
40
221
124
160
18
17
226
2
224
193
470
492
156
293
459
467
22
262
189
403
159
20
68
65
383
308
308
42
306
477
256
104
161
451
348
217
291
80
12
497
158
98
65
94
178
210
160
104
30
455
39
138
459
154
312
207
201
224
217
417
121
200
34
36
4
27
84
441
14
273
17
304
274
244
145
473
164
379
217
42
112
280
474
311
426
65
91
223
155
225
270
90
200
136
177
456
313
298
112
146
263
54
18
172
502
64
489
141
288
304
100
402
14
193
4
60
399
127
419
421
7
231
457
1
475
411
159
443
489
291
139
83
243
269
84
474
367
150
508
149
61
253
178
25
184
135
69
110
20
28
48
365
117
349
386
34
278
120
56
229
211
120
182
115
160
246
431
465
178
27
188
243
212
51
157
15
174
132
503
194
117
135
231
171
35
127
180
433
343
485
488
300
142
59
161
140
88
112
397
65
393
292
100
453
168
238
360
451
195
387
191
53
193
56
285
175
263
49
258
10
372
382
75
439
117
173
12
213
336
189
157
14
107
462
159
260
39
321
186
208
270
420
279
156
368
222
489
15
78
297
457
182
269
177
279
33
463
312
265
155
25
286
439
135
206
98
15
62
153
373
150
487
98
152
92
161
455
159
31
81
428
207
114
139
56
101
312
397
4
262
75
253
122
45
416
51
42
484
122
201
288
347
446
306
217
244
139
47
503
412
120
205
43
420
34
471
465
10
137
243
418
445
36
204
257
274
497
198
200
295
415
498
93
137
159
503
499
210
246
179
227
31
448
303
32
63
413
252
10
313
362
221
146
12
382
238
116
265
58
149
450
309
216
117
476
36
268
299
217
98
74
78
94
239
68
247
166
277
19
309
437
210
98
214
261
260
44
370
195
254
104
106
169
175
153
170
225
103
18
177
6
196
300
262
222
36
357
254
145
184
17
449
153
242
162
327
138
481
238
107
148
34
238
436
102
121
174
477
191
33
133
259
16
37
456
395
421
20
368
366
477
140
117
356
200
340
113
166
254
242
235
234
19
171
190
94
58
285
443
256
383
47
278
219
139
504
307
232
221
35
154
117
73
210
481
475
157
148
456
1
320
141
75
175
30
203
207
329
140
125
80
231
294
20
424
211
208
397
57
155
107
294
458
14
346
256
301
232
476
80
77
330
78
283
37
463
190
473
309
358
54
415
191
135
414
388
265
393
61
150
32
123
1
120
488
403
421
206
36
313
113
250
65
150
153
209
276
15
177
486
163
373
396
308
444
195
156
241
92
226
470
494
64
433
236
18
142
199
90
281
154
28
507
80
138
102
474
459
240
165
149
430
31
75
57
420
33
58
299
427
215
201
233
192
336
123
118
448
160
306
366
212
496
232
19
204
430
212
403
173
37
370
135
238
327
75
83
14
177
506
182
389
188
137
138
290
103
219
138
224
277
12
286
447
196
481
145
200
245
307
4
118
177
459
133
95
112
435
101
214
260
182
257
298
34
502
254
432
480
164
359
436
254
172
44
30
22
443
283
417
481
191
261
225
117
208
298
499
239
200
240
17
53
185
207
0
403
206
152
121
450
265
200
12
457
421
349
210
48
368
291
212
224
370
148
93
42
288
411
121
4
439
210
190
16
158
30
6
445
138
242
124
193
56
280
259
159
243
122
362
65
428
193
195
451
473
112
367
40
335
463
293
276
126
421
342
315
316
430
8
169
464
153
235
439
166
246
27
38
436
415
429
414
300
300
441
292
312
344
149
168
122
30
293
120
45
49
482
142
440
110
65
42
211
139
160
506
65
32
393
326
250
416
64
68
485
219
220
246
15
36
42
151
171
395
96
369
30
212
283
104
485
94
508
196
294
349
376
443
316
177
25
448
226
292
83
137
259
422
328
209
284
286
104
150
470
269
62
279
19
32
228
213
242
161
286
485
397
167
280
297
19
467
131
249
312
115
208
442
464
214
222
98
154
455
431
453
255
460
479
38
177
200
272
397
452
269
483
456
161
253
323
272
116
355
218
182
253
176
59
42
485
69
110
12
258
98
458
105
457
20
173
389
288
133
182
3
386
221
176
69
210
291
122
47
159
330
52
195
506
95
112
200
433
105
239
373
2
427
40
437
373
171
477
235
27
139
166
196
488
135
113
480
216
269
408
33
31
370
284
141
447
180
154
269
505
411
385
236
118
14
251
432
52
251
193
242
493
372
178
167
175
89
347
326
26
267
248
37
489
72
498
193
206
465
288
53
373
31
330
215
320
283
77
119
464
41
406
317
95
150
206
395
196
294
243
483
274
348
242
84
448
143
139
277
170
343
437
418
434
21
278
441
168
91
33
368
133
122
90
25
208
394
72
288
195
407
137
78
234
171
39
87
76
480
68
295
477
466
140
34
200
149
22
292
243
35
255
162
154
308
61
72
160
146
74
221
169
27
183
471
102
498
483
228
152
42
122
148
224
41
199
449
412
139
98
353
81
189
107
450
162
64
158
419
449
75
451
451
382
461
436
122
20
502
238
131
0
392
362
417
191
293
478
231
45
114
180
74
155
15
182
136
19
370
22
456
218
443
327
397
100
227
116
506
34
327
135
232
219
280
502
7
428
362
106
352
465
15
0
121
182
140
18
464
243
52
270
325
72
258
63
222
34
464
439
170
447
474
100
140
176
195
192
36
63
43
13
415
99
20
141
323
243
72
222
383
193
467
30
414
121
324
314
131
279
88
122
72
209
160
175
505
278
231
138
432
355
500
421
432
405
107
339
53
406
135
214
135
223
170
148
422
279
423
459
397
138
284
145
455
284
434
123
213
220
302
187
77
403
218
210
40
210
480
117
236
204
418
449
19
314
62
65
479
450
233
493
389
78
80
506
463
186
65
275
115
245
385
4
229
71
457
434
22
293
237
472
94
117
327
251
33
167
233
449
308
188
14
326
74
447
175
281
435
319
154
39
13
140
450
252
488
160
428
230
199
466
297
404
199
207
142
102
177
445
462
6
467
423
402
383
23
131
361
375
476
401
487
172
349
257
191
211
142
155
5
249
145
174
42
466
308
465
94
454
378
329
490
462
192
301
189
465
222
366
170
68
188
241
330
115
2
12
69
309
55
452
393
248
484
93
483
94
173
137
469
31
206
452
441
234
329
468
70
112
216
226
299
126
18
169
25
129
80
132
258
18
174
181
399
26
100
181
64
187
265
238
215
264
277
112
21
53
106
222
220
205
295
199
459
307
214
471
226
219
401
153
213
153
214
296
239
120
104
49
56
477
455
344
136
482
8
86
254
224
368
445
416
352
413
372
193
126
478
430
94
2
185
349
456
508
167
226
367
154
91
280
421
284
52
483
502
334
310
244
12
215
161
98
293
487
432
54
475
72
37
305
182
263
44
299
390
190
316
93
177
310
65
457
262
172
245
265
198
51
116
27
227
15
229
472
59
154
73
84
443
391
11
148
209
414
123
417
95
357
55
218
246
420
459
25
389
194
498
75
113
356
368
223
163
312
499
213
368
404
314
149
269
442
312
292
135
272
442
417
257
63
140
159
100
83
20
381
63
202
53
7
169
463
34
59
154
275
463
29
85
81
252
209
35
13
10
118
22
365
37
152
283
372
35
243
393
84
272
247
50
140
430
39
73
369
452
348
501
117
308
79
49
325
394
184
443
114
256
155
445
33
297
490
179
112
141
45
154
335
20
135
475
104
147
109
414
75
117
445
460
403
373
65
476
268
78
299
120
190
175
437
231
92
262
324
159
24
297
114
38
187
249
439
344
95
73
351
47
114
288
488
250
176
420
106
371
301
98
502
310
263
18
180
492
24
330
131
312
269
166
13
461
428
399
102
152
30
422
457
406
208
146
219
427
82
456
398
299
101
413
206
145
116
114
303
181
304
14
270
17
139
0
50
176
396
178
191
247
182
29
114
36
201
472
170
243
152
12
190
52
118
288
258
441
11
208
479
276
13
303
37
199
255
449
102
250
197
99
203
217
243
78
477
295
361
244
43
307
219
228
184
8
476
185
2
96
434
41
342
255
451
334
455
277
160
275
268
163
12
308
27
412
277
74
208
430
245
498
223
30
431
97
401
46
214
145
277
37
91
37
47
319
237
397
464
490
100
443
487
181
330
23
97
421
256
241
71
16
462
229
161
264
115
428
237
200
487
219
489
388
239
137
7
69
393
238
255
12
456
16
442
50
482
173
40
409
471
30
61
153
349
184
16
280
232
215
372
411
507
159
274
212
190
136
56
193
191
57
264
482
481
34
45
302
374
366
452
452
228
93
450
487
194
81
223
160
182
97
474
208
143
97
111
381
151
346
37
311
38
280
98
99
114
102
227
284
268
78
361
131
498
12
437
149
194
74
24
244
271
423
273
71
60
74
136
158
120
271
187
474
210
95
192
301
235
314
168
498
138
234
123
198
257
446
61
245
331
218
63
25
117
156
205
304
34
104
289
362
462
448
189
497
116
217
313
4
133
22
74
180
417
114
20
474
12
213
239
240
207
330
20
297
159
280
49
166
245
46
260
138
104
433
141
214
171
428
67
199
145
180
38
184
13
275
449
23
327
4
280
137
221
223
121
207
246
407
133
38
102
81
102
326
411
459
309
34
141
238
447
254
349
43
370
279
502
221
489
33
133
16
107
489
236
53
335
409
306
262
431
477
238
245
426
456
63
1
470
167
190
485
1
11
57
98
268
213
456
32
117
193
223
407
259
434
124
328
243
415
321
292
209
60
465
428
372
24
466
19
100
507
352
217
31
246
39
141
1
36
329
295
15
147
255
267
223
503
211
213
422
247
177
355
297
409
76
122
192
286
177
506
269
217
4
398
454
186
172
46
190
434
507
301
285
74
436
210
145
426
20
419
154
220
312
497
19
159
26
184
171
487
461
175
239
147
394
146
36
135
262
163
128
217
487
183
501
201
413
241
276
117
212
16
276
329
282
42
215
319
191
268
278
38
93
221
260
308
294
257
240
190
95
307
450
398
31
245
283
443
429
398
113
257
394
164
29
25
487
144
438
95
268
437
167
23
176
257
399
23
151
217
145
22
481
245
8
38
155
141
245
467
244
227
160
116
229
56
471
6
178
258
76
271
222
222
97
208
357
372
341
30
438
182
200
351
254
457
328
402
442
40
475
401
327
214
94
474
149
375
436
256
8
185
19
460
239
68
176
436
15
163
211
462
436
304
135
351
42
68
268
383
187
274
413
157
315
277
308
495
235
198
280
104
79
202
251
454
122
1
295
249
80
289
231
342
51
51
137
312
250
42
459
389
208
83
301
136
63
74
51
208
200
257
156
488
178
138
69
245
357
29
175
168
120
303
139
176
326
356
17
473
328
434
208
30
415
363
4
229
209
175
419
95
447
329
120
462
119
266
465
93
189
284
201
390
102
243
104
99
45
30
59
33
359
65
68
434
124
221
229
212
504
117
217
450
117
433
208
4
229
378
237
348
174
206
148
95
109
58
505
107
149
200
48
184
308
404
144
191
300
178
189
478
44
52
68
225
10
86
140
489
277
206
329
437
237
168
6
364
202
303
475
219
370
169
194
167
155
99
159
372
269
117
253
236
29
419
83
429
156
161
286
306
170
29
228
114
325
302
216
298
508
286
169
241
369
41
123
92
236
461
243
393
120
447
325
466
183
392
360
364
277
18
30
349
162
37
280
172
171
438
251
335
485
140
200
341
484
120
372
68
82
6
370
159
133
91
115
226
273
288
37
236
96
18
260
194
370
159
420
25
484
72
94
402
458
89
466
39
155
286
25
50
142
23
264
112
228
59
126
137
366
291
177
19
44
52
13
152
226
100
29
198
254
503
406
306
92
170
273
180
175
14
166
163
14
102
64
122
150
330
161
102
263
372
29
146
13
164
437
356
216
143
238
200
163
30
116
483
474
51
327
482
166
199
16
75
178
295
424
40
179
237
52
480
329
35
216
153
390
45
382
475
13
225
166
282
116
497
61
409
29
70
401
441
392
77
201
164
88
474
464
433
315
267
38
327
337
33
274
421
155
203
272
277
176
407
153
27
305
99
201
339
52
216
233
442
177
156
166
59
350
274
167
477
25
190
4
133
33
107
267
453
398
408
394
142
228
158
178
471
19
169
105
65
470
4
98
334
224
62
281
9
142
265
114
77
447
11
161
52
442
135
11
144
263
458
45
136
132
244
422
277
302
348
480
288
135
462
231
501
106
90
505
282
426
162
346
72
138
48
224
472
14
98
295
269
49
245
13
258
22
106
23
210
113
172
165
256
206
216
189
400
194
81
302
96
266
454
157
124
302
143
2
251
477
451
368
144
214
191
444
146
98
23
482
174
58
254
96
94
135
150
176
21
438
210
69
162
91
72
206
476
155
120
283
278
229
370
480
61
169
454
393
259
308
242
109
219
220
100
124
187
247
188
265
20
248
132
229
73
164
100
303
27
320
26
24
227
337
110
118
34
39
270
201
302
472
311
147
469
60
279
206
74
303
273
349
467
236
129
401
2
40
84
369
452
346
451
451
476
215
226
250
180
207
257
503
172
116
188
324
503
218
407
286
497
441
394
26
139
42
345
201
214
43
352
504
107
300
417
120
478
23
141
250
87
274
80
212
226
411
229
176
46
277
202
475
161
301
43
435
434
188
371
330
132
17
246
428
409
428
104
220
460
181
206
253
247
489
119
59
497
223
21
465
150
186
8
246
99
130
44
341
221
447
21
271
178
227
22
337
143
369
11
255
93
440
325
436
256
123
242
430
113
133
254
170
21
225
201
68
60
314
486
372
377
198
196
219
247
316
37
486
269
262
205
185
131
10
405
213
168
242
428
392
287
193
151
153
75
448
199
159
15
225
498
147
58
365
48
415
461
162
37
229
470
52
367
313
20
469
132
245
69
225
296
188
245
181
329
36
30
195
301
394
187
146
475
191
193
306
17
80
163
426
283
278
308
446
75
33
14
275
274
230
64
183
15
102
227
12
352
15
451
296
208
185
65
138
288
107
12
354
183
39
230
166
31
329
477
289
339
422
16
86
172
284
73
154
83
27
229
239
199
240
415
406
216
158
384
216
145
133
102
61
105
179
331
496
470
277
124
356
283
367
187
120
202
330
162
390
84
201
453
62
72
78
290
431
283
304
247
24
430
313
329
228
230
117
12
270
168
181
19
273
142
412
222
225
263
273
246
13
87
109
316
427
73
99
224
407
34
194
118
356
492
98
488
453
475
254
416
369
445
18
253
439
136
78
412
265
246
433
494
43
306
481
200
466
55
21
174
96
503
209
445
162
213
506
410
1
21
417
243
451
140
105
154
18
94
84
99
272
402
153
179
151
114
441
125
166
107
259
138
22
452
34
91
145
198
106
176
48
487
7
81
24
71
228
84
248
154
414
40
152
296
214
110
432
12
466
92
48
478
142
266
163
474
29
304
26
33
94
261
99
436
138
266
31
100
230
10
151
162
307
40
401
183
104
270
177
370
115
502
139
72
50
88
326
6
202
369
306
40
42
78
90
492
185
320
187
157
140
69
431
15
508
187
217
455
475
216
300
414
236
193
469
502
96
111
75
227
276
257
474
487
1
385
308
331
33
433
477
428
479
286
159
452
116
166
71
235
138
290
499
27
458
463
200
43
149
12
172
110
497
272
302
433
10
146
84
392
150
119
346
210
16
429
25
438
117
177
277
24
199
246
210
169
412
19
188
282
272
451
74
289
216
197
124
61
54
245
13
133
37
154
482
21
193
29
397
53
264
116
84
153
241
213
15
236
239
195
40
326
223
223
211
237
308
16
254
500
461
141
1
89
247
107
391
44
89
240
69
177
349
19
256
8
476
211
107
426
428
18
94
463
42
82
190
184
106
102
458
52
373
48
4
39
177
44
28
195
505
27
208
41
77
270
247
181
80
343
6
349
494
224
33
215
263
43
116
244
147
198
34
438
30
120
474
432
474
165
7
262
20
135
497
83
196
452
487
472
189
83
414
469
91
183
97
170
475
156
433
250
246
214
8
94
497
466
352
11
7
219
255
430
39
198
137
436
104
259
498
8
226
30
141
225
36
27
421
71
22
266
261
467
39
142
143
502
376
463
220
31
341
494
403
275
56
377
277
151
164
27
246
463
139
440
464
46
459
49
245
58
72
415
495
221
480
205
314
255
377
194
382
219
232
319
152
434
501
70
225
168
485
326
408
21
282
28
77
195
145
424
383
417
478
189
216
215
199
331
196
77
242
352
75
497
6
8
44
22
69
147
245
124
453
493
246
283
336
466
178
213
12
225
187
27
27
286
480
168
23
135
469
19
307
218
454
262
15
11
228
72
184
313
328
201
257
334
206
200
493
161
145
65
446
155
466
174
131
436
502
45
96
187
68
196
23
212
139
177
214
452
153
407
103
276
204
393
29
74
254
256
484
89
103
212
170
141
394
105
170
308
271
159
282
10
368
508
10
312
230
43
279
27
31
7
488
102
106
185
349
368
238
137
124
50
472
93
8
135
222
1
459
426
138
245
1
246
48
15
189
184
185
470
428
306
64
174
369
421
435
453
10
373
224
485
64
246
128
396
181
314
237
486
4
504
454
304
108
402
262
42
59
77
293
187
284
389
156
266
279
301
462
138
208
506
153
68
122
434
220
27
448
442
470
230
108
160
432
26
27
243
211
208
230
73
220
196
141
102
199
36
451
206
102
317
508
107
426
34
330
393
407
171
48
331
172
457
198
214
352
156
132
38
418
201
193
176
18
268
59
425
457
28
102
236
202
338
90
371
89
257
304
173
10
276
445
409
293
252
297
419
31
277
154
308
430
429
166
117
162
99
453
373
35
50
175
447
277
164
20
152
42
139
88
63
297
25
232
368
484
135
241
13
469
100
369
44
446
448
25
492
242
29
44
501
297
474
225
433
73
122
20
438
183
210
487
248
353
6
348
116
407
119
470
287
38
208
141
99
372
71
498
439
55
224
158
99
287
24
453
100
102
95
460
246
130
439
268
280
158
284
112
159
255
72
50
20
10
71
310
233
257
174
113
508
133
212
437
406
60
218
183
441
207
296
246
116
417
90
74
289
457
16
4
450
245
163
49
27
122
238
175
89
299
460
301
138
250
331
168
208
153
13
22
80
506
107
30
81
148
198
239
38
372
214
230
225
193
183
352
291
289
169
115
117
506
180
270
176
22
273
204
97
440
477
400
87
154
165
127
167
360
182
339
286
150
133
153
29
441
293
27
353
35
207
117
73
274
45
198
429
13
157
247
144
147
219
211
223
424
12
72
21
327
105
446
149
503
442
299
307
471
207
459
508
74
287
297
156
271
274
162
221
209
19
452
473
365
418
231
193
122
169
449
27
496
204
95
224
32
436
480
14
236
98
428
147
192
303
174
206
313
304
0
123
154
23
450
210
285
266
432
436
215
471
324
247
388
394
370
224
135
162
425
69
181
91
480
481
105
326
487
37
461
216
7
69
373
460
234
150
208
275
52
296
38
61
118
227
337
396
222
9
303
4
52
253
426
20
308
501
397
269
40
474
104
161
281
16
156
26
465
494
194
189
4
328
186
92
141
203
246
429
328
369
112
116
244
451
96
198
4
44
304
72
2
226
458
298
401
259
273
201
489
139
199
130
0
176
156
266
132
139
38
409
220
432
34
156
191
90
475
280
8
137
295
372
19
237
349
219
188
178
296
459
224
292
30
255
507
164
413
57
484
199
199
46
6
139
37
415
268
506
34
185
104
8
158
177
37
140
36
1
463
95
221
204
88
6
173
95
172
366
147
80
211
328
443
73
466
140
83
316
315
410
108
249
408
129
185
247
168
55
198
161
428
355
121
175
290
384
88
110
63
188
225
326
433
200
237
212
118
114
245
20
384
69
459
242
315
52
355
132
19
497
307
123
229
212
265
312
12
363
176
102
27
32
204
194
251
104
459
438
202
217
220
207
383
266
330
168
73
219
259
300
31
176
454
93
477
431
449
114
126
223
139
265
136
313
367
75
129
358
486
254
73
407
64
153
260
372
89
487
262
392
481
489
139
141
374
135
56
170
54
170
233
484
239
477
105
438
39
229
114
139
283
31
96
94
82
506
480
170
97
214
178
178
189
455
430
92
207
142
261
463
18
459
327
67
206
175
135
468
148
382
498
154
14
175
330
290
230
475
35
329
405
251
232
238
383
102
284
234
146
232
29
310
18
228
505
11
486
507
271
198
177
105
103
2
310
208
453
155
476
314
225
72
452
87
94
279
236
83
308
264
328
224
7
306
168
146
227
201
433
108
216
86
145
46
326
352
210
148
394
472
84
481
242
155
302
58
408
120
331
142
243
58
488
239
296
84
253
178
495
389
398
407
187
112
397
250
229
154
265
46
438
52
154
253
168
61
99
78
501
464
322
454
116
234
206
451
42
363
100
100
14
89
75
224
168
192
219
91
376
445
131
222
145
215
417
119
106
22
195
300
273
403
452
225
253
19
64
131
213
460
19
325
47
137
104
243
409
286
414
326
226
454
250
269
82
126
48
439
499
63
371
41
152
286
182
435
18
76
308
254
44
204
208
257
430
277
336
416
263
90
42
443
164
457
113
396
180
367
206
267
203
95
71
160
327
143
261
382
159
269
0
485
35
38
258
294
69
271
215
315
278
49
128
106
19
122
27
295
469
392
197
310
4
225
357
496
210
407
230
454
77
95
339
216
117
308
492
296
193
276
336
153
286
98
35
149
241
373
52
448
33
11
264
426
483
46
475
384
160
503
305
286
44
131
97
443
45
142
4
297
312
134
21
470
435
243
331
206
65
260
4
297
501
216
300
222
34
238
163
440
209
504
91
368
201
466
444
375
294
508
432
286
392
140
92
73
156
393
454
4
387
288
487
300
254
178
160
249
124
146
52
495
74
97
149
12
305
175
100
49
399
455
104
86
94
89
351
451
340
398
3
10
128
504
260
452
90
268
104
26
120
339
445
188
116
184
115
139
39
406
263
133
72
10
388
188
215
224
182
49
485
21
153
162
265
255
265
428
58
57
0
188
185
125
401
38
124
222
187
454
326
105
21
47
119
116
284
99
267
502
189
230
164
79
3
239
186
63
53
507
473
389
144
174
25
433
474
205
458
426
199
73
157
51
68
80
508
429
20
144
38
206
35
97
398
397
327
460
432
421
432
267
41
171
235
4
216
102
153
457
130
233
8
141
197
159
231
482
55
42
133
337
468
161
321
243
219
176
289
68
259
27
7
446
164
31
44
295
279
96
231
492
218
486
462
239
26
293
176
17
230
413
450
104
44
450
228
456
253
63
459
426
186
200
290
97
506
357
19
296
31
452
190
41
157
116
75
450
117
408
80
13
34
207
443
475
10
287
167
2
130
115
294
14
461
19
283
325
14
227
389
503
40
35
74
286
168
182
41
329
58
242
74
248
202
267
286
314
213
400
278
69
411
48
368
29
251
33
270
156
470
26
464
52
110
436
124
342
267
176
467
171
182
173
413
137
366
308
229
464
277
303
455
233
85
147
14
309
159
253
84
266
6
173
157
92
192
349
91
16
1
250
190
440
326
452
436
242
487
128
34
361
115
431
15
195
306
369
176
75
270
218
40
113
272
371
464
193
161
51
147
144
413
143
465
198
69
503
349
159
147
26
105
223
135
23
428
141
72
411
331
313
442
506
82
30
452
87
180
190
222
257
138
24
250
196
202
213
465
161
443
114
249
256
59
352
246
161
67
80
498
8
11
138
195
355
454
325
35
466
98
450
502
201
415
140
110
452
214
324
7
207
154
222
33
190
19
151
366
422
4
459
203
455
92
229
156
189
303
239
272
462
189
228
185
137
219
121
327
346
32
165
216
5
216
13
460
437
357
447
277
54
144
0
476
124
172
281
86
219
144
25
242
409
436
155
201
19
281
394
160
178
262
14
408
326
452
223
279
464
271
436
231
486
127
278
408
165
97
242
199
395
221
72
148
398
255
314
24
151
120
315
504
361
119
46
25
285
116
501
417
195
7
86
142
36
481
149
161
290
21
246
7
306
78
198
304
113
253
84
402
10
302
471
153
118
256
11
367
455
239
56
437
200
57
270
128
331
76
462
430
165
398
271
17
139
196
55
376
453
381
105
421
72
168
135
225
44
151
50
139
213
11
123
135
26
315
329
117
41
244
201
35
262
305
422
140
302
14
107
34
124
109
206
242
131
447
393
371
220
113
108
129
270
437
407
51
206
213
209
392
303
469
42
164
459
188
119
479
46
188
224
269
221
427
113
315
197
448
202
27
505
222
179
246
169
331
274
220
401
329
194
23
309
230
2
438
379
130
7
117
279
124
100
283
73
95
401
169
311
2
414
479
121
240
155
346
30
401
89
72
75
22
476
225
286
452
186
241
188
117
37
468
4
2
282
61
61
45
299
485
237
164
152
393
226
402
169
113
48
12
38
72
8
278
197
184
446
450
475
281
53
141
343
445
16
163
120
140
30
2
331
437
146
283
107
187
75
43
236
17
140
119
440
72
75
480
170
89
135
506
437
17
169
329
303
368
302
213
259
277
445
473
429
472
74
201
103
471
63
489
473
37
426
347
169
177
505
326
326
0
445
124
304
29
259
122
286
154
250
78
36
473
265
482
286
286
182
265
45
1
94
468
191
99
201
284
20
227
402
214
316
272
231
351
389
154
129
413
19
454
293
151
104
319
368
166
262
476
489
308
55
91
457
504
327
19
93
427
241
478
105
507
44
50
177
186
503
372
465
230
474
325
466
114
29
205
52
302
331
452
23
416
182
256
219
309
153
100
454
183
202
86
259
14
60
198
15
157
286
434
177
264
33
399
203
249
100
20
370
505
250
106
157
18
256
77
327
152
160
424
94
283
264
212
234
467
177
504
1
285
180
479
348
227
102
31
114
139
86
350
388
185
233
207
330
234
409
22
78
489
388
487
435
80
302
189
4
144
482
24
173
106
233
447
190
415
398
194
115
195
464
209
22
243
198
181
103
442
6
108
226
41
171
279
506
186
433
280
224
98
263
170
461
167
17
467
42
147
195
166
87
196
242
393
148
368
73
175
45
309
254
372
52
307
113
22
153
391
311
82
60
414
372
407
261
195
427
243
171
383
245
123
269
314
478
311
491
201
20
417
264
161
95
133
286
457
105
403
142
297
268
366
187
502
308
182
318
462
176
239
272
328
275
195
415
3
0
153
464
399
18
474
216
160
198
6
108
94
251
418
438
221
247
473
0
366
225
326
212
484
480
461
225
371
151
383
80
506
176
18
174
248
160
242
252
457
359
284
209
27
22
78
156
25
330
175
72
381
96
13
19
160
129
222
469
173
268
119
470
331
131
229
104
492
226
501
123
430
4
113
267
403
196
435
434
176
112
72
10
489
425
390
303
210
23
413
72
372
291
168
457
432
306
466
12
246
140
228
237
388
278
162
165
451
167
217
287
69
229
235
271
149
219
471
189
413
18
111
41
207
202
209
69
59
57
46
373
37
426
471
195
409
182
129
92
441
491
175
312
279
230
8
145
445
147
232
180
204
204
317
65
194
443
466
370
97
54
189
385
454
313
122
55
33
210
211
404
283
191
283
291
343
464
214
32
473
49
280
443
162
303
287
32
375
330
471
109
404
49
117
39
59
76
229
449
27
294
197
461
56
83
417
169
17
241
63
208
29
277
473
276
243
30
201
47
211
418
362
432
77
175
307
186
15
392
446
25
141
415
182
356
116
303
489
16
398
89
138
292
163
414
40
427
314
251
173
488
463
454
295
250
53
142
65
279
275
312
65
23
11
150
420
117
456
301
118
166
165
481
462
392
30
230
83
103
256
189
198
260
415
406
424
330
119
36
37
94
137
455
46
460
164
258
63
71
212
177
298
56
240
437
138
182
470
417
158
24
281
459
97
153
90
447
112
257
284
172
458
271
419
37
294
505
180
109
273
325
189
297
213
489
84
238
159
465
280
370
457
80
122
74
280
454
156
495
217
21
166
176
473
237
233
436
97
293
198
218
456
505
40
93
136
307
104
250
148
464
165
20
478
293
209
47
64
403
304
260
403
504
12
156
91
503
246
159
241
188
57
112
74
24
445
13
52
23
92
219
39
473
248
205
471
293
64
50
12
503
492
238
204
142
411
77
140
183
428
13
183
129
39
64
145
418
82
425
14
209
72
272
211
119
503
317
263
338
225
102
112
141
437
120
330
282
315
472
55
163
327
114
230
215
153
231
458
370
119
230
139
271
285
261
447
339
449
68
471
7
460
254
10
176
54
70
68
21
60
448
251
214
142
239
62
63
17
0
230
155
16
224
16
326
284
369
162
235
153
175
44
149
145
502
133
478
63
39
459
228
172
508
337
238
401
426
32
43
133
397
256
16
398
198
12
351
276
234
444
432
102
148
161
94
454
0
207
218
129
1
270
465
219
241
29
469
285
421
52
248
46
78
472
39
327
207
15
457
115
454
292
83
26
139
217
243
37
210
102
104
213
478
1
330
142
424
213
148
399
428
105
260
120
352
449
199
239
167
17
177
505
456
370
240
162
283
32
258
330
483
17
46
228
386
394
327
52
31
162
137
12
153
74
133
158
62
97
467
155
456
74
19
351
477
209
456
419
93
449
273
6
169
168
221
138
409
100
150
486
84
27
143
419
349
102
382
247
438
212
326
488
183
419
329
409
329
78
145
366
171
217
93
277
140
186
87
450
143
307
231
173
242
159
139
497
268
194
233
502
1
236
217
198
466
57
121
37
68
87
27
27
295
416
254
170
438
435
241
280
38
95
333
467
23
501
113
201
244
176
280
280
341
44
469
90
162
170
59
327
314
407
30
156
193
489
270
204
218
283
210
277
83
429
454
159
328
122
354
146
407
215
57
137
11
204
283
0
215
181
252
52
105
195
141
47
439
317
74
195
433
232
156
97
7
292
139
502
77
356
8
239
383
202
296
220
439
397
457
47
237
288
80
14
153
198
267
198
388
250
457
19
443
204
18
63
32
206
194
246
457
132
50
150
190
261
451
121
112
114
167
80
312
306
304
243
315
137
168
179
126
397
458
408
477
54
463
96
187
283
178
229
419
153
450
75
29
486
388
227
165
72
34
77
358
438
398
165
115
63
87
256
262
99
41
51
69
242
12
24
206
207
468
21
144
105
199
302
391
221
502
425
201
182
175
219
408
470
196
334
193
122
313
359
301
105
287
216
58
31
139
209
406
92
222
196
157
98
198
117
450
194
174
275
13
33
69
21
408
505
431
41
220
168
473
461
62
484
472
329
168
169
43
204
443
290
508
267
75
282
235
26
63
256
316
213
54
279
61
329
55
156
205
438
39
109
431
284
303
253
192
164
14
109
505
432
165
51
373
40
117
140
209
124
28
83
140
229
326
159
229
331
200
413
16
105
319
29
240
157
242
1
58
180
108
232
275
11
27
305
352
179
86
69
212
319
421
399
488
338
453
132
301
144
259
372
273
172
129
72
96
10
242
95
19
166
92
418
434
77
12
100
445
140
175
456
151
328
409
184
432
100
91
285
185
225
177
445
191
498
216
78
13
37
413
199
331
263
10
255
178
459
14
305
99
143
504
339
480
317
149
115
286
104
260
425
131
474
250
315
489
46
505
110
4
381
443
175
235
149
17
466
221
43
114
95
259
245
48
447
113
107
38
19
14
156
39
368
71
478
136
36
165
396
467
99
95
118
361
48
25
114
463
142
212
246
74
181
287
164
472
225
72
474
55
429
78
81
152
50
214
42
487
13
421
409
64
20
392
143
181
210
100
67
241
184
107
278
162
117
13
270
43
415
78
170
326
92
225
98
3
202
228
90
98
257
176
445
494
445
454
61
289
262
18
264
295
68
487
193
10
76
307
269
245
403
423
179
170
374
280
114
37
481
306
252
370
451
391
148
100
279
225
238
61
426
153
503
181
225
40
34
257
60
80
98
151
402
452
102
225
95
55
163
474
194
141
151
448
153
107
205
15
50
441
307
37
379
470
168
17
254
132
244
267
256
131
224
54
143
120
367
151
249
276
76
1
370
446
186
306
301
181
505
255
224
308
414
270
503
46
46
113
413
193
465
41
186
254
32
269
501
341
179
441
305
405
222
43
265
62
78
20
497
251
171
18
150
494
145
146
1
138
69
187
83
166
452
200
1
289
163
94
362
22
92
401
201
224
434
251
14
68
500
219
225
124
24
106
248
169
11
442
1
155
239
212
290
210
141
126
180
16
278
224
52
128
60
451
328
254
407
144
27
75
394
22
153
185
370
194
194
426
239
222
228
325
274
98
131
4
140
33
39
334
116
216
80
166
10
325
202
160
28
414
161
176
243
124
507
400
14
194
137
434
105
251
83
17
173
268
6
340
423
468
347
503
414
451
403
254
352
441
412
430
24
313
213
264
16
407
397
441
211
428
362
96
479
12
229
229
454
29
302
156
477
84
18
163
225
355
268
30
227
215
208
14
135
286
201
127
439
255
154
272
29
316
308
191
109
249
53
459
239
501
421
60
108
496
189
291
468
438
73
193
154
44
240
414
198
23
60
257
17
269
229
450
212
68
197
21
452
398
429
127
34
101
111
192
146
372
133
4
478
384
230
44
63
126
114
328
380
186
96
149
231
212
107
71
208
177
184
47
80
289
467
57
280
287
44
77
65
433
209
324
331
205
450
229
9
169
56
180
46
78
227
309
121
188
120
34
136
117
12
140
246
326
186
388
461
231
111
301
435
297
379
42
445
479
413
235
140
123
268
191
138
185
187
251
308
122
202
304
362
192
427
274
78
243
118
166
65
465
2
52
410
40
223
217
346
133
386
350
171
313
153
135
230
33
480
145
48
168
99
41
230
58
349
89
459
104
86
334
461
38
330
210
27
44
100
475
366
172
41
32
136
266
489
361
153
270
187
108
493
73
55
307
39
71
94
245
212
100
179
208
80
236
414
65
443
446
433
468
453
496
100
283
338
233
175
506
145
354
65
321
231
276
246
467
167
268
275
223
186
200
314
29
311
242
238
412
407
415
164
343
405
36
473
386
170
121
355
49
372
477
226
31
306
407
170
42
4
164
466
288
152
308
198
191
31
17
303
142
311
282
52
75
326
30
450
219
146
169
200
144
181
104
166
466
168
246
286
174
465
36
86
177
256
448
172
229
68
8
454
117
220
399
2
457
437
240
456
107
280
371
38
114
99
217
17
58
141
19
154
259
419
75
312
159
297
470
34
116
257
262
66
116
107
117
121
117
178
183
340
262
374
117
123
199
172
124
261
123
106
172
124
183
118
106
258
171
329
258
106
173
257
123
172
124
148
124
101
257
124
102
66
261
173
183
370
101
172
147
101
101
131
261
369
502
369
262
369
369
329
459
310
369
370
380
377
106
374
354
375
350
354
182
369
374
377
355
377
357
370
354
354
357
373
354
310
350
350
377
310
357
329
354
355
310
367
370
370
375
369
354
291
375
258
262
354
357
377
369
355
325
380
354
310
369
370
354
354
375
369
369
262
369
310
294
357
329
262
262
173
124
107
107
183
182
102
124
261
106
181
144
421
420
182
107
106
377
428
493
419
421
419
419
463
482
369
493
421
291
325
459
279
457
428
354
491
458
350
374
491
310
291
459
355
354
416
311
291
482
429
355
315
370
279
340
457
310
357
429
425
291
456
345
369
310
457
320
340
355
482
310
280
459
425
318
421
416
414
487
316
494
350
374
291
369
357
302
329
503
418
310
293
357
329
280
325
337
459
306
450
369
291
462
279
473
416
345
506
291
353
337
374
294
280
427
459
337
345
316
294
310
280
456
123
189
123
117
101
172
261
262
102
147
169
124
182
257
101
262
262
102
164
101
262
124
102
121
261
261
257
106
