86542
511
374
81
53
247
4
289
219
11
507
106
475
472
491
471
166
491
76
339
423
438
500
198
125
295
77
280
107
250
183
310
455
237
167
460
271
329
476
54
312
79
178
226
112
399
306
464
462
455
289
445
482
211
219
77
339
403
366
427
136
43
70
477
230
448
17
155
300
480
150
496
231
64
47
326
181
492
453
6
110
221
400
501
466
477
181
10
121
215
59
116
465
419
285
492
80
362
472
183
325
82
40
48
50
47
40
6
322
53
234
75
414
220
352
354
265
151
257
95
204
293
219
379
58
328
31
235
214
232
124
37
475
34
224
308
488
476
371
396
278
291
131
236
466
307
60
323
174
315
444
216
339
502
80
452
127
20
181
388
408
453
188
342
121
437
376
56
275
307
8
216
56
473
143
442
133
148
392
468
40
491
467
297
465
245
48
214
151
57
237
310
116
500
41
398
232
386
221
330
82
293
25
338
323
368
137
45
130
462
329
232
398
481
295
441
483
429
344
256
61
392
285
275
59
108
397
242
200
454
431
238
289
444
26
401
137
236
458
474
207
152
302
482
311
324
308
474
280
421
362
376
489
449
70
15
289
295
245
72
434
11
352
361
164
222
118
23
240
484
320
247
272
94
257
324
412
225
282
161
56
412
217
34
114
369
455
23
370
311
246
168
99
78
460
71
139
325
286
479
505
343
325
432
139
431
96
393
120
48
426
499
70
463
440
336
484
480
136
1
6
18
172
276
439
266
264
9
348
472
386
225
254
466
26
489
448
59
454
179
357
336
25
101
42
371
237
9
217
457
475
130
364
88
393
330
365
133
119
320
116
38
311
111
85
393
506
102
232
145
132
140
82
399
377
421
230
488
137
432
349
52
297
222
107
116
280
139
32
276
483
239
141
256
308
226
440
21
503
178
203
17
153
211
41
216
265
89
100
336
394
70
484
54
272
54
77
34
337
476
503
230
409
98
86
156
460
190
268
15
345
351
37
346
41
246
397
332
420
254
390
100
252
486
296
275
281
380
14
380
376
342
62
292
124
139
246
46
124
68
154
372
81
405
62
208
241
289
412
395
128
182
311
46
390
309
339
468
467
219
2
149
413
133
105
117
286
114
288
173
142
483
260
435
212
41
344
256
474
294
369
471
139
155
255
360
323
409
423
95
489
213
489
26
351
120
344
317
44
452
301
19
242
316
4
508
448
461
345
340
497
343
95
18
86
141
251
507
66
249
487
84
125
37
82
468
93
337
357
388
305
234
44
265
58
211
7
238
253
315
469
173
503
416
113
489
415
393
417
82
185
331
33
280
327
219
184
14
9
107
101
15
197
418
187
254
339
352
35
345
322
485
442
165
164
91
253
123
339
242
134
72
108
357
482
317
315
280
357
41
55
83
496
323
236
124
135
57
253
429
466
76
34
380
296
344
65
101
394
459
492
345
428
488
265
460
468
26
85
399
242
39
157
23
298
367
139
347
234
0
225
348
290
339
498
213
347
8
210
19
224
192
360
318
466
254
392
185
69
12
344
27
279
65
253
235
76
418
307
62
272
384
368
19
120
468
392
354
142
285
76
57
347
340
461
143
30
507
432
311
213
20
351
489
9
393
81
449
193
398
190
414
35
418
274
330
68
437
446
403
328
95
90
393
204
95
209
484
60
34
240
281
229
363
301
73
437
349
300
54
235
124
448
339
418
463
336
482
311
300
381
391
479
0
496
155
173
35
224
344
419
473
365
236
39
293
271
433
271
456
252
449
116
351
454
237
20
344
337
111
248
491
308
54
215
390
287
507
345
313
424
506
90
312
246
177
388
324
320
234
470
454
344
244
497
17
313
328
447
81
473
182
438
119
346
86
204
37
234
84
277
505
299
458
481
288
402
8
72
286
297
452
492
453
60
367
238
303
333
53
352
45
30
318
296
327
120
50
400
131
283
102
423
4
150
311
229
457
502
252
53
379
313
276
195
415
177
452
75
443
99
326
503
257
106
59
34
110
308
232
495
280
433
45
74
506
223
330
136
308
316
137
258
57
343
127
39
286
481
504
251
193
18
393
51
80
374
499
482
103
188
337
184
146
62
404
254
276
450
349
317
69
258
429
339
141
425
273
93
497
224
27
479
79
476
8
434
439
452
49
66
282
6
408
223
242
312
274
325
48
187
385
92
31
299
20
117
386
27
489
76
101
289
313
21
101
450
227
296
215
62
149
9
503
413
358
222
489
278
264
74
344
417
318
365
49
235
345
372
475
129
482
311
22
246
404
204
410
131
119
205
431
17
13
139
495
103
131
60
289
83
163
82
274
116
96
312
17
181
82
65
500
107
285
30
382
138
335
281
213
75
42
421
40
507
497
449
183
183
231
53
103
40
310
313
462
211
451
222
288
216
107
498
488
241
213
65
238
427
47
289
216
337
150
458
395
139
52
292
278
56
297
343
450
309
192
412
13
423
434
390
325
227
110
196
446
484
134
401
121
481
190
288
216
335
3
367
325
416
119
168
99
179
313
264
478
237
113
246
80
369
387
295
318
44
454
5
261
83
233
237
431
340
193
82
115
458
290
36
148
389
59
329
497
394
31
320
131
354
51
21
54
346
461
228
327
107
440
215
477
58
288
91
87
170
394
37
296
78
337
286
212
492
270
490
134
444
371
52
391
2
286
360
404
192
207
270
324
509
248
255
393
295
388
334
491
300
126
108
433
34
324
163
119
308
336
302
509
221
230
18
274
321
65
129
342
374
54
246
391
295
271
405
351
192
211
508
57
13
65
411
304
471
367
334
287
255
209
239
390
11
405
375
234
445
456
307
62
483
124
211
405
37
445
17
401
214
475
235
316
105
228
474
50
508
215
488
391
238
478
460
104
436
183
450
465
18
70
202
479
239
222
218
76
117
188
319
72
470
185
347
508
34
437
232
32
451
481
168
466
54
307
274
371
453
390
61
492
406
291
491
458
250
290
466
81
216
326
348
50
453
115
253
123
19
99
375
330
193
423
492
449
224
240
77
101
211
221
398
8
254
66
357
108
45
136
218
17
80
289
260
249
9
365
418
248
449
78
361
398
483
428
487
96
236
286
181
45
486
128
506
306
37
408
29
485
134
339
490
247
397
459
308
132
291
503
251
291
326
327
75
457
389
443
264
217
21
292
36
334
48
41
381
419
147
79
23
397
273
46
212
510
308
296
27
331
16
163
33
211
399
314
295
327
498
360
318
311
285
7
384
371
451
240
225
135
336
27
249
396
266
274
340
8
479
289
0
433
434
53
146
237
467
383
73
446
236
364
295
155
482
398
372
131
106
1
40
290
145
141
184
131
455
48
310
237
149
352
443
32
217
489
451
293
444
276
253
506
56
227
63
328
251
164
294
442
119
283
248
14
195
83
287
374
238
468
135
318
457
265
218
69
236
117
158
443
107
114
332
472
152
341
37
274
466
110
500
8
84
381
142
338
363
457
17
39
116
324
429
452
91
279
1
333
449
145
95
149
36
303
67
276
369
344
463
213
432
466
452
29
224
294
479
418
75
486
240
284
231
140
66
22
35
316
298
438
287
465
423
120
305
450
204
508
67
34
264
175
20
476
319
139
124
61
454
40
236
121
459
219
252
115
464
471
6
86
267
311
50
323
456
496
323
320
273
392
210
1
4
278
108
292
309
491
291
36
293
130
384
225
288
71
148
108
115
9
241
266
480
484
142
458
345
268
71
37
183
482
374
409
188
222
23
122
275
100
79
102
140
402
68
9
83
83
465
489
324
314
243
133
368
343
504
296
373
343
137
287
92
486
292
432
241
454
241
192
354
61
409
43
286
108
83
115
485
133
12
366
421
270
233
42
104
155
296
448
0
192
505
141
310
188
74
323
250
286
286
123
336
510
164
471
121
132
150
274
0
446
246
412
227
322
260
493
435
288
450
145
377
34
243
272
56
122
241
58
251
40
22
218
215
290
156
187
330
108
237
385
76
6
476
465
303
246
345
444
69
388
85
116
251
86
461
59
94
268
197
60
420
260
167
77
51
131
209
426
469
491
359
330
138
288
486
219
322
501
407
319
289
475
252
275
219
228
19
317
245
230
43
250
247
349
425
325
352
251
218
22
90
361
440
221
134
289
236
323
396
38
394
5
183
136
496
89
222
125
323
413
107
235
75
91
8
252
437
234
343
99
42
460
408
364
128
6
244
62
49
290
16
33
458
89
463
396
332
347
419
340
233
488
75
489
49
176
480
375
303
350
164
278
32
217
39
62
279
329
355
503
343
322
293
88
460
396
345
195
489
280
89
219
353
454
487
13
476
450
472
93
67
139
455
304
81
335
80
433
359
221
62
357
26
473
183
257
75
493
123
63
246
398
278
20
16
325
377
8
340
324
403
56
471
214
387
353
455
56
361
291
158
320
117
468
213
451
213
36
324
447
104
311
65
455
96
94
445
497
344
363
374
464
279
25
478
122
271
347
204
258
437
25
236
492
152
39
54
1
475
145
93
254
469
290
38
38
469
360
31
326
217
399
435
320
490
276
475
486
471
294
459
21
238
203
17
392
294
220
104
195
134
416
173
338
35
403
78
306
273
362
344
423
415
314
334
208
198
334
45
95
89
451
47
488
462
333
320
466
403
419
337
215
114
5
448
20
231
79
310
45
24
138
272
224
352
103
128
434
438
9
477
194
334
320
404
202
327
2
77
110
1
73
109
501
38
315
270
265
290
332
449
298
43
317
456
135
425
188
215
500
350
484
451
67
141
354
277
238
337
262
225
109
479
272
380
194
153
111
135
275
127
119
110
247
473
344
92
171
40
13
253
370
504
45
41
295
481
146
230
279
56
447
56
94
90
489
409
77
166
54
27
377
214
153
338
400
327
183
31
336
237
57
234
75
396
36
49
319
437
417
243
360
430
383
235
399
255
68
291
350
24
343
120
37
369
223
418
90
97
487
318
443
473
460
44
71
70
499
238
391
124
468
434
476
234
211
118
366
481
128
312
91
338
279
483
85
69
21
459
223
128
50
504
46
352
196
281
125
437
180
314
295
400
87
264
390
260
51
178
38
179
505
37
169
229
200
72
72
455
106
352
64
237
104
47
466
384
496
297
215
232
319
194
17
153
203
75
193
498
490
62
91
405
35
228
499
11
459
50
319
176
489
473
70
144
358
287
367
275
316
500
50
196
186
425
47
14
452
87
214
261
231
85
134
445
301
423
25
356
31
414
454
228
282
160
315
193
309
445
303
296
449
222
5
123
266
329
379
319
490
164
136
471
355
88
399
483
508
278
346
432
180
370
82
134
481
213
307
265
426
321
352
116
402
304
493
327
69
471
9
119
301
329
503
495
244
35
293
85
498
491
442
486
75
416
428
77
329
215
67
91
335
124
448
326
56
465
254
294
16
399
73
377
224
178
183
316
432
198
37
126
81
388
300
349
255
225
362
211
389
2
407
450
109
190
165
255
369
198
287
68
348
403
242
336
312
430
42
38
325
353
346
149
277
34
364
399
460
484
177
92
197
294
45
34
350
242
89
220
353
472
144
290
48
59
242
253
33
102
375
286
254
89
470
296
181
71
7
233
367
185
480
188
193
326
76
457
343
446
83
261
26
222
288
18
85
250
497
479
423
481
80
16
490
148
368
96
466
311
211
127
225
117
109
8
166
400
351
32
117
261
55
49
242
488
465
173
440
473
362
333
440
56
335
53
12
153
222
35
430
222
222
120
414
372
380
447
491
302
183
10
336
474
38
49
473
111
243
272
277
401
312
142
475
121
28
50
150
91
469
455
59
334
294
89
253
107
211
34
508
139
27
341
425
95
28
89
86
455
436
457
87
351
224
465
386
109
155
449
306
92
109
41
247
463
204
141
479
350
347
182
411
56
346
335
411
353
87
457
117
62
431
469
376
226
421
83
109
236
183
148
147
304
217
57
104
507
52
116
111
425
325
483
174
330
306
508
294
234
288
26
293
461
312
229
173
81
385
34
450
242
257
459
136
112
224
65
466
419
281
72
314
188
425
314
456
381
345
216
104
481
360
106
498
286
40
345
199
196
402
448
427
358
344
281
424
53
68
378
103
365
234
478
139
445
162
331
55
399
19
343
38
252
315
501
10
290
53
448
426
134
448
348
81
474
134
87
413
139
99
41
295
456
504
235
211
471
362
331
36
232
214
47
468
322
397
78
91
321
112
121
55
214
325
50
482
102
28
452
195
463
334
339
218
399
303
464
30
34
72
384
231
259
26
231
472
385
265
68
444
433
289
387
294
209
251
32
436
3
23
126
295
420
37
26
131
38
109
389
148
488
219
414
7
173
52
339
75
316
71
490
394
142
17
174
218
106
397
236
429
285
273
258
217
66
47
273
95
425
336
86
55
34
119
343
28
380
472
314
493
104
32
35
467
437
414
248
226
390
246
111
109
339
184
263
396
32
312
203
192
41
430
293
141
363
39
310
498
222
289
507
233
350
72
121
496
397
399
284
328
380
70
373
146
323
311
25
57
485
226
295
275
32
83
396
181
11
426
120
186
254
323
492
246
310
484
237
301
302
108
502
164
380
383
436
174
215
193
352
33
311
177
39
451
462
186
345
228
427
477
293
204
25
10
71
385
351
80
54
472
437
2
240
275
324
139
141
73
447
237
10
259
210
356
55
409
339
201
309
172
308
316
70
432
4
348
255
362
492
292
179
484
399
271
352
221
380
45
145
106
107
503
225
122
8
33
118
388
24
105
442
351
90
305
59
163
355
135
52
465
21
55
28
96
369
265
54
397
487
468
289
363
302
17
132
323
63
489
294
346
76
480
455
86
292
285
482
77
235
235
84
322
430
90
233
274
82
489
437
353
296
460
460
342
349
324
56
11
435
246
213
184
491
89
274
504
252
448
38
228
333
185
19
438
395
489
51
419
134
472
324
350
319
306
80
310
299
240
247
54
320
507
50
317
489
149
71
356
420
213
79
469
204
428
274
387
233
137
493
375
81
468
479
218
12
123
442
396
97
459
191
226
238
64
372
203
136
9
324
23
416
445
310
456
78
76
218
134
373
407
264
46
247
344
34
114
361
167
454
255
92
335
481
116
20
316
310
2
213
43
117
504
422
450
279
84
165
425
281
386
66
124
459
34
406
501
348
224
350
95
282
49
375
210
19
106
499
86
390
344
45
290
319
351
382
482
431
88
100
139
58
101
44
232
366
129
505
308
426
288
151
118
222
23
223
55
29
414
413
224
33
231
167
382
403
372
278
452
286
350
319
26
443
50
474
85
225
409
298
474
313
159
55
314
198
492
396
105
451
301
350
285
358
110
381
460
500
286
157
462
8
20
34
500
431
18
25
223
181
47
251
230
44
348
459
335
4
400
167
359
57
150
410
466
415
364
89
298
254
353
273
400
445
457
290
6
342
405
299
155
117
490
219
315
471
373
12
336
185
470
486
84
181
233
79
381
216
43
131
495
370
69
495
158
78
34
396
378
425
350
275
502
478
134
345
467
403
31
147
390
110
410
267
473
127
403
302
311
223
294
448
455
136
287
386
312
369
305
499
368
231
448
479
315
82
261
122
158
113
393
211
233
50
142
1
30
433
272
474
39
246
239
508
422
73
508
390
92
238
407
301
218
240
470
139
431
236
139
6
345
486
16
148
503
17
11
488
391
425
457
471
145
375
3
212
328
496
38
231
492
413
8
51
230
444
354
495
344
371
314
102
459
99
342
231
239
357
384
42
79
305
276
475
326
493
261
218
235
358
9
308
150
256
249
405
252
236
19
348
485
321
106
391
319
218
299
31
133
357
38
130
82
352
87
129
12
98
273
49
83
186
466
359
133
74
314
469
422
78
251
311
436
397
316
265
75
464
442
205
452
375
504
442
13
453
295
48
318
246
17
300
106
460
163
204
344
335
87
479
46
86
482
458
230
216
174
438
49
324
401
342
147
244
350
1
69
459
409
98
16
284
441
172
495
403
218
59
376
467
132
70
171
431
329
219
306
138
229
86
318
139
56
315
136
153
280
83
130
211
82
284
305
490
451
140
310
382
406
457
218
324
242
201
439
500
362
221
23
118
289
320
410
19
22
105
488
99
221
477
238
432
395
223
81
90
111
38
449
395
6
404
465
132
20
375
378
453
366
356
470
364
39
358
107
56
290
357
122
232
386
222
287
215
473
187
40
300
62
443
398
337
501
320
214
125
83
257
397
218
329
273
341
127
475
382
330
213
125
11
493
285
247
19
234
254
76
220
70
382
79
9
100
27
224
85
324
292
270
334
459
218
23
39
462
412
30
203
330
368
256
48
87
370
333
250
395
12
400
231
82
87
476
43
255
288
185
63
166
124
487
449
214
343
493
481
501
504
109
78
290
421
448
436
343
135
179
377
185
24
347
307
280
51
220
312
137
446
218
141
26
115
294
260
111
125
348
87
155
438
110
298
153
29
54
101
219
294
57
489
7
473
13
60
472
183
111
32
475
311
67
33
285
217
374
284
136
508
489
64
469
304
439
306
371
484
84
181
307
35
108
149
183
21
430
313
123
456
446
118
445
502
293
309
449
94
494
505
267
355
506
379
223
55
168
330
6
292
425
232
66
156
282
498
142
307
350
448
409
498
10
28
238
481
322
412
212
247
183
327
446
6
155
321
85
440
181
284
404
347
280
73
38
126
75
157
238
0
342
148
492
22
494
216
134
509
459
15
0
257
284
386
80
213
499
36
34
369
498
498
245
425
396
308
4
445
326
368
319
484
399
180
495
233
69
114
44
285
337
2
188
1
111
340
80
17
508
110
503
444
135
254
183
412
431
476
290
327
466
139
422
505
494
201
236
272
381
134
140
306
399
38
328
152
472
1
372
140
415
69
69
366
248
91
380
320
95
435
496
9
339
426
82
132
139
127
453
204
255
21
109
59
127
103
169
32
483
147
214
115
409
24
410
464
50
148
405
95
153
265
269
101
355
87
404
302
233
194
502
311
74
19
83
70
510
358
94
222
225
299
280
119
337
389
35
477
213
123
490
460
318
482
240
142
460
327
316
207
61
431
40
350
129
490
488
438
454
218
272
500
320
46
478
243
352
129
174
79
10
18
241
74
496
445
20
415
116
427
217
107
321
227
315
126
325
488
223
499
313
289
278
38
379
475
221
276
326
181
92
343
109
238
481
488
437
38
327
139
352
283
441
327
233
310
46
50
442
64
496
79
336
272
292
9
496
249
316
436
206
252
141
354
2
393
379
103
472
118
323
427
434
246
373
40
231
498
133
217
448
110
213
135
387
293
94
173
22
324
179
280
326
222
58
88
87
507
106
414
253
187
180
391
52
495
245
108
103
103
55
216
133
127
11
124
300
289
502
35
78
339
443
488
216
339
485
243
258
353
208
32
303
280
49
323
316
147
509
502
364
47
436
377
193
365
471
406
492
390
23
1
184
212
89
178
335
145
294
358
427
354
185
478
76
255
123
469
486
38
421
282
391
215
465
261
378
318
211
435
232
17
79
359
398
56
130
317
105
250
386
303
134
170
474
240
55
322
296
233
324
90
83
350
508
93
335
389
31
482
496
34
367
57
201
402
40
224
41
271
447
29
485
3
51
172
287
40
236
391
403
91
357
294
237
381
249
465
297
85
298
429
284
452
216
261
440
403
491
312
41
502
1
37
336
324
333
44
46
107
26
483
223
390
229
77
238
295
158
46
340
139
191
234
33
422
500
506
476
432
265
273
479
104
461
386
99
449
55
28
22
84
498
73
234
339
295
353
233
237
233
378
366
359
38
207
25
205
27
506
414
499
77
410
355
414
25
10
4
330
73
282
274
419
130
27
413
49
506
75
34
43
111
125
334
399
193
290
11
136
72
322
50
175
32
509
365
302
215
42
292
491
92
383
471
101
283
345
249
166
30
476
365
358
301
505
81
22
505
299
215
388
431
418
247
482
446
370
224
502
306
335
446
431
289
279
78
188
237
349
348
55
36
307
110
54
370
56
144
25
96
118
65
231
222
496
395
359
262
242
503
231
341
470
450
487
290
115
77
507
235
336
297
319
118
354
476
414
6
403
475
332
493
289
42
310
132
288
458
390
383
9
494
99
401
81
68
241
318
338
204
335
453
242
392
327
326
318
478
468
214
105
150
423
318
338
477
1
346
216
492
506
250
49
213
399
276
325
74
155
25
472
377
480
383
291
45
313
443
351
36
168
481
26
471
133
128
360
497
452
32
257
444
188
404
430
223
360
157
316
114
251
461
295
462
26
80
437
104
393
368
317
303
119
239
264
124
346
117
462
30
335
224
115
413
324
15
343
295
282
407
58
486
50
445
242
145
456
50
3
239
423
140
430
380
345
401
23
235
175
39
139
220
223
92
67
122
35
382
282
86
222
375
43
464
113
448
311
453
411
62
264
183
503
27
488
101
65
331
21
43
95
393
504
414
498
325
329
349
235
78
31
167
52
34
476
179
44
113
312
378
438
7
277
386
307
469
508
285
46
382
244
171
414
290
234
289
288
362
151
254
240
224
470
49
77
444
316
449
137
197
237
57
338
65
485
444
140
431
75
211
17
477
480
447
102
205
264
4
216
306
102
486
281
499
257
137
141
139
238
8
22
100
227
473
6
327
370
222
490
312
313
493
91
64
269
344
343
218
380
481
453
131
214
82
205
431
274
311
261
371
40
390
139
288
288
212
44
474
106
150
83
491
4
295
323
444
10
106
18
37
238
118
448
34
193
161
330
219
79
116
439
59
16
397
346
225
355
457
415
460
315
304
243
455
236
298
480
163
215
14
414
149
449
83
110
386
406
234
74
341
57
12
488
508
52
27
470
388
290
20
60
429
316
392
376
417
62
184
390
220
140
392
504
370
187
133
294
353
37
34
347
489
125
405
376
342
323
245
474
18
500
221
311
341
221
127
293
119
445
468
358
82
301
233
84
47
384
498
70
384
225
200
373
438
346
484
299
229
188
505
27
29
106
153
502
448
350
319
46
73
406
369
330
59
465
228
107
90
387
34
69
371
73
258
301
223
310
398
481
406
273
469
280
55
473
28
83
40
491
368
157
22
128
143
280
305
6
488
48
299
493
0
13
35
217
431
73
488
309
64
53
306
392
140
110
352
228
26
89
456
74
415
120
380
389
48
135
426
150
43
241
128
226
186
100
35
439
277
234
114
345
18
204
359
502
221
139
319
313
399
226
326
33
355
124
220
445
58
217
78
315
91
351
63
352
126
291
293
6
105
283
499
407
104
381
386
39
355
474
406
121
172
460
478
386
308
490
233
195
449
184
295
477
105
318
342
123
178
238
453
33
318
304
272
232
106
68
492
175
217
314
11
204
70
477
376
65
453
304
229
491
320
238
112
6
91
165
311
349
121
289
378
346
225
70
413
335
220
495
367
84
313
375
133
59
316
26
85
131
299
173
452
494
499
444
241
39
12
248
288
157
81
274
265
202
456
24
340
492
480
79
251
193
366
295
231
450
294
102
128
352
23
122
346
362
124
137
254
167
496
456
390
7
266
236
31
307
346
0
505
201
100
9
7
338
443
11
337
447
369
430
222
504
351
314
491
345
365
288
26
382
217
123
428
124
415
274
293
195
110
401
469
130
499
6
115
420
223
477
285
351
224
376
373
106
216
206
293
424
19
468
363
251
32
217
483
33
176
266
224
31
376
155
61
108
277
16
429
52
0
297
339
124
489
229
397
89
221
481
311
96
287
174
173
450
123
411
336
364
309
85
465
437
371
444
8
70
55
158
364
235
460
486
88
417
464
281
31
6
35
306
93
145
55
218
504
438
478
373
129
341
393
181
135
89
120
371
263
115
508
197
68
180
136
116
389
20
11
158
349
124
507
422
201
38
385
315
409
86
111
246
301
161
506
404
107
84
424
505
118
328
344
410
57
465
373
498
173
499
432
34
50
207
158
78
236
449
85
7
283
302
468
271
19
451
465
252
381
361
12
52
317
288
444
401
32
48
81
215
267
39
296
3
358
284
277
17
324
140
405
5
271
202
234
348
348
92
352
36
116
363
457
54
478
470
332
487
302
49
79
421
416
216
163
108
315
368
150
294
236
73
396
144
461
439
40
38
408
365
3
140
242
462
294
337
509
472
458
51
376
234
44
297
469
3
215
145
345
77
232
305
2
307
433
386
45
139
375
331
236
123
89
89
340
225
87
472
11
47
237
44
475
204
294
2
213
19
397
24
203
379
256
13
497
486
323
412
191
250
505
465
162
287
373
456
241
134
289
82
35
88
193
6
297
287
218
302
245
377
376
482
201
69
477
282
221
499
135
386
7
443
55
59
326
446
311
308
225
142
105
278
488
172
29
453
300
510
106
348
506
118
317
225
421
110
438
462
168
398
317
469
431
503
184
24
488
379
59
273
508
407
319
75
504
297
67
459
389
225
504
239
211
344
434
90
364
281
327
217
236
5
425
499
277
11
10
29
183
232
140
142
508
19
328
225
63
401
23
425
83
297
393
304
229
400
232
509
500
179
92
30
496
261
38
488
239
443
230
443
442
118
46
251
310
211
92
139
123
164
369
106
21
330
100
225
88
219
447
132
273
69
473
306
31
247
76
326
297
357
24
403
14
417
227
203
76
231
509
476
492
437
69
354
344
307
205
458
492
445
458
354
397
54
401
145
203
9
424
296
228
335
291
416
295
446
47
280
457
325
460
486
65
188
432
442
69
322
218
121
418
32
95
303
443
298
107
212
388
482
482
330
342
225
79
251
300
329
142
277
416
45
451
383
273
271
363
239
120
444
356
447
75
214
244
217
417
320
265
1
354
26
291
10
234
391
314
287
244
504
365
467
486
483
245
127
307
495
465
149
89
308
331
256
63
55
285
201
306
230
6
497
284
231
473
336
141
252
69
295
254
87
362
246
153
334
480
272
288
248
187
157
42
52
30
242
289
44
502
306
105
497
504
154
436
353
465
209
350
44
10
489
2
224
276
110
509
230
386
443
4
400
49
350
235
166
49
115
322
76
116
461
465
186
106
293
58
164
154
83
74
115
59
412
106
404
288
34
4
367
235
117
487
203
296
421
222
212
34
168
451
135
322
324
184
8
260
251
467
475
326
435
301
495
508
364
58
466
224
407
262
441
116
38
246
444
185
181
92
108
361
321
297
228
454
58
40
241
287
223
132
49
88
223
319
32
120
286
82
391
238
390
246
428
142
31
101
16
134
43
486
289
174
356
41
419
431
199
81
58
182
453
277
435
374
72
250
319
183
192
395
343
305
484
506
115
332
503
499
348
105
311
285
122
75
400
368
115
409
271
506
216
274
19
154
231
355
39
234
59
78
255
137
55
291
283
121
90
204
124
488
254
494
134
470
118
415
327
56
93
327
460
38
297
228
250
352
20
273
345
300
38
316
502
118
202
467
186
472
342
289
111
436
456
213
221
506
126
482
78
484
231
25
135
233
364
195
398
209
28
402
415
308
364
352
447
90
247
44
446
259
482
131
296
38
346
311
385
425
344
6
286
452
435
214
69
356
172
216
236
125
319
195
491
459
343
75
336
421
399
218
108
342
214
495
273
379
463
475
368
245
273
347
265
212
302
58
485
219
38
200
138
469
221
81
285
494
421
358
389
135
142
506
144
211
131
4
108
378
416
170
376
457
309
70
1
40
80
46
235
379
182
90
236
75
509
342
447
257
65
362
345
311
60
434
410
89
118
70
313
266
256
343
265
26
289
452
298
31
247
10
425
143
417
437
142
465
216
213
474
47
431
253
393
439
271
106
42
49
19
34
475
456
178
272
268
359
451
425
93
475
75
282
275
192
224
33
368
347
168
488
231
184
225
451
179
61
59
129
497
250
384
312
0
225
284
38
339
17
414
484
508
237
381
44
90
469
484
357
289
195
406
472
97
489
233
53
224
364
507
450
28
327
311
106
463
288
417
3
45
0
101
484
458
496
500
49
268
445
365
45
388
239
20
212
324
228
377
87
487
427
104
221
351
89
120
494
300
85
318
295
447
350
86
319
4
508
142
426
236
93
356
106
433
335
295
54
495
7
80
342
44
86
435
503
401
486
78
3
253
130
284
84
119
286
223
492
204
382
226
312
5
261
235
483
243
484
335
221
443
292
90
126
244
185
6
425
340
14
101
105
382
78
80
140
89
116
493
345
128
254
38
340
346
395
103
289
295
68
318
486
142
370
21
65
487
429
39
245
181
370
108
174
137
110
465
256
410
301
426
469
108
94
390
239
274
0
472
115
441
288
67
498
168
213
255
383
225
151
28
235
21
360
321
275
147
402
216
393
212
75
185
80
449
118
326
251
348
471
435
139
287
327
166
386
274
503
358
395
333
297
26
386
358
368
133
319
292
405
510
111
245
232
113
58
465
400
348
376
326
484
247
150
426
79
286
37
186
398
33
287
158
416
242
286
117
346
401
429
121
249
37
472
161
174
429
341
43
53
500
275
218
227
9
199
226
331
285
231
242
377
419
121
172
293
78
475
375
156
5
387
124
47
124
175
397
115
309
354
222
454
493
461
116
371
285
280
462
452
147
321
479
38
361
493
40
34
271
143
305
294
73
337
118
466
340
227
93
96
400
116
288
81
328
492
343
510
43
460
505
29
137
333
158
348
461
275
506
378
120
430
294
396
119
61
503
172
219
310
126
449
182
224
507
365
405
81
2
201
44
50
256
398
69
212
460
341
85
50
9
26
368
359
406
47
287
50
45
45
275
315
221
142
235
459
29
443
290
425
85
291
234
86
462
271
201
314
505
218
133
267
18
135
340
448
509
39
406
331
447
193
288
307
218
336
337
12
402
202
202
329
172
184
351
395
293
477
317
141
387
434
53
15
24
304
394
86
225
344
376
417
25
47
203
7
235
361
221
450
227
200
297
56
482
222
40
82
491
314
31
325
465
216
173
470
215
222
342
338
421
163
414
83
223
235
476
438
109
331
334
82
390
71
88
462
91
128
327
506
320
182
502
307
482
510
318
346
312
124
154
245
318
17
70
134
5
257
1
332
79
145
440
299
361
234
104
85
393
457
345
446
250
328
297
31
354
147
86
229
431
161
147
14
174
47
384
481
465
335
18
314
444
77
19
459
50
489
84
36
127
46
92
402
55
485
52
497
434
248
441
217
464
185
108
500
333
379
38
373
404
12
216
38
415
84
36
349
67
316
41
84
487
131
467
56
10
311
432
74
11
471
215
125
278
468
130
455
367
279
74
16
499
386
140
30
204
345
60
138
104
152
68
387
79
435
448
290
383
6
508
21
217
212
81
350
347
70
509
136
219
471
465
252
186
452
282
183
117
246
224
407
402
245
231
212
490
205
325
503
321
341
225
327
101
396
427
316
244
152
327
83
126
327
59
277
40
480
359
145
313
244
320
87
437
386
76
310
293
458
452
493
253
441
8
190
23
227
290
462
417
249
230
215
386
345
295
49
65
108
395
422
219
48
431
383
509
394
137
380
188
78
448
225
321
317
449
24
347
441
500
317
401
0
333
453
49
337
120
353
278
117
400
127
470
114
246
72
455
68
487
70
90
62
467
295
411
247
75
203
94
33
40
173
226
107
373
293
292
6
430
492
221
328
328
18
505
281
231
153
325
338
41
115
478
238
157
501
412
121
349
21
55
129
320
365
5
467
466
32
25
284
123
9
296
33
232
267
221
477
133
346
183
325
440
325
346
80
93
244
492
174
502
483
504
331
413
349
407
482
57
453
275
486
186
326
433
313
317
106
54
470
364
228
1
393
271
147
163
383
450
395
181
247
428
457
341
241
9
468
70
483
345
91
35
254
183
288
237
263
164
25
480
114
72
331
293
236
242
445
88
68
110
52
453
39
7
354
447
204
285
215
492
465
488
378
289
323
205
230
226
476
488
225
126
361
312
85
286
36
125
9
118
458
351
474
28
471
91
221
17
498
405
50
485
293
251
372
147
215
66
233
6
145
351
476
143
490
174
118
211
347
311
284
288
290
240
442
41
435
335
319
174
260
333
46
443
33
397
238
97
360
403
116
460
198
26
115
353
31
351
499
322
466
23
451
24
309
418
341
439
373
18
80
398
105
131
261
505
18
238
142
347
344
142
292
423
504
463
63
76
6
254
289
450
483
357
304
153
187
101
334
239
25
470
505
215
116
322
322
229
68
474
215
414
76
352
310
447
310
18
33
295
194
143
391
317
354
439
19
132
259
14
470
130
116
444
219
350
104
280
35
295
235
116
488
127
470
213
421
310
82
392
342
385
33
295
68
104
242
289
322
124
462
248
475
442
120
38
217
479
337
332
1
217
42
109
478
399
135
106
339
282
365
315
201
258
411
318
496
488
235
186
390
406
275
29
212
346
23
326
21
280
145
223
339
425
108
495
319
90
486
254
185
475
138
242
349
23
500
321
233
38
17
447
370
386
229
314
346
100
27
501
34
440
394
123
272
70
498
208
484
293
30
4
246
340
478
317
354
330
16
239
296
65
295
318
80
92
501
90
61
343
328
233
185
247
348
507
40
215
455
44
1
464
52
90
217
406
118
226
175
316
335
103
37
107
471
121
68
504
406
119
239
446
283
203
466
484
214
81
273
16
460
399
75
227
305
354
307
145
138
477
20
16
313
27
295
413
150
488
457
94
316
481
450
459
53
41
308
253
10
333
359
485
447
354
413
327
419
82
118
395
395
101
475
473
217
339
85
37
237
445
415
479
462
236
110
101
83
252
60
8
337
194
453
356
70
483
357
152
24
225
382
416
469
33
124
255
357
215
380
339
245
289
432
345
320
184
66
429
36
490
48
223
89
440
443
359
449
208
70
374
123
65
492
320
126
396
323
225
280
33
347
272
138
131
490
509
354
355
38
364
118
364
353
139
78
300
324
406
99
396
351
242
107
212
352
327
326
450
169
222
110
14
475
289
152
254
391
238
314
500
211
334
165
369
493
19
110
9
473
458
338
9
309
470
433
490
32
497
266
470
77
15
451
340
254
146
316
470
295
257
59
346
289
18
498
228
466
16
10
136
60
236
490
127
281
52
163
400
487
244
381
148
31
372
243
368
383
131
471
144
8
272
275
445
194
11
359
21
437
95
333
293
69
202
506
20
33
351
327
481
252
407
392
308
50
461
365
11
238
92
181
5
284
147
467
246
370
123
36
391
304
445
480
179
275
421
480
300
140
467
352
471
381
115
224
20
447
118
81
303
240
55
59
75
502
62
212
489
476
503
342
344
218
352
78
352
124
194
221
49
412
0
10
77
58
285
211
265
49
95
153
289
390
481
240
75
298
495
297
10
499
285
123
20
20
279
271
401
4
209
193
348
505
261
368
34
223
18
225
10
427
401
76
386
428
86
498
504
339
232
252
506
1
254
103
129
91
108
495
35
399
288
285
192
56
449
400
5
440
435
144
139
95
218
457
7
29
179
403
481
338
117
87
266
377
67
449
120
222
166
189
310
128
295
135
191
17
346
279
147
128
297
117
458
155
368
198
492
432
116
451
254
34
364
482
247
290
312
217
415
133
392
459
109
214
268
247
25
131
37
341
215
320
137
112
198
418
277
211
311
190
51
501
219
164
357
374
160
473
448
318
341
510
398
195
445
70
470
305
47
325
502
150
178
121
250
77
355
144
354
72
276
488
37
234
291
49
455
437
249
334
247
296
37
246
497
273
484
426
250
433
209
106
41
39
343
55
342
481
214
490
235
455
386
344
354
49
224
389
246
86
420
443
185
229
490
352
57
143
265
13
68
292
321
80
473
379
110
83
158
245
288
507
223
124
496
296
368
457
45
324
281
382
423
500
337
49
494
54
144
405
77
71
434
17
58
181
222
181
10
36
403
29
210
31
342
286
492
111
482
288
121
12
379
330
225
487
80
70
401
484
23
453
420
217
12
451
472
50
183
84
415
223
84
106
487
273
202
317
379
77
470
265
496
83
71
291
401
378
455
308
233
387
481
312
79
379
394
7
362
9
376
69
493
332
494
334
78
17
75
54
40
289
475
504
117
470
411
478
102
140
484
425
203
437
297
375
137
425
323
107
297
81
279
490
301
505
93
77
93
497
124
200
438
408
120
327
308
41
38
250
338
220
184
18
223
78
232
311
41
450
238
93
212
293
355
18
468
335
323
352
365
469
134
461
490
172
445
401
0
344
167
123
108
194
186
320
207
89
0
152
322
41
353
253
50
200
465
487
502
366
5
313
486
78
249
413
450
91
466
448
378
23
321
466
5
288
273
122
394
219
35
385
441
107
359
214
225
131
414
29
336
249
299
0
395
141
289
323
479
323
105
310
222
197
9
93
93
352
454
478
469
351
475
281
303
41
9
58
19
317
464
433
346
309
457
4
399
204
504
177
348
396
372
309
144
136
108
476
125
403
499
68
18
58
216
352
6
139
500
311
232
467
141
214
326
344
239
237
388
40
376
232
103
379
501
9
243
314
303
362
146
237
141
200
307
452
275
304
26
36
443
337
395
190
496
105
506
253
318
7
352
359
310
57
294
216
10
370
463
77
117
124
291
0
336
225
464
483
293
3
459
70
92
36
304
312
75
157
475
232
468
105
100
65
282
72
34
458
227
95
146
299
228
416
66
12
8
225
378
382
6
260
101
67
482
225
27
311
468
507
480
342
353
322
122
15
153
374
398
384
404
232
336
439
348
2
169
489
417
49
330
122
57
89
295
65
216
365
223
458
128
329
246
116
447
304
268
261
224
350
41
481
434
134
378
429
183
297
396
17
74
59
311
489
350
159
157
430
193
469
86
284
123
139
9
180
319
490
164
467
46
310
61
107
222
37
79
220
443
163
484
171
35
22
83
57
364
119
182
494
196
420
67
20
160
1
204
79
434
85
252
320
138
444
409
463
185
459
81
25
255
150
345
3
20
250
358
114
301
48
412
361
334
190
452
215
406
423
505
495
320
307
53
288
216
437
467
188
340
394
450
350
447
7
332
173
24
65
138
445
348
453
141
119
136
243
38
378
453
384
419
460
63
84
435
34
341
132
322
466
498
44
6
461
224
350
495
479
142
123
302
72
114
265
229
48
81
369
203
474
439
90
165
323
484
31
212
451
214
344
245
137
344
79
78
495
31
203
13
328
178
235
498
443
212
106
39
388
266
218
370
90
206
14
429
347
486
365
359
244
68
329
508
247
489
212
113
353
485
416
498
377
334
417
403
211
137
351
71
425
96
385
128
348
370
406
445
497
204
475
61
70
75
77
316
89
247
223
318
446
310
216
131
491
328
325
297
44
105
74
425
72
298
40
72
21
464
199
4
89
34
2
350
330
103
223
509
481
303
296
342
284
310
325
317
94
50
37
163
124
211
9
486
498
314
344
164
54
158
214
336
432
65
118
372
252
409
20
34
289
254
152
508
52
350
266
475
445
357
8
264
449
112
290
334
212
327
69
101
65
287
426
216
34
280
415
217
480
95
92
395
408
253
507
246
200
125
62
86
420
442
477
10
414
24
311
466
90
437
312
35
26
47
311
448
411
486
297
135
142
217
333
196
160
140
502
364
136
89
215
232
218
492
460
397
319
411
114
27
318
453
432
366
413
135
298
222
247
380
233
324
301
329
330
309
95
470
15
438
460
265
344
284
346
460
444
371
13
33
480
453
165
319
358
484
447
48
254
226
441
509
388
477
487
229
301
136
235
88
506
415
109
5
247
56
306
200
48
53
465
317
73
240
452
294
16
442
327
122
175
469
119
500
405
68
251
294
445
199
341
247
40
69
470
347
384
334
393
502
109
267
32
122
455
63
498
314
373
296
468
140
0
224
494
303
28
143
382
240
448
127
288
309
489
57
308
216
218
167
44
395
148
74
337
347
108
129
5
93
408
120
315
73
434
76
432
295
112
428
446
17
366
373
372
479
450
16
189
51
7
297
23
399
226
88
261
173
492
322
25
222
180
467
158
244
123
422
489
406
463
367
473
465
5
367
263
59
407
364
268
85
456
461
349
109
117
233
323
236
183
508
324
125
293
80
298
458
467
227
92
24
270
294
492
483
350
65
37
218
429
425
364
132
49
81
188
27
63
391
393
81
203
198
128
313
227
110
39
196
51
47
427
84
457
498
292
383
118
115
11
343
176
239
133
427
471
362
469
341
277
17
151
491
4
18
449
16
381
350
337
357
40
12
19
318
444
38
39
149
104
467
481
356
280
496
448
5
131
80
451
402
59
371
220
340
482
345
185
39
500
483
414
184
163
462
111
415
394
202
21
16
380
16
318
464
176
279
493
79
276
304
460
232
476
239
433
248
36
386
333
346
365
116
230
118
414
355
290
444
231
20
352
205
345
85
361
129
295
484
143
502
446
150
239
437
246
288
217
117
280
149
6
342
121
49
127
312
147
274
316
364
290
145
84
505
58
205
213
489
21
83
81
253
211
183
288
344
314
376
11
16
247
484
411
40
90
58
71
390
28
325
364
491
496
494
272
6
217
266
317
203
353
238
344
372
451
478
219
404
127
385
336
114
279
18
47
36
45
465
376
89
243
401
310
57
310
282
449
444
71
126
234
6
234
451
447
85
302
434
244
34
139
138
310
507
281
6
421
458
108
379
384
492
496
223
237
300
201
12
183
318
241
33
393
291
339
247
315
249
46
99
476
300
249
507
226
349
228
142
380
59
36
472
401
13
117
311
275
140
102
212
193
58
415
458
288
415
423
118
312
10
130
249
34
82
203
381
507
78
89
26
200
12
361
218
313
20
450
246
293
134
452
184
26
286
336
314
42
344
30
310
503
323
164
434
307
460
137
481
357
472
32
241
287
207
309
470
76
496
227
407
214
32
96
67
9
453
342
204
181
353
237
252
405
478
38
74
337
7
263
254
37
365
253
188
81
503
292
34
239
494
88
57
346
102
133
458
139
115
295
404
155
276
376
368
251
78
225
121
397
215
197
332
253
345
287
461
39
318
385
448
347
368
504
436
173
131
472
477
293
33
103
89
290
210
14
34
347
112
228
452
106
55
290
423
134
474
297
275
203
78
399
485
72
495
359
382
118
45
439
419
228
500
419
325
187
399
248
289
305
280
447
157
343
399
363
221
96
8
142
303
446
39
333
389
250
457
256
476
186
202
243
225
427
104
52
204
28
474
410
463
18
243
471
337
509
221
255
0
293
352
454
369
310
443
121
441
479
281
153
471
484
383
20
65
350
297
300
62
396
18
490
212
306
195
110
66
232
235
421
461
311
500
498
42
142
46
81
103
313
91
49
93
147
365
306
93
294
243
443
68
375
390
120
501
19
82
12
351
484
446
457
31
464
367
330
289
77
305
23
260
298
15
494
283
361
59
0
236
87
95
238
465
56
77
458
339
70
60
88
349
93
170
123
167
56
277
272
324
44
115
265
212
288
491
294
416
260
144
445
403
142
283
358
232
203
43
238
108
115
311
204
159
254
211
261
61
420
107
79
470
1
153
397
500
180
122
438
284
1
316
428
32
426
502
104
323
255
123
312
455
453
383
458
55
103
232
291
206
8
435
311
122
482
51
15
34
85
351
173
315
45
157
43
40
349
139
502
452
34
430
128
128
4
221
66
469
320
81
345
509
95
457
400
50
46
444
344
457
245
468
401
332
174
113
510
43
427
231
172
0
236
217
271
182
460
479
332
365
8
202
134
120
432
148
283
44
307
447
309
212
90
57
83
400
497
272
152
50
497
76
220
337
248
18
232
353
335
128
438
244
464
353
30
215
469
117
186
418
66
210
293
94
465
305
76
39
17
318
379
312
175
393
418
457
204
82
80
109
219
65
218
116
10
230
325
45
348
470
165
393
296
137
368
318
196
343
29
271
59
224
64
181
477
357
62
392
271
463
110
75
247
375
365
161
278
469
424
213
332
220
265
421
489
447
374
399
482
225
34
219
222
435
79
330
244
14
405
501
226
187
493
331
483
228
239
489
507
368
276
303
56
298
217
339
497
373
306
110
7
51
43
136
250
93
16
208
465
487
503
86
403
276
228
263
99
453
118
360
280
42
32
498
39
71
135
433
79
451
271
151
292
125
104
279
66
291
134
214
74
254
442
438
449
0
82
350
58
18
73
288
107
48
491
251
313
502
347
53
286
499
166
141
442
400
450
274
132
178
204
272
53
284
86
385
56
86
388
224
454
244
184
474
454
213
75
289
452
346
244
235
238
462
495
225
50
339
353
326
295
346
319
30
421
75
0
437
18
237
34
494
35
311
42
430
229
0
490
84
482
148
460
128
20
397
11
265
122
300
401
48
157
368
128
270
47
370
82
130
472
137
408
321
305
222
167
363
475
397
361
212
313
290
137
78
475
280
184
227
295
75
411
310
371
290
434
311
369
104
16
309
487
301
15
38
354
295
297
422
277
1
466
343
140
413
398
310
447
129
440
92
483
270
139
173
504
133
264
31
400
264
148
81
306
354
65
125
218
356
73
398
200
184
419
68
12
239
61
146
211
155
63
347
448
31
372
388
174
429
485
337
227
287
183
34
101
212
72
375
355
61
139
484
449
272
254
215
231
56
85
490
483
18
257
499
351
398
455
289
342
106
453
181
79
38
133
222
15
56
389
157
261
188
37
237
340
27
223
48
203
399
294
311
95
437
64
200
325
218
389
454
374
128
459
104
318
107
80
432
395
360
37
226
79
91
348
163
298
237
469
107
435
336
304
205
211
343
25
241
24
254
265
77
71
18
264
499
508
458
353
425
70
10
223
454
445
492
223
506
337
63
482
427
0
245
56
455
385
77
378
505
15
49
452
494
390
356
45
136
259
355
317
302
13
122
412
253
141
398
37
46
214
290
499
290
276
28
7
288
226
101
504
387
389
74
163
128
38
63
17
203
187
251
359
62
308
428
249
79
477
300
238
311
498
221
85
344
417
362
82
127
137
462
402
322
330
503
509
405
56
294
25
58
489
28
119
356
138
260
308
23
70
476
132
479
440
391
242
129
27
100
353
183
471
59
40
295
103
33
84
335
229
342
304
153
472
254
57
493
220
325
44
322
501
14
293
119
306
411
231
283
9
509
234
187
4
476
292
463
350
436
313
247
111
124
305
335
326
427
494
65
398
124
83
213
307
486
383
461
288
217
441
396
100
140
338
266
366
221
287
294
446
34
170
451
303
165
128
374
59
36
233
24
180
212
316
477
339
37
22
505
219
135
178
359
316
497
89
192
472
185
218
9
509
48
454
465
107
235
292
421
468
486
197
448
374
464
41
446
297
190
446
450
221
325
62
469
162
173
143
54
29
414
381
88
336
139
349
495
332
5
51
469
51
73
279
133
233
463
183
37
67
82
124
350
372
362
7
351
348
158
460
92
107
488
43
46
197
457
72
492
413
316
405
141
41
192
108
479
182
103
193
405
283
423
72
26
362
93
5
468
508
107
228
280
55
53
490
494
224
444
174
118
28
20
221
465
307
484
76
143
155
359
429
395
411
379
399
34
129
41
250
348
366
235
216
353
296
34
144
44
99
468
287
492
448
481
342
22
117
247
255
81
486
460
504
282
231
285
330
449
102
443
463
217
92
112
255
65
64
148
399
106
315
91
492
130
468
272
136
8
502
98
414
418
317
429
432
246
483
26
301
232
241
146
273
261
111
29
492
125
37
228
17
509
141
213
89
316
152
251
29
340
430
405
255
290
378
215
448
367
135
338
345
18
351
233
215
508
317
289
84
333
246
257
365
138
393
501
352
37
178
442
152
279
230
395
498
436
105
231
353
306
116
106
311
34
54
212
464
492
424
496
509
296
420
352
38
360
471
290
399
105
421
276
470
464
422
291
238
232
493
322
255
453
78
452
83
501
39
204
167
56
261
487
468
21
312
19
26
485
485
377
336
263
318
77
469
329
308
389
385
33
225
100
81
329
481
376
362
419
432
84
449
400
229
385
125
453
350
507
16
292
288
30
233
111
72
391
61
224
106
216
379
446
131
378
194
4
310
418
265
0
237
216
455
438
460
62
382
271
45
31
125
88
350
245
288
33
128
289
310
329
79
254
150
505
22
363
447
183
293
296
42
34
233
91
414
211
71
494
380
296
216
395
227
237
92
40
172
464
257
379
389
335
311
447
497
166
280
30
273
146
321
313
284
384
398
82
312
19
45
223
493
181
89
472
440
312
77
356
413
335
414
22
417
355
48
126
21
407
61
487
9
71
495
348
284
110
273
224
370
319
438
302
447
324
317
377
101
151
397
243
275
263
83
368
327
116
468
308
431
508
188
85
271
83
227
485
163
224
324
348
476
205
95
11
233
264
285
119
319
319
241
294
188
211
345
503
251
451
89
74
53
201
472
293
18
315
75
327
462
107
5
396
131
350
139
344
294
286
247
237
382
34
366
81
242
272
452
467
291
136
274
17
340
115
150
383
284
178
275
254
90
400
163
365
68
179
8
149
28
510
179
231
364
101
288
355
296
268
414
329
368
487
18
371
210
295
483
120
196
438
477
80
235
211
485
17
274
26
126
285
264
377
213
372
78
231
215
383
30
70
233
28
225
335
285
108
240
444
36
33
104
243
295
491
367
465
31
256
140
472
234
382
330
480
447
450
396
6
23
67
127
109
173
339
493
64
434
86
300
170
319
393
33
349
495
442
473
493
116
46
158
405
293
79
484
9
11
335
428
375
505
30
215
339
72
231
353
263
508
203
277
118
343
325
49
55
442
347
398
40
279
505
215
22
236
55
62
125
450
75
272
471
271
364
338
339
119
178
438
8
134
270
21
419
477
319
293
492
174
214
495
452
443
395
272
233
297
482
101
92
352
343
124
19
95
183
356
467
223
48
360
217
280
344
53
7
488
501
325
46
233
158
137
145
432
265
39
492
13
124
114
391
162
323
476
195
83
487
487
134
147
132
339
289
342
62
146
395
140
430
57
120
423
121
220
262
509
283
27
129
47
353
43
481
361
307
302
95
151
407
442
129
280
239
231
371
55
209
272
264
33
116
14
136
286
217
73
189
280
264
382
46
408
76
411
53
32
449
99
138
480
64
150
114
212
289
344
169
288
133
402
406
221
416
310
449
447
339
65
466
0
243
502
102
337
148
270
455
271
194
59
361
296
128
128
481
19
471
457
460
125
230
75
212
338
215
323
135
315
347
83
454
504
276
70
299
63
47
420
80
83
77
283
434
40
220
333
200
140
282
339
483
265
338
503
484
492
30
47
120
70
75
395
318
228
352
330
226
212
357
311
437
78
461
496
237
121
200
445
390
47
373
39
250
31
286
51
107
442
228
285
321
417
309
233
272
409
164
482
45
416
149
454
80
290
117
484
292
337
308
33
308
368
231
11
287
485
329
197
131
323
181
30
365
247
146
217
389
63
281
34
31
470
295
330
479
104
353
152
305
423
56
220
509
280
125
11
296
70
394
100
235
50
369
312
12
275
487
368
9
196
386
281
36
11
278
452
354
388
496
282
204
507
216
306
188
496
108
76
218
349
0
254
457
89
492
460
104
163
471
474
449
225
416
272
140
31
166
302
5
331
184
23
239
494
333
88
457
166
365
446
423
313
22
386
404
130
508
1
260
301
469
179
2
349
315
317
240
80
107
309
102
258
355
92
180
234
419
188
353
131
242
354
24
334
294
83
229
237
364
302
186
323
378
489
363
6
487
101
274
183
224
487
217
348
496
305
377
444
163
238
456
78
441
135
306
230
431
327
435
212
435
351
505
49
328
306
465
289
463
68
474
68
83
409
292
450
158
293
49
436
380
473
212
18
50
236
442
341
225
167
441
503
266
448
388
483
121
169
322
289
444
492
434
347
437
134
313
376
399
226
138
500
297
229
38
237
354
398
140
410
310
8
137
261
343
58
136
254
181
510
346
83
106
39
334
34
451
223
393
402
352
22
2
28
452
14
291
197
447
231
67
266
303
151
206
311
476
403
31
350
273
42
272
90
287
243
46
131
22
62
7
326
280
12
119
398
134
293
385
249
463
397
257
39
93
230
340
451
235
365
443
290
31
338
88
244
66
327
82
235
487
344
398
287
158
187
290
255
446
207
138
495
136
380
362
412
346
489
249
47
212
265
403
299
440
487
473
148
6
228
447
508
107
16
366
95
382
57
147
86
40
332
116
139
346
186
224
377
31
129
406
128
61
370
396
195
398
16
442
404
362
297
475
8
132
226
20
304
293
99
133
231
490
468
454
248
470
39
357
344
57
253
309
280
63
255
31
81
246
268
151
64
472
292
444
150
400
58
28
255
84
183
402
503
113
89
235
200
51
449
212
509
343
437
367
233
39
328
91
113
226
247
446
236
492
140
69
164
272
275
393
31
107
255
280
276
63
232
3
433
111
191
458
44
180
133
491
120
236
124
395
92
369
399
54
152
16
393
59
204
104
306
362
28
497
42
418
158
405
7
94
330
275
477
457
507
499
456
316
4
283
340
421
224
54
152
501
373
244
124
94
287
343
374
479
452
97
476
355
103
237
463
478
86
106
505
446
487
89
51
314
220
306
345
38
393
347
231
469
279
358
172
401
495
17
338
326
208
23
326
150
19
83
139
321
433
256
61
467
228
455
310
323
454
379
194
183
233
482
351
320
446
435
464
222
286
172
493
484
234
265
84
326
78
32
211
228
108
86
82
327
297
58
117
337
36
236
79
233
30
460
40
102
490
254
204
109
233
66
321
337
206
259
334
320
215
233
292
290
466
63
461
75
419
238
457
124
137
138
308
312
354
387
392
221
461
215
97
159
293
36
37
254
384
355
389
390
395
466
136
314
225
272
417
228
81
46
394
146
460
341
68
220
188
316
10
386
355
83
383
468
499
9
405
293
64
243
116
104
474
10
323
374
139
75
468
41
21
490
493
412
93
127
467
104
78
69
224
337
215
326
316
233
73
249
321
11
228
343
70
274
243
32
251
254
326
34
248
491
294
235
196
281
147
474
278
138
405
295
87
1
86
461
178
408
303
16
243
226
6
335
45
352
491
298
63
290
216
364
68
493
345
39
326
460
48
294
172
217
237
339
93
253
31
443
397
469
490
32
441
353
460
123
497
299
470
90
275
220
47
434
478
230
222
226
343
88
478
63
257
303
398
378
111
310
224
485
34
219
157
385
449
426
466
330
119
509
190
300
62
296
9
319
101
448
177
2
344
454
231
314
381
255
43
499
116
107
9
88
343
82
80
94
95
432
378
345
137
247
298
504
49
253
173
446
295
164
114
262
360
418
1
120
403
384
366
483
2
437
253
252
58
338
326
395
192
285
115
29
212
130
38
495
375
120
66
446
353
192
326
37
169
215
456
354
415
15
313
293
386
494
141
443
122
427
250
344
24
360
468
31
66
90
287
389
165
179
9
303
317
481
482
345
308
478
150
469
312
478
55
452
139
67
434
224
451
384
55
489
456
225
404
452
503
69
77
75
30
42
386
345
19
109
496
310
117
80
457
387
453
193
465
82
18
54
83
427
452
81
365
238
451
185
99
390
321
32
50
179
223
51
19
119
398
68
490
38
189
433
188
118
148
283
215
253
70
183
109
108
73
69
336
480
423
114
127
499
168
135
266
418
437
495
28
343
488
11
110
395
377
8
349
216
335
440
445
11
493
232
388
485
260
246
347
282
301
38
242
306
377
395
68
79
330
224
414
123
112
142
402
298
402
314
475
132
8
315
490
91
317
13
311
109
255
214
75
214
105
276
139
32
54
283
142
50
203
87
69
90
43
69
19
317
26
108
493
36
465
459
467
271
3
433
377
13
500
393
357
60
98
233
234
46
345
443
288
16
431
285
453
185
335
16
254
383
182
345
345
40
150
134
214
466
376
373
497
393
131
20
367
225
73
135
152
183
425
307
332
355
317
126
424
445
35
89
436
146
482
306
116
157
423
25
383
254
395
448
360
280
363
498
135
213
490
347
354
469
342
404
317
38
141
332
70
311
396
320
447
35
303
508
79
362
447
290
42
251
298
387
157
322
283
337
362
262
253
106
246
461
333
448
324
7
118
407
75
287
349
497
128
248
387
204
237
485
21
41
286
246
72
402
368
277
440
496
510
64
215
436
120
114
289
459
221
247
122
352
331
14
490
111
300
62
344
483
14
242
79
87
351
182
298
148
147
388
4
256
40
0
373
319
506
418
454
254
195
388
482
499
245
356
460
359
80
335
311
384
33
291
350
369
117
472
337
249
273
444
88
447
374
30
272
169
106
90
307
244
222
205
414
63
237
25
33
231
351
265
19
91
360
468
214
509
448
366
199
200
454
352
386
157
16
285
231
317
353
140
400
172
466
29
80
288
465
95
409
17
257
474
323
1
488
478
234
39
475
401
404
477
452
330
118
158
249
320
487
374
242
34
86
174
225
37
181
9
354
356
358
428
107
280
385
405
420
222
243
9
57
135
184
412
399
147
185
436
217
228
289
248
473
57
456
36
226
7
304
446
12
358
510
293
495
389
233
352
141
82
451
201
359
300
269
245
238
337
213
335
388
136
339
88
16
471
244
200
472
370
435
486
322
283
253
172
387
494
236
112
414
335
187
33
337
76
94
25
450
393
324
360
411
250
430
471
353
231
101
480
247
119
66
72
214
472
40
216
232
482
274
366
364
360
1
243
189
485
289
434
335
446
75
300
47
423
333
312
295
462
471
397
124
482
363
286
179
255
476
167
212
342
279
18
386
464
142
77
179
126
178
493
253
37
225
460
274
505
372
504
50
193
288
296
458
303
425
284
225
8
126
338
422
28
415
21
33
476
352
212
248
17
386
33
294
9
248
123
17
121
354
128
459
298
176
86
10
124
56
40
433
93
358
111
468
31
67
453
46
424
215
467
299
284
258
19
90
20
393
15
104
446
387
58
310
50
65
381
397
458
291
90
141
416
464
24
140
37
72
490
426
68
33
72
325
245
147
293
313
452
310
489
431
96
180
498
335
119
349
433
422
277
347
25
158
2
56
230
281
438
411
381
29
282
127
414
139
338
500
350
73
299
225
338
33
94
124
285
311
505
26
470
38
7
413
372
400
358
380
90
75
450
401
490
373
297
37
493
502
2
238
312
338
297
395
17
81
4
461
487
68
454
142
349
319
66
249
96
430
106
16
310
495
48
59
64
383
185
435
286
387
495
250
414
8
84
210
205
0
203
408
226
230
426
261
475
288
468
284
30
203
85
494
70
9
134
19
62
245
35
117
381
349
87
252
332
224
446
280
7
490
76
481
68
435
7
30
252
317
468
162
235
235
212
145
37
315
127
107
75
430
287
371
299
403
298
53
368
402
196
355
215
460
336
136
49
233
111
70
247
327
341
18
81
334
430
98
136
229
68
283
468
59
382
416
437
473
437
306
348
23
318
150
155
101
221
483
234
33
395
232
428
468
307
325
381
251
312
390
478
269
441
34
448
181
183
432
447
341
238
355
495
368
325
336
471
1
327
33
233
464
454
377
458
115
109
452
485
9
115
234
174
172
338
29
27
467
228
322
453
132
346
135
402
320
465
165
293
291
128
172
88
386
460
507
95
363
497
204
38
394
296
350
224
359
205
16
389
118
383
508
48
354
8
125
313
224
0
236
480
480
222
254
490
89
5
78
148
327
241
32
418
120
313
145
41
302
266
485
60
58
344
233
232
183
297
314
342
89
245
423
392
496
508
450
292
21
135
502
277
248
58
109
212
474
290
73
77
9
349
483
446
181
106
76
445
62
256
387
293
116
393
357
34
30
121
256
20
103
111
87
388
442
60
240
351
366
127
271
181
163
438
229
217
318
459
352
292
437
39
83
487
323
16
373
111
136
453
78
31
447
251
505
13
35
370
163
222
385
499
414
87
140
349
310
495
301
158
231
311
15
171
281
492
221
460
30
439
427
459
51
266
267
494
465
358
141
308
103
433
373
233
110
53
388
33
352
292
216
362
27
124
289
466
128
348
234
122
70
244
388
474
453
116
442
261
238
503
163
234
351
499
345
46
44
4
202
326
473
94
253
348
471
38
140
241
314
75
225
342
176
314
127
486
486
294
343
282
257
445
303
18
451
396
70
258
71
302
68
415
19
233
277
404
495
15
369
18
332
150
207
273
103
101
126
197
291
217
274
305
341
71
66
348
289
335
55
412
371
336
175
213
250
505
42
69
394
498
293
461
75
118
403
105
351
218
344
283
229
237
451
6
305
85
141
13
306
157
488
183
57
404
172
213
118
99
360
487
28
18
89
449
158
49
216
310
366
22
497
306
432
62
87
410
165
24
192
450
425
452
487
449
44
29
310
301
356
185
211
400
306
355
181
401
180
40
435
490
49
29
254
33
5
111
136
250
402
65
445
473
147
365
13
499
433
109
332
137
39
307
131
249
241
454
64
381
482
355
359
71
345
107
133
225
103
32
393
294
164
454
431
28
361
148
51
352
119
49
344
372
274
228
411
81
393
40
396
487
0
245
236
220
299
26
313
302
93
261
128
88
147
423
387
470
487
203
40
218
71
223
334
40
280
363
12
141
85
126
91
51
432
307
361
463
506
278
291
231
108
53
152
168
476
452
55
238
241
482
136
347
150
384
360
208
83
363
185
273
243
321
368
107
502
38
287
130
53
181
508
498
290
88
233
156
69
471
222
0
421
461
221
77
409
74
134
131
55
494
413
118
370
507
87
358
285
440
226
389
507
360
295
334
91
70
316
457
88
348
392
289
289
328
445
118
319
29
215
337
254
350
89
295
67
451
415
114
204
88
272
56
491
96
318
411
339
425
443
186
254
14
259
384
506
247
109
140
479
290
40
158
441
36
120
20
322
42
220
81
158
241
465
437
294
390
242
402
222
346
5
263
223
430
495
324
480
183
236
46
413
17
366
279
468
488
485
406
413
435
157
122
244
296
27
78
337
295
231
464
78
50
256
265
353
374
238
333
51
225
211
120
476
217
446
34
87
286
15
490
466
396
330
110
234
335
284
124
332
88
218
499
274
352
315
450
66
244
14
314
427
499
387
316
228
396
163
205
17
57
351
375
5
135
399
33
83
109
213
437
319
439
130
53
218
35
321
31
187
364
129
116
201
215
377
236
74
273
365
510
214
436
315
132
389
75
462
25
480
109
508
308
59
172
358
213
284
290
411
295
448
26
223
277
82
360
383
22
308
414
33
496
353
128
448
81
355
355
32
37
233
404
229
68
467
331
397
195
352
57
56
230
111
489
9
397
327
506
101
320
247
78
220
311
281
80
331
221
340
370
449
187
420
247
253
182
347
17
352
493
510
227
504
503
47
172
281
41
265
363
197
49
510
324
461
396
409
430
78
324
489
72
356
302
451
437
5
111
101
349
5
489
238
343
316
266
335
231
294
153
120
386
112
8
484
367
211
85
319
303
339
84
491
18
344
253
280
365
193
467
421
492
181
34
198
384
457
250
249
217
59
178
351
109
479
89
100
326
510
392
75
17
103
128
383
311
468
11
432
62
171
393
252
120
321
103
224
495
500
500
458
139
400
343
53
337
245
37
361
346
179
36
447
68
507
250
241
31
131
69
19
52
367
503
414
20
210
50
266
78
432
103
116
304
338
411
418
347
442
389
45
265
405
73
182
474
31
425
459
408
119
240
455
2
64
105
312
62
70
376
32
477
125
30
490
7
284
285
316
383
479
142
473
167
338
211
380
235
174
157
390
435
403
375
475
337
37
416
42
402
482
31
28
35
291
347
9
96
433
142
293
495
405
345
16
110
155
442
409
493
234
108
229
115
111
105
296
485
331
337
254
439
127
361
256
9
293
436
96
326
306
460
296
315
500
404
232
285
92
226
218
103
76
337
468
101
62
29
40
55
17
507
98
75
318
425
38
7
107
510
158
313
351
390
431
385
443
314
287
14
443
280
50
50
48
271
413
227
84
393
496
282
342
459
276
498
337
254
261
9
414
400
79
289
189
99
154
108
234
404
236
379
278
476
357
287
89
77
79
449
370
159
464
127
352
434
474
224
240
447
17
240
306
225
479
342
318
49
377
197
240
82
295
368
118
372
457
424
315
272
117
416
184
23
448
495
307
354
485
114
460
222
78
346
426
297
123
181
353
390
86
296
271
346
448
135
134
116
212
227
444
85
305
237
367
150
449
457
507
499
374
469
19
31
254
226
502
347
449
124
393
322
1
261
337
446
414
121
347
240
236
35
107
477
287
88
451
485
429
91
229
365
68
53
308
203
93
291
468
256
387
22
28
340
31
168
244
456
402
413
223
102
454
445
288
221
0
445
231
360
6
395
231
507
355
45
298
77
245
488
191
38
22
358
241
95
183
217
494
319
39
356
460
475
472
381
418
373
497
80
435
28
307
237
174
478
18
336
39
392
490
465
83
387
319
219
212
223
453
282
9
52
406
322
109
65
426
453
475
247
345
398
6
500
422
213
203
85
294
189
405
68
416
310
453
126
354
221
96
332
63
466
163
44
55
151
178
116
246
328
451
372
114
337
63
306
30
309
433
85
485
167
30
99
350
135
264
438
44
297
348
402
153
474
291
382
205
80
31
235
271
459
253
85
467
58
70
40
212
92
261
313
277
62
288
241
48
31
132
342
51
234
504
14
212
8
217
344
499
150
292
356
221
396
179
458
232
249
163
474
34
366
321
346
425
285
467
288
399
339
139
457
27
66
509
397
431
36
276
382
349
296
324
221
330
381
346
205
420
286
46
31
390
146
361
264
201
212
80
213
188
33
466
458
234
111
95
237
231
440
43
139
218
245
350
285
411
7
82
203
115
447
503
349
170
500
203
395
475
369
233
455
488
157
151
281
347
89
78
43
54
445
133
36
134
456
301
285
213
19
17
270
379
311
338
187
32
479
36
140
24
365
136
509
153
42
36
330
130
79
170
340
334
510
70
316
61
354
232
328
316
66
1
478
89
114
295
326
280
316
65
64
411
212
355
504
79
271
80
248
100
51
31
319
9
134
188
220
239
495
467
336
2
292
369
68
4
37
35
272
496
355
430
107
14
340
201
442
108
149
117
363
109
442
238
47
28
287
55
350
506
50
225
203
488
74
77
222
246
483
336
414
387
247
297
332
280
83
40
243
334
395
223
132
361
339
364
291
496
216
306
132
235
304
498
481
475
361
232
48
17
153
408
32
448
397
58
481
488
22
325
345
388
475
312
331
414
349
59
336
105
342
299
79
93
376
310
54
253
173
135
41
289
183
84
493
395
491
232
39
217
123
217
339
83
499
197
81
446
31
475
209
184
9
243
384
14
439
4
74
502
85
7
124
319
192
465
173
366
299
101
82
45
345
214
211
58
166
120
275
323
53
292
44
235
105
224
472
358
221
318
415
256
334
41
458
289
182
345
175
94
315
320
28
344
27
265
277
454
291
363
8
135
503
309
44
237
483
135
143
217
272
226
169
78
470
33
139
101
10
288
86
89
30
254
431
332
61
284
180
75
390
510
300
158
286
421
104
284
167
107
110
280
126
312
425
315
468
427
459
400
238
387
318
81
238
430
48
364
346
121
62
504
365
232
181
387
425
285
380
221
456
133
420
79
107
165
453
317
46
138
346
89
298
448
503
84
107
68
195
290
298
22
295
157
435
368
315
338
326
448
431
214
112
364
281
231
453
435
105
175
65
76
477
138
435
304
381
494
44
38
365
274
271
68
13
484
53
272
344
360
313
155
216
480
494
251
409
467
32
317
228
145
164
220
226
255
348
216
111
445
35
478
482
506
136
232
43
477
220
241
379
397
196
8
220
457
466
134
305
105
355
57
27
490
233
280
11
425
283
6
39
374
386
403
268
390
324
359
121
495
402
335
72
249
355
24
201
489
358
107
215
337
55
497
158
313
257
89
14
232
218
135
333
466
510
243
230
346
185
309
482
127
183
503
240
506
62
350
246
256
70
2
282
475
49
5
347
50
314
110
293
323
428
479
198
201
284
430
318
323
139
41
39
125
319
299
257
100
309
490
255
53
437
382
232
463
389
47
460
229
139
458
341
19
107
194
263
293
319
380
89
338
15
261
82
72
225
364
289
485
32
323
1
142
183
134
43
466
417
218
174
59
252
75
331
282
29
405
46
341
250
103
467
90
17
406
128
499
345
372
509
89
431
427
7
510
309
175
82
238
374
234
243
489
408
368
479
368
465
207
88
209
9
308
342
382
466
111
217
472
297
23
66
318
40
369
108
470
400
231
224
40
350
222
163
93
478
408
350
117
222
9
133
116
372
128
368
487
499
472
102
440
16
205
203
231
501
452
52
332
457
248
481
346
447
219
352
437
376
482
231
501
271
234
493
229
90
422
367
23
501
232
137
420
385
108
331
8
190
225
346
202
109
510
375
221
329
428
114
404
95
219
150
475
152
117
369
58
110
54
163
233
240
492
15
254
383
446
78
339
6
52
378
337
38
468
496
460
14
491
110
40
295
196
333
80
284
44
48
281
185
245
250
356
66
408
289
302
89
197
29
23
217
451
439
149
62
409
89
480
294
100
481
271
118
504
230
126
328
76
423
69
15
135
487
16
362
207
179
488
388
139
509
119
148
61
298
226
320
448
243
21
33
437
289
45
76
467
69
104
407
132
501
4
492
74
225
135
203
334
45
416
345
81
286
418
131
283
430
463
7
486
264
399
0
377
244
482
134
4
358
425
12
457
127
488
509
441
19
328
185
446
118
325
39
268
289
255
473
357
467
444
483
32
71
321
120
159
275
348
498
353
472
235
105
397
346
218
226
109
396
379
254
484
46
42
454
60
65
328
126
136
291
120
310
236
433
19
96
165
33
478
365
290
451
479
10
219
128
125
288
368
310
483
32
149
79
473
229
183
323
302
372
342
344
186
257
253
41
397
401
28
345
423
309
384
35
407
239
384
103
203
108
133
142
228
45
84
307
248
71
449
127
347
472
54
146
84
249
289
59
257
142
29
49
272
351
282
171
121
126
15
313
242
508
7
242
166
329
350
153
309
136
317
307
411
413
110
282
187
220
54
311
169
396
101
510
65
240
468
100
25
454
302
98
217
38
290
188
115
478
257
372
137
265
449
434
316
54
82
107
50
131
323
326
478
361
495
228
387
201
121
197
8
49
413
186
264
307
129
40
407
25
285
466
14
54
271
33
135
487
479
156
302
4
306
148
366
494
297
506
242
350
229
186
4
294
502
234
495
354
231
476
449
223
115
243
65
400
84
356
324
92
498
106
340
211
34
306
60
466
7
268
290
479
250
429
255
343
283
186
34
310
367
146
456
443
319
489
7
81
90
69
297
69
133
250
102
83
39
468
279
425
391
395
310
274
439
90
6
421
458
203
88
460
236
233
153
359
148
209
222
247
305
220
216
445
480
203
502
98
340
429
69
452
261
353
71
316
488
326
44
351
370
82
495
290
351
195
106
250
344
62
85
32
122
83
309
204
453
403
138
118
221
389
488
314
127
78
131
130
181
29
114
402
309
78
121
17
467
66
102
22
220
416
333
309
328
200
38
86
489
76
445
482
101
316
470
117
311
172
425
483
117
314
310
318
348
106
392
20
31
508
218
376
8
483
414
182
348
96
320
123
152
333
40
445
22
501
110
88
97
438
298
226
31
235
282
365
331
340
368
500
350
174
405
78
124
287
285
221
422
310
194
216
185
290
115
285
435
487
106
17
486
57
276
4
16
21
294
485
38
225
153
503
89
173
444
214
76
6
450
357
451
417
327
31
131
33
347
313
353
190
301
227
37
273
201
355
364
388
252
387
65
414
187
474
238
337
108
117
442
179
28
265
217
340
88
487
137
481
481
69
327
289
236
33
232
32
83
327
218
346
378
60
211
492
168
6
507
16
76
235
345
423
367
86
445
34
501
292
437
304
437
199
243
251
184
77
426
323
117
58
44
474
54
120
7
327
38
388
121
184
50
148
35
289
224
316
406
3
499
221
153
485
339
95
428
488
28
472
76
358
243
42
453
123
494
373
497
13
55
344
477
94
469
295
8
271
89
289
361
384
265
381
475
35
291
4
425
402
428
123
193
137
72
128
435
6
474
62
306
78
436
61
319
325
242
123
142
471
166
28
274
422
446
425
204
394
302
230
344
368
100
226
273
335
346
428
40
182
6
337
183
9
414
371
95
126
232
454
78
505
345
496
348
424
504
151
32
124
225
297
171
225
66
104
311
352
82
29
111
340
343
59
43
274
199
437
330
336
200
302
83
462
443
251
223
451
364
38
252
312
418
493
115
32
401
188
68
168
2
107
111
6
283
246
502
290
84
251
453
303
254
481
197
293
99
472
458
306
430
389
46
488
212
18
76
58
499
22
424
366
316
237
363
370
128
288
416
331
319
377
341
77
58
405
148
312
473
292
138
476
163
82
11
39
263
312
380
121
508
222
13
423
104
93
323
76
203
234
344
363
11
9
341
36
385
387
22
225
319
335
322
34
45
257
236
463
388
6
86
491
401
133
364
218
470
177
414
414
446
247
39
91
132
119
38
51
190
451
292
409
339
446
466
103
441
34
64
467
428
209
26
295
95
85
488
28
497
3
387
58
25
42
330
453
423
481
65
483
38
82
56
272
435
201
175
43
65
363
54
20
38
305
288
350
294
216
473
451
234
311
357
404
339
263
444
385
121
441
131
214
167
254
243
223
231
318
349
253
345
460
216
5
150
310
57
507
310
275
279
214
509
29
22
349
55
501
231
427
340
439
500
505
410
492
227
460
213
289
376
379
313
427
82
236
420
255
393
37
439
86
179
504
258
62
238
480
297
290
183
193
447
307
108
509
297
374
386
55
295
505
57
222
18
314
348
84
494
347
143
49
141
458
363
115
133
376
84
433
225
111
404
51
313
106
309
298
262
142
349
293
32
11
235
213
184
355
30
221
40
172
216
356
236
65
19
53
323
437
336
460
392
368
317
214
271
487
461
460
26
295
480
483
385
312
14
12
2
106
118
418
332
0
499
96
399
81
249
102
132
126
367
203
312
475
475
40
306
101
365
464
40
288
317
487
323
369
370
389
219
293
350
76
231
230
90
457
134
85
221
345
484
387
7
351
257
398
351
140
21
111
327
256
360
411
253
496
96
220
488
283
19
187
36
219
89
408
196
274
230
419
256
314
13
40
203
230
28
344
345
185
104
201
362
328
62
441
481
453
165
204
6
95
137
49
215
5
223
472
92
501
140
10
287
451
464
408
231
89
337
284
336
39
326
465
492
114
502
491
338
31
390
90
473
277
353
421
118
111
280
39
274
16
490
422
319
274
45
211
169
225
445
127
447
377
386
75
134
148
32
38
139
362
311
145
405
290
78
458
127
480
467
344
464
413
131
286
149
119
465
83
408
368
177
84
488
357
247
0
39
22
94
75
445
249
443
90
6
221
460
327
34
70
6
1
420
44
389
140
433
86
8
67
350
440
374
483
351
487
446
126
275
416
100
349
301
117
198
135
358
319
396
3
181
40
394
487
354
214
255
488
440
8
140
24
364
282
476
322
479
105
72
357
430
194
88
55
280
83
250
450
35
216
47
318
240
499
350
43
235
293
295
348
116
320
9
10
261
118
27
495
252
11
419
147
213
394
43
324
292
46
476
335
500
69
136
276
314
338
290
186
494
92
471
460
108
78
244
458
278
331
480
174
431
214
350
174
33
422
109
402
448
383
304
284
367
394
73
46
183
236
144
36
268
505
251
427
451
361
330
69
281
62
12
122
45
405
306
492
61
149
503
310
273
292
318
348
89
288
81
65
118
94
138
350
405
167
204
367
83
423
53
277
149
494
486
131
341
302
148
79
100
225
484
317
33
40
347
308
414
252
188
336
509
246
446
265
391
482
152
399
493
118
457
25
252
362
124
83
182
236
472
210
96
389
453
457
407
256
341
389
136
129
479
411
21
145
464
34
186
424
450
463
285
224
106
464
319
24
23
245
350
6
461
503
79
26
485
293
135
231
423
109
4
479
158
91
242
236
260
284
450
498
235
353
463
301
235
99
5
328
371
296
476
469
391
477
448
265
213
251
0
501
364
433
15
249
109
331
175
316
400
290
334
127
429
375
45
37
347
108
23
102
483
280
124
131
309
21
94
60
76
150
152
477
290
4
257
474
355
487
45
101
108
246
473
353
213
186
487
217
463
135
410
325
242
213
274
12
382
346
477
408
331
475
186
476
83
482
280
83
311
371
203
433
250
146
79
62
384
142
244
60
301
49
171
214
291
478
447
68
441
128
136
103
359
153
270
205
292
141
148
363
53
492
30
218
314
230
448
100
310
330
116
257
493
428
215
27
379
419
447
286
41
376
172
202
48
477
290
8
299
501
109
2
333
122
28
114
195
7
217
322
13
347
106
75
93
84
455
471
139
477
365
308
111
253
365
57
305
452
462
310
255
357
185
375
408
235
291
281
510
386
293
47
506
501
472
326
32
504
183
447
218
447
483
450
135
142
508
280
289
465
87
215
448
465
321
470
363
321
12
180
216
222
276
477
406
287
469
68
461
492
229
215
57
38
86
57
335
495
7
152
188
172
393
97
251
120
107
164
23
283
31
347
238
437
41
93
213
0
479
234
475
418
203
362
186
18
325
54
413
17
321
133
22
391
213
368
269
345
32
255
415
156
106
485
280
65
488
250
500
448
125
18
195
316
401
138
141
101
137
216
432
145
499
268
53
200
126
343
469
42
408
125
218
24
348
399
239
429
449
9
285
101
302
202
395
357
58
28
376
465
318
135
143
150
478
486
275
504
280
300
451
71
262
224
8
40
114
311
450
5
148
324
443
290
301
70
397
495
466
364
281
327
274
459
178
125
402
493
14
434
131
4
476
21
309
215
311
344
5
55
139
110
349
471
4
417
135
62
31
303
277
339
61
460
128
247
499
179
279
289
50
230
420
422
498
466
178
379
447
68
375
274
457
477
100
165
464
381
131
138
467
83
363
463
309
339
169
297
498
300
373
470
503
8
386
45
457
308
324
252
146
7
394
455
76
249
481
503
419
363
438
411
360
36
279
149
231
346
140
30
359
236
309
50
36
340
479
313
442
127
91
365
428
304
242
460
148
498
325
390
248
265
245
310
473
304
491
105
77
272
321
75
321
194
375
313
257
464
127
89
118
79
409
260
229
242
314
361
345
346
486
4
234
240
105
430
396
295
345
281
340
25
55
9
424
84
138
285
495
129
274
342
358
313
285
65
497
289
22
299
471
222
346
59
265
285
162
272
60
106
215
37
415
144
9
357
493
397
375
244
76
166
8
432
230
447
346
218
53
5
460
244
242
495
254
220
194
246
404
385
257
59
436
324
443
77
496
509
462
26
292
290
121
114
423
276
395
163
53
31
454
34
390
502
419
429
59
306
327
338
293
218
452
339
295
444
244
5
292
334
486
39
196
273
258
288
47
10
438
425
197
457
252
346
149
36
214
335
469
22
9
332
128
214
238
59
161
232
110
154
401
85
274
48
126
0
196
472
160
487
287
406
490
378
377
29
87
385
425
309
348
181
59
127
294
82
78
262
116
259
289
301
292
414
437
180
248
21
476
118
13
490
241
88
319
217
222
499
474
263
387
164
219
286
1
463
371
425
286
15
194
309
36
344
467
32
8
393
481
217
385
348
504
300
378
432
497
105
284
265
222
491
226
158
446
309
107
466
290
421
480
69
389
344
365
92
227
472
452
465
31
78
12
95
492
416
215
50
19
466
188
13
254
35
509
405
493
354
327
410
122
95
429
377
212
29
129
212
435
445
360
236
151
388
444
117
391
288
380
40
488
224
31
351
289
33
198
94
395
346
421
439
114
119
437
381
231
71
68
489
239
494
223
30
497
290
462
498
5
81
21
22
408
254
335
506
132
364
130
353
378
494
72
224
275
133
55
360
89
494
19
223
238
90
389
249
64
59
223
331
56
33
92
107
37
178
458
95
171
202
315
137
203
217
151
349
484
473
338
485
287
396
349
392
376
117
49
261
487
148
71
56
439
106
107
48
393
208
266
205
433
33
139
484
401
289
495
40
103
63
450
131
264
300
142
347
470
83
485
295
54
152
224
43
55
23
55
500
224
193
301
442
467
22
280
416
377
232
5
509
133
93
144
373
409
311
341
62
157
332
93
38
299
79
311
371
118
413
43
414
273
247
78
158
214
20
411
455
75
281
139
69
63
311
146
440
209
174
60
349
475
212
82
460
475
242
414
330
221
77
23
456
41
91
106
12
46
184
53
289
26
430
331
313
152
93
403
375
20
221
213
33
187
423
286
73
306
291
173
280
326
495
249
448
458
468
38
19
305
319
91
197
266
465
118
394
343
496
88
7
203
430
246
397
449
361
352
464
373
118
126
355
142
33
205
450
451
309
139
335
122
359
498
297
58
289
29
281
53
334
137
216
225
163
80
200
250
253
344
490
292
141
288
16
141
154
257
76
36
337
83
467
103
175
309
383
56
418
216
30
366
337
327
278
462
302
273
313
231
448
427
288
133
397
332
13
350
37
88
118
438
68
423
462
142
94
44
88
335
232
294
505
68
61
130
321
372
236
285
11
65
399
323
23
393
227
48
402
61
68
461
108
358
349
114
332
233
437
398
234
42
385
446
191
322
318
272
164
409
167
452
38
329
381
155
76
76
142
103
504
463
69
360
499
433
77
497
251
105
450
126
231
302
468
107
391
383
417
396
10
51
89
80
48
469
390
100
173
56
447
290
452
38
433
59
377
385
480
357
355
448
24
346
475
28
480
509
483
56
244
338
413
198
253
216
295
458
211
88
1
86
345
217
41
197
149
269
368
418
341
49
480
37
69
254
221
442
150
351
164
95
187
287
116
458
365
339
1
247
117
268
235
254
256
338
54
120
432
285
138
388
343
464
124
93
211
233
359
236
109
436
18
464
186
0
343
239
113
182
288
285
140
379
44
173
64
282
473
360
33
353
250
183
114
496
132
219
142
219
320
109
120
254
117
7
460
24
454
12
275
289
362
250
108
97
154
425
70
309
375
485
140
390
339
490
399
219
491
280
380
41
57
477
487
304
457
494
489
492
471
66
430
288
484
220
310
73
27
504
314
331
495
363
273
417
321
38
483
31
22
300
166
231
477
235
469
150
211
368
230
347
323
19
100
180
119
290
26
13
192
178
219
53
29
352
453
218
484
230
366
4
49
465
81
501
359
469
456
434
82
440
440
9
203
236
482
56
100
412
104
468
204
173
341
408
133
358
364
451
64
237
460
218
331
93
356
289
9
455
249
91
89
393
87
18
50
377
121
408
19
207
86
139
329
372
247
341
440
288
2
461
384
365
70
203
500
229
256
499
25
33
163
50
440
37
14
9
253
299
224
470
202
145
126
130
228
33
437
283
231
185
403
56
224
177
462
365
150
37
448
477
507
129
38
275
22
309
406
444
30
350
130
48
425
440
94
439
387
427
6
16
406
44
60
247
274
311
215
278
386
54
395
152
40
6
215
393
105
6
254
110
220
337
106
507
404
232
278
274
374
456
95
0
77
435
376
267
178
249
221
229
328
460
497
165
84
468
481
341
302
450
496
111
45
139
75
481
138
104
353
349
126
290
433
128
351
460
365
103
49
395
445
44
366
184
479
344
241
314
180
504
41
16
345
428
158
486
290
421
11
374
42
242
473
19
300
119
508
128
327
126
333
236
482
224
23
47
438
12
470
222
312
55
481
331
206
334
303
138
346
223
398
333
500
331
261
249
102
338
331
495
46
450
66
447
71
53
213
364
276
149
415
497
462
339
37
472
414
454
381
490
451
254
313
334
34
106
371
117
277
471
22
84
57
194
419
79
163
454
132
348
412
368
169
430
488
234
14
425
242
470
297
368
375
495
79
499
363
21
123
127
414
273
302
455
286
145
357
301
281
141
63
109
242
405
30
453
80
453
285
345
187
312
0
451
422
241
432
9
50
340
231
351
339
137
279
62
433
226
39
60
394
184
499
509
280
403
329
26
145
225
227
335
277
493
18
465
144
103
500
335
479
417
216
129
339
8
402
186
186
24
448
383
496
468
483
1
148
1
53
28
239
84
6
138
234
478
287
106
388
394
369
222
257
114
46
394
86
24
118
239
317
84
10
353
441
178
324
380
467
222
196
280
467
484
270
203
256
464
62
103
123
90
215
31
244
348
265
57
495
351
390
238
391
387
60
264
5
450
295
356
6
284
45
39
336
467
476
385
85
236
198
248
97
79
254
165
481
137
466
85
218
131
213
130
375
205
481
276
318
180
13
294
215
291
34
454
448
150
75
211
306
509
2
288
24
472
433
367
389
142
414
380
507
213
297
122
223
265
13
253
48
148
438
216
194
99
318
317
454
107
312
375
89
387
368
226
476
444
79
61
272
45
325
345
448
181
478
291
54
328
113
482
474
248
25
310
225
12
45
358
135
411
479
312
339
472
280
450
255
331
490
454
83
105
306
481
57
224
352
33
497
221
127
107
44
415
503
324
33
352
506
386
121
30
198
475
93
55
113
164
488
186
330
38
388
319
115
377
346
475
350
247
231
133
27
118
406
128
4
356
339
117
343
214
103
247
323
311
483
483
224
151
367
33
228
117
320
384
99
505
394
373
17
451
449
116
113
18
132
36
412
80
58
469
222
335
226
91
317
406
222
50
101
17
467
69
30
20
427
348
444
236
84
466
24
186
31
332
414
350
486
32
222
106
221
202
291
349
501
183
337
438
114
352
505
343
254
139
81
499
170
234
47
169
395
503
289
80
79
119
15
317
434
364
248
175
203
303
275
183
378
45
67
290
134
118
201
500
12
440
44
442
209
307
90
345
10
107
125
493
54
294
135
496
30
15
347
126
124
264
405
56
20
45
35
133
467
457
423
116
291
274
474
62
148
146
319
202
428
487
309
39
188
106
104
222
251
197
488
501
78
319
281
454
480
146
151
309
46
439
289
361
440
53
287
55
373
79
506
289
19
470
292
53
135
105
450
215
294
452
146
256
85
283
169
30
478
365
370
131
91
232
203
496
430
290
276
439
219
137
443
118
312
187
363
469
92
243
310
62
255
42
290
275
400
196
326
69
254
55
504
323
22
220
33
223
4
195
435
238
324
318
475
328
387
471
138
293
40
124
107
126
124
456
294
44
384
474
448
212
285
52
457
117
346
209
119
48
183
203
153
137
23
326
4
15
407
166
77
212
287
424
356
254
49
108
311
317
229
108
320
136
328
381
40
447
365
504
310
249
233
84
310
83
126
286
35
134
149
13
244
0
105
77
376
377
491
373
487
297
26
142
306
142
203
39
252
205
352
138
281
305
402
322
225
74
271
239
57
123
335
479
300
451
448
385
7
495
2
85
17
221
316
395
242
10
167
416
487
58
107
43
45
468
443
380
31
75
508
110
53
413
79
371
476
293
361
153
56
32
389
55
344
475
405
124
437
125
368
385
173
366
56
383
444
197
232
187
183
173
419
402
93
249
221
173
83
45
250
440
481
451
8
109
490
276
149
354
237
26
294
64
294
113
226
135
306
58
100
184
145
238
239
460
376
349
397
68
394
394
70
233
312
72
231
481
339
355
216
341
81
21
506
217
298
284
20
83
117
2
54
357
273
134
500
139
345
65
350
14
110
427
304
303
229
355
309
91
39
287
457
142
484
317
365
240
123
90
500
288
246
93
295
239
500
71
289
120
474
115
391
87
124
203
216
418
477
91
89
254
50
398
350
222
282
460
308
48
235
354
357
448
216
124
314
384
186
183
445
407
271
426
449
355
107
175
470
77
374
330
182
393
378
52
457
100
189
472
421
235
228
219
238
471
492
314
424
473
458
64
42
345
345
133
406
287
378
360
491
236
237
5
114
207
224
448
467
34
173
275
343
46
435
69
9
398
435
392
300
247
303
172
119
212
136
500
20
151
485
53
87
251
256
111
16
86
9
99
108
94
176
178
114
98
64
102
96
87
64
100
139
86
87
55
138
91
87
110
94
35
55
86
16
101
17
138
55
96
17
93
35
128
347
498
498
347
494
495
345
495
339
287
347
295
498
347
495
495
347
350
495
336
347
478
495
347
495
495
351
498
347
498
495
344
489
496
475
489
347
347
498
489
495
502
347
495
344
345
498
498
495
347
344
494
347
489
345
495
344
345
347
498
347
350
495
348
339
344
348
495
495
502
497
495
350
498
498
289
495
495
495
498
297
347
347
347
495
348
339
489
495
497
347
348
345
498
489
489
350
278
344
348
495
498
495
497
295
498
498
495
347
347
426
498
347
495
498
477
344
345
498
347
498
347
350
320
347
345
498
489
347
495
348
272
293
498
345
344
347
495
498
497
347
347
495
486
494
495
498
498
498
495
348
345
495
498
497
495
466
498
350
495
495
495
347
497
495
498
345
497
498
498
350
441
489
498
510
495
440
495
348
345
347
497
510
347
348
495
347
347
495
345
498
345
489
498
344
289
348
495
494
495
345
347
494
347
495
497
495
498
441
338
347
498
347
495
489
489
495
