46115
1032
415
613
650
494
919
932
224
530
961
434
350
978
496
803
547
577
580
589
125
137
312
800
359
315
692
134
352
848
557
549
578
249
327
488
1027
458
543
362
813
34
677
253
523
415
873
765
606
447
697
719
530
395
268
302
622
484
718
681
590
684
360
29
250
494
596
580
140
39
873
634
585
180
607
300
103
537
971
890
634
591
201
761
1022
560
869
708
717
420
819
181
452
155
988
679
892
205
670
870
602
167
860
36
243
748
296
511
36
539
734
642
471
938
971
768
888
218
238
635
872
363
189
993
827
543
294
859
997
471
475
496
310
756
45
780
551
838
983
709
647
780
511
339
660
312
488
705
703
546
457
853
692
875
353
792
268
349
169
691
731
538
541
812
638
1019
246
845
553
539
494
219
1029
218
594
998
298
355
1005
767
804
255
40
567
229
638
626
508
16
680
809
1022
410
625
478
210
312
839
987
975
236
105
920
896
201
1008
714
362
22
690
814
55
740
485
990
509
277
37
748
219
264
972
602
697
313
181
828
558
256
713
24
375
886
432
963
657
965
47
508
984
246
715
885
843
994
892
629
474
655
968
550
575
903
956
38
105
857
490
952
431
246
312
952
940
839
338
409
227
300
422
219
695
887
451
761
643
648
457
343
861
904
391
172
593
456
755
921
277
714
976
1027
125
738
944
419
601
850
917
662
712
932
918
921
736
938
501
510
904
919
632
995
834
312
662
204
830
696
1006
379
545
785
186
954
509
252
415
666
341
286
541
467
965
179
898
308
264
524
236
211
918
343
318
908
766
378
91
279
1002
761
690
838
703
887
362
312
129
493
252
503
309
179
217
535
805
253
753
803
244
173
638
698
481
219
944
1007
325
919
46
31
1022
236
936
120
346
813
309
339
574
549
591
47
234
803
508
997
599
985
532
703
765
1026
446
564
860
197
479
647
526
237
186
200
204
774
958
662
959
324
318
585
820
518
238
700
192
90
871
653
484
702
420
754
463
466
715
355
982
905
157
766
465
756
758
532
871
719
583
146
774
454
249
324
596
815
1027
713
151
549
202
734
849
672
15
978
493
420
1024
163
525
50
283
492
917
311
579
549
487
213
601
1020
276
709
198
85
469
711
976
235
533
1031
592
256
940
505
233
551
304
564
803
466
184
186
585
740
729
552
400
309
722
350
214
952
605
1002
497
924
883
606
656
334
777
218
735
543
644
987
576
967
891
820
897
506
592
510
253
576
871
380
259
209
149
866
813
35
788
235
861
881
467
281
220
915
319
955
859
225
958
716
881
552
702
585
328
994
57
449
680
878
492
558
412
998
32
626
306
661
206
830
987
687
678
808
820
197
234
243
28
280
40
582
790
692
42
551
969
113
1006
909
599
205
880
493
492
413
1009
481
477
192
335
244
708
193
792
32
812
190
593
300
214
584
726
192
577
769
543
57
924
1025
712
822
643
887
663
923
517
90
732
493
475
950
588
726
702
113
721
895
355
597
173
862
134
975
587
859
42
928
763
618
536
631
768
613
553
107
775
615
821
846
909
602
494
571
201
215
506
825
914
552
705
215
458
929
559
278
634
961
952
662
210
160
30
233
556
463
954
588
511
971
994
233
1007
357
500
836
964
775
691
892
748
162
682
661
813
724
476
993
877
80
497
592
661
234
680
843
706
669
702
39
604
816
735
682
544
1003
549
548
671
896
839
1007
1027
715
790
748
919
214
510
699
265
493
591
954
876
591
178
304
7
612
682
943
850
551
295
566
934
515
578
692
815
759
442
64
812
480
42
782
929
664
278
859
617
477
780
766
936
939
530
810
839
980
961
637
324
536
966
712
981
218
891
1010
657
611
813
980
309
978
758
49
754
49
412
164
936
586
754
644
505
952
653
842
949
864
156
951
45
591
595
657
14
788
530
465
786
289
627
262
49
277
188
340
261
418
519
264
949
560
881
713
995
163
474
776
208
724
667
826
653
500
218
774
959
441
612
217
1024
846
659
302
690
865
705
47
117
645
170
597
906
605
575
189
434
65
1027
1000
540
411
559
698
554
583
762
834
257
1014
782
800
693
101
880
501
493
197
886
703
296
721
834
253
231
668
775
664
776
755
994
362
660
987
233
890
168
266
247
553
908
542
657
1013
982
880
713
1008
173
330
522
832
499
1030
200
203
823
840
1002
7
218
718
684
225
37
904
779
445
1027
746
735
302
141
840
368
712
906
231
631
761
599
394
306
720
158
260
774
986
38
875
535
701
15
732
696
993
8
755
34
347
919
189
47
913
472
801
701
561
825
453
493
476
779
44
535
891
712
42
457
891
534
996
998
268
622
576
637
550
903
747
579
507
451
186
4
87
176
570
867
555
758
227
774
125
495
599
511
426
176
779
106
626
652
553
1000
723
424
846
560
802
1009
178
281
134
224
141
223
960
616
553
802
445
177
325
267
826
655
999
814
35
990
414
550
813
580
314
967
606
222
380
991
939
232
158
723
502
592
303
630
202
702
793
666
940
753
829
596
935
613
198
413
656
293
573
237
938
554
974
193
606
979
535
655
442
199
922
715
921
972
892
544
922
971
304
637
242
595
197
237
942
728
380
727
492
143
947
503
916
634
994
190
645
303
690
777
982
572
494
293
201
376
942
931
593
490
805
907
261
333
828
797
50
956
229
994
573
281
424
598
598
306
759
46
581
881
548
811
520
602
224
555
554
844
109
658
409
430
875
548
914
47
472
516
843
983
382
744
164
727
536
852
672
932
418
586
823
667
883
381
192
330
163
751
850
979
449
400
616
842
746
207
265
42
595
560
516
975
550
631
313
610
694
202
234
695
843
281
878
797
423
515
1018
385
576
28
855
993
945
1027
381
902
902
412
667
670
530
105
917
298
999
874
921
501
449
551
515
591
706
241
729
811
702
451
787
987
299
279
197
85
27
279
582
454
1012
935
898
185
46
170
719
825
856
690
713
229
903
660
497
688
758
992
994
739
364
165
238
325
841
405
895
900
558
754
607
687
194
116
543
566
915
534
752
892
760
43
172
319
872
977
945
543
491
593
341
687
75
566
971
986
278
555
920
824
931
979
418
38
899
835
936
625
499
218
704
48
928
500
925
178
733
813
31
924
967
902
1024
779
908
177
297
195
872
898
1022
970
433
917
749
880
704
987
257
656
793
872
46
250
840
229
281
598
542
1023
963
18
215
470
907
168
465
481
301
310
874
44
1016
479
402
10
911
229
111
814
588
504
151
582
626
858
244
553
112
322
943
195
901
167
765
1026
600
605
813
981
34
930
237
422
976
928
38
736
813
561
989
484
813
46
372
503
706
574
668
565
19
328
691
878
836
280
531
240
797
558
585
900
840
191
714
204
838
228
586
506
931
216
631
170
987
340
276
1031
203
1025
600
280
953
278
821
1005
685
1029
63
908
1018
306
291
1021
594
105
865
545
163
734
505
451
508
968
651
215
505
764
553
581
717
263
100
457
953
874
1026
586
979
832
101
420
43
523
482
340
37
987
851
671
968
307
302
225
164
789
951
816
985
544
512
750
936
768
861
967
164
509
440
305
791
791
502
969
301
502
706
901
456
157
530
165
516
827
627
538
342
713
311
193
433
846
265
218
588
404
613
305
548
572
615
325
1022
972
872
427
203
721
323
41
186
602
313
729
454
969
492
892
719
965
423
573
573
648
418
1017
177
15
698
690
591
379
582
45
126
580
930
50
819
729
167
108
538
621
481
843
457
992
198
582
162
499
46
932
318
275
798
493
752
576
994
1023
537
467
453
772
550
896
670
633
754
101
544
935
170
208
475
195
45
962
934
504
903
987
779
492
922
316
19
731
558
630
194
538
1002
442
305
839
19
210
976
848
1004
583
196
2
261
720
539
724
48
691
736
94
215
662
789
744
3
807
729
546
551
299
158
539
695
923
143
444
125
693
993
38
629
857
903
653
892
877
680
260
202
514
339
111
844
990
18
381
504
540
200
828
732
432
406
246
652
970
992
648
409
946
451
819
874
777
457
458
724
931
937
967
846
159
630
834
480
156
317
340
992
485
549
864
1019
50
1004
797
290
813
536
184
512
379
603
550
711
429
897
179
1013
824
702
162
605
650
828
739
413
753
991
485
224
429
248
307
983
919
968
525
793
550
847
716
483
216
623
867
186
647
705
431
37
741
557
242
606
508
166
778
305
694
898
94
252
824
860
380
474
822
674
177
631
99
187
643
544
339
980
923
324
511
164
301
558
362
964
652
385
805
157
754
222
299
530
616
984
822
699
519
908
774
745
747
241
885
651
918
969
854
711
605
526
184
930
687
172
224
797
927
786
875
499
237
257
804
917
204
324
646
341
288
148
794
540
724
951
155
245
1025
307
200
703
729
451
1003
905
613
351
783
592
189
252
878
834
523
473
917
914
47
1003
28
815
509
932
606
984
974
657
419
308
219
591
299
202
773
526
550
108
503
412
880
574
739
428
276
256
224
434
758
45
992
498
637
785
789
939
582
734
209
510
292
488
549
50
717
480
483
814
693
650
924
977
526
236
703
1012
163
772
820
120
31
859
670
992
45
375
430
252
310
615
210
581
373
20
625
595
949
463
202
647
697
978
592
769
971
381
991
751
881
539
692
723
306
811
412
953
768
598
878
672
325
787
25
948
804
764
505
535
936
267
500
537
279
754
820
892
884
626
734
312
260
199
529
491
863
543
906
1002
162
236
902
453
390
978
942
704
239
347
975
692
57
604
885
706
486
855
821
534
470
880
211
164
443
861
165
737
587
52
45
55
586
1012
772
777
956
971
779
41
49
254
956
603
472
695
831
837
549
517
876
656
227
821
559
1018
173
237
719
579
379
465
579
509
727
88
595
815
157
835
949
101
495
954
376
186
725
1026
216
205
559
901
518
153
758
862
324
159
77
914
555
111
582
980
608
591
737
765
773
861
583
808
763
663
490
280
194
171
968
704
227
565
647
965
312
510
865
791
259
77
156
600
91
975
23
850
993
526
796
949
512
974
260
620
706
253
932
748
246
590
985
973
953
416
938
655
922
367
470
46
204
325
464
934
964
845
962
1024
219
535
667
519
584
445
416
688
96
298
253
961
545
512
278
52
871
522
695
210
643
230
963
879
979
268
978
45
951
475
918
920
697
995
631
159
135
291
883
585
322
597
412
611
574
844
611
803
442
17
298
526
936
683
663
630
400
672
559
134
748
383
36
843
685
279
584
679
964
1007
503
943
235
878
194
201
771
975
36
646
249
1022
485
25
1025
932
631
902
573
494
802
635
214
593
842
185
312
67
587
269
586
902
536
668
961
232
1024
752
537
518
631
493
457
975
210
692
205
194
552
400
600
580
381
783
827
906
324
539
564
548
538
660
763
265
786
126
817
464
655
725
835
726
746
334
93
667
1018
470
922
651
268
141
614
307
852
972
951
971
17
28
288
727
865
527
611
436
254
446
187
765
247
173
706
142
585
786
994
604
38
18
590
985
940
516
571
441
747
947
172
758
639
666
232
593
871
993
65
679
165
754
894
603
668
627
793
671
589
580
597
974
696
1003
777
741
44
228
525
211
628
249
773
992
581
645
42
354
676
306
976
520
535
450
764
311
388
501
489
370
549
19
675
884
988
193
742
274
714
1000
348
210
275
474
615
43
599
737
877
759
114
795
749
717
697
163
942
242
589
941
420
1029
905
677
696
949
1006
778
63
930
574
652
1001
1023
322
972
971
238
659
929
347
187
141
226
824
903
1015
542
212
571
914
445
155
558
559
648
453
989
411
813
310
914
633
475
934
1003
825
798
713
1022
571
830
230
91
1026
690
756
986
768
243
976
813
626
960
782
512
707
825
201
967
664
618
835
541
37
21
615
655
611
579
393
924
15
935
615
454
774
495
14
932
537
836
800
595
767
580
222
667
807
733
37
850
165
448
677
266
853
1008
163
29
246
796
483
927
479
674
457
85
561
477
242
643
453
831
987
116
247
1010
550
729
419
840
690
379
857
552
682
222
561
230
65
311
802
122
44
769
624
160
662
448
59
951
767
582
217
745
265
699
716
116
598
651
40
127
679
548
506
288
601
806
191
793
973
534
235
748
577
645
252
295
1022
254
918
661
303
600
356
254
602
220
769
283
323
534
525
298
623
534
351
495
374
903
911
351
659
869
613
595
712
531
187
981
514
946
573
298
872
380
695
992
686
920
472
956
163
679
607
918
937
539
621
661
795
513
534
714
138
757
116
640
491
188
487
46
174
531
137
828
975
223
989
907
994
1009
92
596
228
250
644
978
544
724
651
173
651
959
966
184
645
362
699
483
61
987
700
886
550
501
762
455
782
917
670
189
49
655
275
660
662
874
450
454
411
213
396
847
37
436
986
912
875
242
664
1026
705
901
132
200
416
537
263
939
908
975
170
834
318
761
899
443
799
226
542
916
664
889
597
586
969
450
938
470
155
240
345
670
589
325
874
917
1006
83
380
1002
518
20
307
203
703
742
412
704
977
216
463
366
631
235
965
683
836
176
702
960
770
488
627
977
901
659
868
555
463
992
524
601
531
1025
723
359
170
164
555
302
741
560
911
647
547
812
261
157
579
846
946
931
1007
894
988
535
43
481
559
249
1024
585
926
775
927
14
160
418
27
611
931
658
278
541
712
943
506
910
831
592
214
910
849
599
567
249
542
620
949
806
833
665
505
906
559
296
13
762
986
35
177
714
662
683
535
36
349
908
796
515
912
754
844
225
737
293
550
799
1001
835
926
639
840
951
191
977
991
249
193
790
207
303
856
805
191
238
728
706
949
466
513
539
935
261
249
9
396
1008
479
265
280
937
582
234
880
630
866
289
726
38
717
103
908
489
776
1002
376
928
557
654
169
509
958
940
332
807
885
890
693
971
778
611
800
789
34
284
825
925
207
1014
155
585
82
380
643
876
588
243
224
592
596
719
206
507
197
443
949
716
156
921
908
227
1020
48
286
685
106
230
239
1023
255
695
501
870
419
226
52
165
1028
80
588
579
558
151
510
685
832
705
381
906
765
960
619
371
421
576
1012
648
226
81
840
313
519
796
943
302
1012
856
728
891
628
668
852
48
87
961
612
930
830
280
165
531
440
765
543
547
313
48
227
936
151
240
790
513
597
637
839
881
966
853
45
760
980
1029
226
995
268
163
894
626
34
1022
722
240
168
700
636
106
861
1019
523
895
502
881
51
284
789
540
341
814
947
333
965
201
837
847
104
256
793
159
609
959
615
343
637
969
612
152
396
305
256
990
671
574
840
1023
162
548
586
667
621
905
554
757
377
573
706
231
1023
818
512
801
922
534
689
175
931
586
890
982
416
682
216
611
972
919
510
972
314
34
21
175
595
522
885
656
545
541
790
912
811
551
367
613
594
866
168
747
562
701
206
38
799
265
909
687
491
638
691
749
872
899
735
163
549
583
768
499
831
222
673
709
629
762
658
1008
998
302
379
411
769
234
936
291
869
231
722
558
576
290
935
366
634
891
1031
200
234
368
640
718
969
480
202
621
966
54
692
437
995
151
961
971
235
695
298
260
509
961
771
790
1030
233
610
938
224
1002
764
798
549
216
886
177
384
597
494
527
905
1006
1023
81
612
563
1010
368
1009
302
721
602
521
38
622
533
660
777
628
942
703
807
698
1003
20
752
560
462
683
882
988
192
500
524
981
553
758
868
175
721
745
475
426
36
176
1022
466
170
1020
307
676
625
811
579
930
652
251
660
649
134
44
745
167
185
793
304
990
538
941
279
393
917
242
802
551
683
365
1000
961
396
226
1020
725
478
1021
988
633
539
745
922
681
798
550
246
1009
474
1029
742
995
644
957
475
519
386
114
896
897
597
276
661
5
513
545
254
773
436
991
746
253
529
472
606
417
307
325
942
68
589
504
721
805
406
790
41
554
939
554
802
918
397
750
177
914
690
482
796
905
483
198
537
175
473
614
933
730
582
306
913
867
994
897
695
938
510
476
596
824
750
553
400
94
535
431
791
505
718
366
708
476
598
819
833
279
441
111
300
729
157
200
253
911
1002
852
225
819
880
13
548
840
648
747
650
528
90
275
627
778
572
103
638
184
1
648
560
223
723
655
551
82
771
778
929
181
935
994
502
941
905
857
828
202
545
797
394
979
204
385
30
237
991
104
954
727
668
432
206
714
987
202
592
52
303
989
739
280
943
379
984
885
186
447
380
771
583
379
220
411
541
947
684
1025
921
967
189
472
931
548
940
313
545
544
1020
508
451
100
485
213
991
905
725
401
986
307
744
163
215
240
654
431
281
143
885
653
933
281
684
515
550
327
659
35
593
996
977
277
298
787
979
433
534
820
903
316
888
616
761
217
586
881
1001
658
1
638
653
620
234
176
857
217
215
5
127
311
749
669
939
813
999
914
990
957
325
583
627
549
875
602
584
800
951
217
990
348
863
451
655
999
74
682
1002
819
661
720
372
266
505
876
313
858
702
606
606
29
1030
429
548
52
268
239
591
785
250
476
834
834
697
984
418
163
977
230
696
189
962
142
695
572
962
797
595
239
134
1022
554
174
304
588
970
268
877
647
963
216
567
803
41
940
67
930
964
710
269
999
225
249
450
981
710
0
534
626
857
39
844
639
722
401
962
854
236
305
800
208
887
253
854
159
540
356
771
895
791
773
530
473
986
67
838
561
454
584
660
572
668
1027
994
915
127
617
811
878
703
1012
663
195
661
584
760
978
142
760
966
180
473
712
383
543
159
476
211
1012
244
772
47
508
889
795
1000
439
151
34
734
837
541
724
659
855
771
331
194
318
796
239
993
178
963
921
4
701
656
895
835
764
309
704
44
782
465
622
915
520
737
582
647
173
480
950
903
63
324
172
912
822
479
331
561
218
957
565
876
495
76
732
552
614
588
28
570
690
228
930
960
918
963
851
184
556
552
847
985
135
281
807
624
781
872
587
257
747
177
562
749
157
943
855
878
547
999
45
728
530
842
597
247
898
209
986
210
945
157
646
492
950
141
725
634
97
549
909
216
39
948
499
310
300
780
605
581
33
167
546
634
823
196
632
1008
647
516
635
267
889
514
445
487
439
162
481
635
947
280
463
608
780
598
871
608
498
449
893
959
876
860
252
923
39
634
550
832
741
897
228
542
946
992
818
629
635
947
628
609
110
309
820
730
1019
6
246
715
919
505
662
214
665
1011
716
992
553
719
220
239
164
365
743
875
466
755
772
40
598
618
170
766
681
998
889
677
971
827
862
434
550
116
266
874
161
621
759
38
877
326
1016
540
161
104
643
94
987
951
562
382
297
899
102
1028
358
252
7
669
541
992
1007
207
530
684
668
434
700
485
573
561
968
921
187
945
141
602
748
814
812
304
574
294
837
231
480
843
217
970
557
897
251
1015
646
206
497
751
489
950
416
511
538
756
888
605
161
34
564
956
560
169
662
967
272
45
684
949
843
552
301
722
312
623
935
169
14
993
208
298
254
416
556
161
621
900
181
295
271
446
601
835
592
944
989
828
303
1020
326
381
970
787
353
279
624
828
362
260
1003
470
235
738
712
598
657
965
579
472
137
937
203
622
891
35
773
530
269
700
564
963
21
556
642
358
415
933
180
545
447
266
558
308
806
940
1015
836
1008
151
985
613
329
197
512
723
903
394
575
680
236
575
270
506
553
760
132
275
305
800
586
48
846
551
160
997
963
659
382
321
224
549
508
569
804
623
944
882
308
278
394
766
1018
907
937
854
720
250
968
589
842
635
42
922
756
973
179
78
394
456
510
173
977
796
766
237
705
258
753
753
261
910
758
821
795
79
379
1001
412
519
154
955
722
1024
625
723
425
657
443
950
483
892
983
303
480
539
508
752
303
236
580
826
21
624
707
672
699
763
48
663
677
604
534
161
382
982
953
247
395
962
910
121
8
680
276
867
812
714
485
701
612
702
725
1006
404
395
679
968
39
446
796
579
241
430
250
993
920
472
844
159
72
964
383
930
304
183
267
909
965
474
966
287
656
989
902
731
697
437
977
801
36
253
656
910
579
175
172
680
986
453
698
809
549
426
676
272
240
175
647
758
73
134
550
494
681
942
184
526
305
515
702
384
51
154
819
581
988
666
615
35
374
627
888
896
927
979
795
245
397
257
170
560
186
987
670
284
816
259
982
510
40
678
466
423
387
473
895
589
627
1023
599
344
900
582
61
1028
349
50
273
236
724
408
222
750
640
610
605
582
376
442
188
662
852
549
849
544
589
483
524
304
48
816
137
728
381
620
931
849
137
611
890
10
253
307
434
580
614
769
936
900
550
681
1013
800
567
159
681
1016
543
908
75
220
766
614
317
939
1016
1021
827
129
293
287
1008
632
941
488
438
714
995
641
682
304
655
659
250
600
870
149
186
309
917
586
710
279
871
797
37
968
490
239
424
1021
692
435
849
489
1020
290
763
414
876
478
913
527
31
92
972
622
123
563
997
492
713
231
564
444
586
448
6
638
978
255
493
453
423
984
521
1
997
197
826
44
772
475
702
591
525
560
473
781
759
733
901
1026
474
837
423
234
661
264
191
508
801
614
674
509
213
632
741
300
740
893
710
772
858
616
993
306
238
669
805
847
878
141
248
558
252
966
697
316
658
993
917
335
850
273
810
1031
1026
593
249
222
475
184
603
603
517
472
983
956
560
968
164
105
522
560
575
628
952
133
244
737
553
86
659
975
869
486
1031
838
929
498
740
504
301
590
738
503
932
220
381
1031
265
802
136
975
469
620
913
472
338
1021
249
237
897
343
762
988
896
417
157
274
421
967
313
561
691
254
257
480
285
374
324
679
588
572
487
42
488
688
679
900
612
648
840
960
602
840
806
258
703
671
137
611
510
622
793
879
441
598
236
877
931
493
389
331
583
463
534
719
731
580
287
598
603
844
841
813
579
675
782
1003
649
604
640
445
137
588
904
235
31
684
900
123
208
921
267
182
611
387
815
612
304
573
304
534
614
394
769
535
588
992
993
659
486
589
816
645
236
156
473
765
890
705
37
520
799
683
592
771
705
997
255
586
1022
493
505
253
632
571
390
42
420
648
883
186
654
731
951
750
871
197
782
192
238
290
285
914
714
1020
658
562
236
759
538
1020
464
38
947
202
665
880
652
122
772
564
151
734
311
255
354
992
922
713
211
191
209
346
751
988
888
290
492
644
20
245
86
16
226
217
1022
302
852
672
597
561
641
685
860
395
997
681
268
404
728
593
615
253
680
949
1023
589
987
472
553
733
940
814
535
729
782
218
1030
302
1004
1031
218
471
612
636
883
988
383
904
334
1015
697
811
426
379
936
248
596
845
304
84
226
238
663
740
988
40
300
468
44
173
222
226
1020
944
257
295
312
753
869
511
731
845
245
560
1031
219
623
383
825
273
792
987
618
848
992
929
586
973
580
201
738
165
740
543
260
606
84
601
836
552
980
597
696
953
183
977
606
754
373
480
328
1023
241
679
419
1006
974
480
134
110
475
416
719
278
677
704
38
498
910
780
907
465
656
868
98
718
87
830
140
458
303
492
909
813
715
551
916
202
549
906
239
913
237
675
453
801
553
519
33
846
727
656
252
651
697
505
474
303
112
408
828
547
724
84
921
247
663
580
726
443
987
34
965
326
908
1015
810
840
210
381
580
706
426
166
935
694
549
862
508
583
778
979
800
986
534
172
905
865
898
46
976
768
870
493
970
234
691
453
188
540
912
603
704
1023
197
1010
506
507
918
864
661
762
319
247
867
184
940
831
9
1007
981
673
52
971
432
610
50
82
453
802
699
974
379
974
200
597
237
1030
689
698
902
761
286
437
947
176
399
550
466
225
812
235
143
765
222
504
440
1018
531
865
650
81
260
299
740
410
579
920
380
42
232
692
279
303
182
561
994
949
542
931
956
559
787
727
936
999
773
603
594
216
195
364
851
905
195
640
854
710
992
894
551
240
781
910
398
867
813
339
395
801
986
997
567
986
590
411
691
558
1006
1025
783
310
19
804
1006
319
317
994
200
65
276
206
380
412
519
550
547
142
873
878
627
654
602
778
995
398
155
265
214
981
156
452
799
525
994
661
698
241
550
627
661
59
961
1021
483
599
895
303
616
391
824
969
901
699
307
247
984
993
236
525
775
1006
407
64
472
934
820
799
420
246
419
324
551
1027
298
868
550
791
441
838
670
910
112
175
917
32
988
493
209
234
198
991
830
769
482
473
904
201
530
39
807
590
609
276
466
988
571
968
605
150
503
551
52
614
176
799
1001
881
157
898
231
111
310
535
521
589
447
844
226
934
241
718
201
64
476
597
955
759
676
476
12
584
360
978
822
599
145
628
901
1003
614
132
942
41
871
968
397
554
908
201
822
650
1016
482
552
557
975
965
689
971
931
223
69
1028
488
698
14
229
958
223
555
874
730
74
978
850
495
932
509
791
1023
977
579
531
670
325
667
151
38
671
840
636
232
415
296
12
991
589
624
828
748
36
773
956
956
1002
496
695
732
516
557
159
485
806
236
256
173
687
168
917
904
866
384
583
249
710
696
690
564
908
545
552
115
474
790
625
566
487
588
585
501
534
1016
50
7
931
219
548
574
532
482
658
749
482
992
851
313
703
185
216
628
968
518
358
283
709
665
238
1031
813
166
494
1029
961
170
249
964
953
721
598
418
641
286
975
665
415
861
510
936
591
777
372
551
418
891
696
779
205
861
536
753
751
268
218
711
898
464
581
46
870
455
968
503
589
992
1016
479
910
509
553
465
203
553
50
45
174
608
874
245
879
648
865
761
717
427
45
567
714
838
682
51
181
706
821
97
705
883
755
434
744
269
970
268
556
614
403
972
943
483
433
584
1014
596
765
834
891
597
195
510
502
693
37
717
979
634
700
691
733
203
197
667
867
955
843
434
143
1007
706
615
1015
556
574
206
1008
852
262
300
429
1021
595
698
250
1029
494
811
600
904
577
825
803
658
632
163
262
530
594
870
891
1022
883
591
159
899
535
964
893
124
631
760
647
1016
175
259
516
109
278
556
211
968
45
441
560
912
890
485
454
868
418
309
1007
616
575
908
698
43
949
828
550
554
257
949
47
244
15
566
525
490
870
1027
325
902
751
405
496
677
657
581
41
837
739
729
899
238
187
509
165
38
324
552
309
996
269
524
306
687
736
654
741
799
316
984
116
657
551
178
479
875
531
11
470
263
541
834
698
262
780
875
760
346
340
959
443
170
183
713
837
682
497
813
138
805
680
117
792
785
596
352
44
566
626
154
619
554
964
484
1013
692
428
602
435
443
519
311
989
843
229
542
1011
1003
592
199
223
277
380
246
210
304
561
761
719
629
711
874
603
797
1012
185
1006
670
118
593
186
953
989
198
19
780
963
919
574
978
431
524
451
417
1024
963
966
989
457
813
649
757
930
515
959
38
34
814
299
312
343
125
981
268
574
975
491
312
108
991
686
216
827
640
965
186
1016
231
810
950
362
607
37
103
955
184
934
46
354
558
877
677
226
275
1007
756
918
954
251
697
921
538
497
489
755
231
668
511
652
244
532
825
884
242
897
744
38
476
887
80
160
441
686
863
512
552
299
1007
698
297
531
261
696
803
277
237
583
877
1027
214
559
127
137
722
167
312
814
499
17
842
434
421
234
265
212
993
669
866
909
833
119
934
690
806
685
595
699
1002
383
268
502
7
46
749
639
352
692
740
920
900
492
14
598
652
763
179
608
595
231
687
327
358
48
873
589
1026
764
869
801
200
312
940
307
851
534
580
741
641
989
579
976
991
692
272
247
650
894
514
224
588
727
38
111
137
872
721
666
446
907
974
718
324
564
719
574
925
718
994
164
698
609
679
185
49
253
1008
1025
484
766
582
222
733
985
481
694
679
229
220
900
703
360
492
106
987
448
216
681
890
190
989
933
979
148
29
313
943
294
600
507
93
698
1007
51
634
504
395
242
768
358
709
297
916
900
175
880
723
549
663
625
474
923
824
480
635
454
734
826
534
439
50
809
7
298
238
40
832
294
997
160
820
566
475
878
551
764
231
672
205
482
791
452
1018
313
562
912
226
34
94
26
602
945
976
169
993
943
812
575
409
15
550
321
201
658
325
834
988
500
604
681
928
895
171
311
705
185
268
658
49
395
228
787
340
584
537
375
493
735
822
938
504
192
777
634
952
605
512
947
891
514
1009
947
147
811
328
1028
899
22
12
646
56
1019
256
320
362
511
777
275
592
504
646
438
843
865
967
215
236
938
826
620
886
473
255
230
363
629
125
859
706
701
628
36
165
309
759
692
929
187
551
609
546
774
918
38
507
509
875
966
896
832
1008
952
547
279
788
416
509
819
242
534
823
439
905
956
859
607
321
751
264
313
294
253
36
599
308
195
877
234
220
234
375
267
589
549
493
534
912
833
465
954
767
618
662
963
313
915
559
677
536
788
764
410
660
279
414
1011
190
260
191
948
895
542
611
744
219
953
597
636
939
647
628
191
329
667
639
247
104
1018
875
1016
483
660
145
382
544
608
171
839
511
980
789
281
591
610
842
876
950
498
744
185
826
321
663
249
48
888
790
799
37
253
274
980
929
569
558
692
876
641
759
982
595
894
162
546
198
476
964
994
884
818
784
845
161
1018
560
658
1015
945
416
949
756
720
276
816
744
658
834
474
944
848
249
304
54
20
576
577
948
897
681
98
799
50
18
250
263
866
823
889
726
711
251
447
163
153
305
381
667
509
697
499
894
442
82
800
364
605
632
158
883
368
73
770
646
196
391
152
903
628
896
610
561
665
467
312
216
519
420
946
665
338
52
244
834
574
994
552
654
49
815
634
137
726
223
596
759
623
546
436
927
596
382
962
120
1017
169
654
700
704
556
128
803
544
433
266
170
895
826
927
278
716
894
522
681
142
893
428
793
893
304
790
729
279
794
1003
719
741
885
983
541
602
264
488
670
268
825
42
866
903
595
520
584
856
888
560
274
203
546
752
517
733
701
161
568
960
652
438
82
434
534
638
548
652
931
162
828
949
213
701
592
175
874
592
648
873
630
454
1017
235
956
835
360
120
948
212
417
1022
1021
873
590
640
698
592
813
553
621
324
564
711
236
596
528
513
557
593
980
77
682
58
754
382
779
840
972
656
815
268
746
994
583
464
819
218
176
609
917
904
22
424
199
308
807
891
972
907
976
1019
794
200
208
531
535
575
52
954
556
478
309
77
954
198
471
777
455
719
913
506
537
43
519
219
766
639
217
754
967
911
1025
715
862
725
863
224
790
367
102
39
251
908
437
308
529
191
948
1022
587
779
537
1024
302
12
513
980
714
851
552
247
723
206
847
511
896
426
743
506
751
187
394
335
280
188
216
887
34
606
930
680
329
453
949
449
730
586
591
676
768
41
660
860
856
579
782
797
112
474
216
537
1001
984
847
188
1031
818
548
446
331
652
230
728
938
565
565
975
136
854
241
915
538
635
691
802
997
972
449
211
978
885
712
305
930
697
917
206
408
850
344
760
551
1014
169
582
34
382
1010
154
394
560
717
975
502
348
347
580
588
541
618
356
911
303
780
184
1004
558
275
419
303
852
488
204
423
270
489
834
298
586
1023
614
606
313
163
492
608
638
776
665
466
162
517
162
889
589
245
940
629
118
530
202
395
13
482
964
582
665
887
240
762
787
910
539
41
511
679
750
750
958
871
549
423
630
540
377
486
1
912
647
383
445
476
49
677
649
696
635
825
264
459
776
294
871
954
615
43
400
761
971
230
801
751
681
624
782
263
647
737
500
245
500
325
242
773
215
537
996
718
818
221
911
474
911
460
184
590
202
702
558
827
839
538
564
45
437
479
0
405
657
302
515
642
738
937
260
578
932
382
817
703
910
949
267
825
988
970
215
423
564
731
672
933
425
502
225
95
316
470
813
563
953
260
318
472
868
654
518
815
755
849
987
588
43
719
762
451
84
726
945
579
39
470
583
353
199
118
765
179
419
154
855
949
658
950
882
307
849
483
510
943
389
230
938
1031
173
240
807
924
180
546
136
165
862
412
849
239
116
19
501
896
7
477
271
789
39
783
1014
258
988
729
533
301
929
91
560
950
882
300
0
719
1005
153
505
492
395
206
130
976
861
381
231
841
666
628
15
655
276
471
1025
567
1000
882
450
420
513
1028
900
783
48
307
804
759
923
298
608
176
664
238
1026
930
225
434
859
898
733
543
744
402
835
470
723
430
717
45
60
654
183
857
587
79
165
557
330
881
894
759
728
465
701
714
866
194
214
844
982
901
915
764
830
570
51
252
965
171
480
720
240
654
541
708
990
962
705
877
741
681
324
644
41
931
44
245
690
964
657
568
583
11
931
806
756
226
694
722
126
140
795
982
155
436
864
183
250
572
261
902
590
868
277
167
78
201
325
344
926
556
814
286
764
193
886
155
219
510
587
169
645
795
683
848
931
420
1003
186
359
704
769
823
965
820
534
204
36
16
272
661
914
725
108
526
313
788
252
312
302
594
172
904
884
696
219
18
756
748
931
490
234
412
854
716
255
279
947
908
855
190
322
890
534
996
307
915
964
918
433
231
166
1006
761
661
704
452
523
278
471
206
653
219
569
876
662
981
998
890
687
880
708
580
544
308
228
158
38
884
955
218
395
679
477
75
594
970
1005
1018
410
560
742
264
850
629
344
269
299
154
43
133
324
834
268
475
966
925
551
421
501
727
896
415
212
21
214
212
451
550
948
490
186
908
997
299
930
709
121
214
690
659
991
427
798
763
610
1009
617
569
380
965
597
231
936
435
246
305
177
612
869
490
927
505
954
770
701
711
745
438
764
895
322
536
771
51
893
123
1006
738
175
306
507
904
465
418
831
875
821
994
33
655
277
807
545
457
1026
906
950
827
924
708
512
951
801
410
712
716
162
887
537
504
192
1009
600
663
709
618
673
889
262
1011
584
392
655
495
725
46
95
225
601
847
961
247
650
858
824
829
936
33
830
803
509
791
6
632
124
584
583
617
175
263
726
960
106
305
720
921
729
569
227
735
661
601
931
276
923
119
969
939
123
158
592
584
57
483
1012
75
36
88
47
191
496
964
43
154
816
235
395
689
860
516
835
981
989
778
699
845
972
204
579
185
862
721
688
498
853
746
219
302
752
899
576
366
904
940
875
619
814
154
657
928
6
164
261
907
945
535
608
559
720
892
925
50
949
403
736
212
556
48
696
308
752
864
566
930
433
722
411
493
917
1016
424
299
200
216
607
474
444
3
581
9
968
205
819
904
299
658
518
730
233
778
969
725
730
1009
85
323
574
380
44
726
580
736
256
583
508
194
250
891
864
207
944
258
35
728
591
729
198
649
206
878
42
960
86
636
577
920
760
988
810
664
112
351
448
659
794
336
966
570
181
214
573
588
585
650
633
573
591
998
517
451
257
340
327
526
185
246
303
911
96
781
693
537
89
700
259
551
269
148
157
979
860
565
752
769
551
1012
932
700
849
218
327
753
549
50
471
845
574
547
873
194
110
841
746
862
200
1018
585
1010
414
697
858
927
696
473
908
729
887
398
418
1030
364
655
1030
312
170
964
268
239
571
169
485
51
978
320
543
683
794
751
547
844
481
614
706
896
214
572
620
301
803
741
595
507
538
212
990
544
205
391
833
247
993
238
834
717
541
683
738
729
619
103
965
161
990
695
262
888
659
894
812
821
916
652
239
606
633
548
489
952
336
755
935
708
158
908
253
321
877
47
406
696
444
383
660
41
733
1030
1009
1013
648
250
909
925
413
10
808
687
691
64
554
182
655
553
897
469
472
680
539
539
537
654
1007
947
653
661
1001
875
825
1009
260
15
730
864
50
683
11
500
834
771
475
583
881
64
968
806
624
510
1012
698
542
694
401
614
207
468
610
247
777
413
592
632
72
542
912
311
104
663
457
725
159
493
1008
543
919
657
1009
673
218
793
706
662
556
581
573
725
323
571
242
978
725
530
1017
693
816
574
624
983
471
233
947
384
430
668
727
578
764
570
608
570
878
895
585
738
176
514
181
214
917
898
50
988
995
810
982
877
651
313
998
201
662
961
47
985
735
665
725
759
760
791
255
553
520
534
910
211
966
195
219
547
185
87
797
258
915
985
855
277
196
547
243
598
943
120
476
465
714
974
970
130
312
733
994
151
905
637
475
790
563
504
724
877
557
228
826
586
178
714
90
105
913
599
709
451
252
248
894
252
218
508
868
657
1010
577
58
851
20
813
580
1022
552
781
175
599
111
728
976
186
174
1016
261
678
870
128
634
777
816
411
716
629
743
849
895
269
873
551
300
74
452
266
803
131
331
23
651
265
359
828
517
964
998
498
170
229
1017
215
843
1020
278
648
163
166
1021
744
981
820
164
654
745
189
641
885
623
82
419
900
705
544
703
395
733
771
517
821
672
996
845
512
239
793
171
918
1016
793
1017
685
100
970
728
560
828
914
653
1007
215
797
311
738
1027
992
592
648
925
279
252
127
447
844
473
936
66
965
670
950
562
435
731
771
356
825
252
662
881
195
546
284
796
517
792
642
230
726
837
717
414
908
170
213
203
843
687
535
917
543
255
968
881
536
36
961
980
534
889
748
50
37
987
106
242
539
724
528
728
629
657
473
706
428
896
323
1031
147
581
182
695
572
791
836
576
793
268
366
1012
745
709
458
134
990
822
778
988
888
981
813
650
780
304
508
915
118
44
751
865
503
607
403
276
559
556
539
867
40
116
172
690
325
924
716
565
502
244
981
641
591
282
178
595
886
791
717
932
401
223
977
922
32
720
945
721
554
852
802
798
423
259
705
123
305
931
109
752
554
803
730
732
219
942
1011
241
690
937
857
778
85
534
492
208
684
172
501
1008
852
629
771
1014
636
994
171
697
266
777
889
510
1004
639
787
307
194
729
752
575
166
559
619
196
154
16
151
811
953
650
976
806
316
991
312
977
458
508
253
761
648
129
592
699
860
379
246
834
1008
740
981
972
647
603
998
381
896
907
930
827
843
784
975
813
934
816
282
38
210
472
599
964
216
959
619
467
699
185
311
972
836
697
928
499
329
191
704
878
690
420
510
646
76
1007
537
40
231
558
474
907
443
16
769
860
887
939
217
211
795
1013
173
886
178
862
650
205
660
543
69
277
665
36
631
799
255
979
510
677
597
963
959
820
438
448
246
549
311
641
764
706
1015
658
192
836
214
258
308
846
443
412
256
925
628
726
202
537
239
833
873
649
502
761
658
876
738
244
973
262
978
202
766
215
164
194
660
866
967
864
665
908
782
941
30
591
863
50
744
891
660
753
886
891
939
328
257
268
943
592
916
809
218
897
340
615
872
712
902
395
750
177
968
571
160
863
749
139
674
815
548
910
1025
202
562
736
452
828
35
246
190
43
528
1019
632
572
118
60
587
807
724
513
588
476
955
553
1014
134
967
775
614
714
789
609
268
885
888
304
323
204
371
240
876
669
358
191
701
595
237
1017
746
229
262
989
126
441
171
914
313
794
937
640
985
164
556
170
538
874
776
37
120
990
308
808
395
274
966
988
161
96
412
670
395
341
242
824
411
993
805
316
566
447
48
10
279
164
478
839
440
741
845
554
587
489
649
893
638
788
980
410
646
37
475
764
907
186
618
240
933
953
42
696
509
515
965
309
497
759
739
695
138
464
598
635
927
360
807
566
474
702
229
959
11
253
182
496
537
43
825
759
438
456
299
609
687
692
580
763
492
47
505
771
198
894
198
655
909
855
949
1005
755
49
584
184
838
701
441
879
179
315
572
947
630
486
495
403
751
255
912
657
538
1011
220
723
956
864
716
403
429
664
1
656
723
44
613
12
930
673
741
535
690
969
48
767
590
239
64
915
71
272
758
703
971
378
101
212
575
154
61
470
690
537
444
514
175
272
603
710
617
857
486
632
202
632
516
661
1013
741
241
976
299
222
424
966
554
1020
232
905
771
805
132
847
983
575
999
31
593
684
988
416
1026
700
669
175
577
490
234
738
551
671
966
597
53
609
494
382
490
581
887
845
617
652
563
1009
456
238
438
754
839
967
1009
252
610
771
12
768
849
43
173
838
837
522
470
222
618
770
749
598
901
712
976
454
696
303
798
662
396
529
932
202
993
259
281
563
176
969
914
280
985
950
276
267
902
728
641
569
255
826
553
1016
647
904
987
56
154
39
702
764
500
232
966
997
86
820
9
151
1030
805
701
791
470
688
65
686
201
991
324
961
163
660
997
123
763
512
842
563
609
991
881
877
539
113
1
378
906
585
599
193
653
586
743
803
492
574
162
696
671
424
832
699
235
745
500
998
159
44
536
923
771
816
477
169
794
882
279
992
561
545
463
810
976
766
220
411
150
706
164
831
307
670
508
640
215
504
950
485
62
659
1005
211
298
916
767
47
508
728
304
960
1028
983
574
990
573
236
636
680
286
28
645
919
932
206
212
407
553
425
803
1010
913
505
737
647
854
955
218
537
649
307
122
540
722
855
718
463
686
907
431
39
598
96
632
796
951
261
503
550
172
324
940
237
300
766
276
95
962
279
969
603
877
856
519
967
378
632
874
747
244
309
28
292
915
255
186
528
450
938
766
763
489
909
144
224
243
501
995
870
484
743
616
877
896
37
527
552
417
735
490
680
984
745
952
5
986
451
258
309
790
683
158
418
726
471
961
900
368
46
696
1023
303
632
433
594
512
732
483
820
656
581
964
721
256
579
378
649
700
876
987
602
313
181
690
308
47
682
595
582
618
361
863
219
942
336
802
1004
725
818
757
506
851
642
512
607
907
707
403
230
818
572
840
880
378
660
436
728
541
894
263
931
695
160
807
284
10
534
988
553
436
911
6
210
848
947
639
750
472
447
908
817
541
6
720
589
602
554
36
158
257
426
985
584
166
996
829
926
701
890
57
200
990
301
239
515
701
1028
586
904
218
761
578
474
717
634
588
988
209
201
602
881
345
191
824
957
47
963
970
857
954
1030
477
898
244
977
302
398
923
574
930
813
587
320
735
45
70
222
793
813
869
951
337
498
343
714
1000
986
616
884
657
517
606
520
696
863
422
367
580
203
372
619
1030
763
258
250
186
285
488
894
547
618
390
853
341
965
700
226
543
711
215
582
683
194
541
475
1025
525
950
174
559
716
606
666
672
266
201
638
461
156
601
893
412
479
114
1001
961
198
545
929
277
29
346
960
660
975
704
427
895
1007
392
908
949
826
140
1028
365
1021
344
69
796
428
613
553
239
978
473
849
43
698
561
907
394
184
54
893
522
546
511
961
913
948
516
930
661
714
144
627
206
542
597
936
558
666
735
835
7
366
615
301
13
965
979
971
455
805
1008
948
247
491
601
675
478
747
944
114
1019
490
1007
932
889
909
790
475
808
308
572
680
168
95
675
46
582
37
178
479
721
656
625
660
332
938
681
552
818
608
155
911
712
302
388
756
728
52
140
221
633
431
709
461
756
584
219
224
168
653
440
1028
35
272
702
547
647
933
983
798
735
808
1003
988
680
981
236
644
683
277
46
781
681
1006
734
332
1
568
688
558
154
478
551
283
258
749
104
987
50
386
151
742
197
718
906
910
779
635
174
902
303
717
490
534
538
920
906
408
160
794
347
624
555
635
772
257
714
586
810
799
453
993
126
574
59
694
237
281
579
41
770
583
41
369
865
380
156
242
165
711
614
488
741
430
225
40
436
298
393
670
620
633
668
200
902
651
601
837
210
512
696
555
269
428
878
446
38
741
976
806
683
425
580
649
656
674
1015
176
249
965
604
741
703
280
1030
912
4
503
785
989
850
197
330
595
989
587
788
703
546
715
415
492
380
178
818
835
159
744
741
673
37
928
46
362
268
433
395
44
390
603
239
1026
831
784
1006
607
429
193
581
538
849
200
231
732
195
906
992
891
676
487
651
757
511
827
669
879
591
139
727
305
836
636
1029
992
778
898
304
754
993
431
193
134
908
1004
381
824
704
243
162
214
696
702
897
715
161
642
47
599
697
802
333
134
480
806
913
124
254
794
544
45
1005
607
1001
531
558
437
976
617
843
177
154
198
834
380
644
800
820
46
255
551
475
513
370
131
514
513
949
600
702
974
127
774
865
743
965
691
569
442
840
258
542
749
500
681
505
105
990
759
654
165
881
492
224
758
45
722
722
765
674
269
962
274
428
997
941
156
972
993
81
540
944
917
230
407
800
699
87
222
704
190
378
304
794
277
648
319
800
165
498
427
937
789
211
214
177
582
532
484
589
539
785
589
754
346
517
936
1023
874
1012
600
420
701
996
831
536
640
724
1024
732
507
645
651
871
1019
250
651
667
953
632
459
181
262
668
931
155
421
915
792
29
784
298
602
847
175
68
155
960
381
938
210
325
1005
452
345
592
701
491
535
267
935
821
847
238
301
825
508
483
132
784
560
874
625
710
661
52
225
656
600
923
833
416
1001
712
411
966
412
551
126
524
984
943
829
726
269
585
337
500
571
243
197
630
289
491
791
847
211
239
1011
736
156
730
641
616
249
541
777
720
45
668
495
49
307
981
100
1012
244
458
754
805
588
481
891
560
856
978
454
731
1009
579
504
939
776
8
556
516
987
704
789
158
585
429
925
325
19
825
119
220
693
994
691
312
121
695
381
708
219
160
717
457
827
450
124
1017
736
171
302
549
815
1006
708
630
618
895
801
196
658
604
213
531
880
912
635
636
722
746
213
264
359
415
917
994
541
723
974
35
980
171
526
585
238
656
45
746
251
203
857
78
443
907
154
583
156
256
735
978
672
866
712
477
182
764
990
930
864
907
705
733
1025
557
853
790
210
292
512
47
366
198
423
965
711
803
587
980
839
221
770
86
161
931
582
23
590
641
865
233
967
660
696
257
498
234
464
371
549
269
523
793
227
952
1007
979
512
906
696
666
788
444
450
828
341
865
874
527
961
717
155
313
684
543
1008
695
221
452
794
696
578
984
646
906
1020
502
982
572
897
973
37
810
499
239
539
226
919
403
230
524
156
303
346
908
399
791
1030
50
18
516
844
906
923
811
983
226
50
1008
579
498
363
249
403
307
217
436
537
947
493
727
617
887
1021
786
268
760
932
688
282
222
823
754
631
853
986
48
35
533
899
701
681
868
1019
851
493
858
551
921
492
982
952
726
619
119
969
548
491
1017
443
174
323
576
441
909
678
571
496
1010
556
589
886
589
670
227
241
700
673
664
107
527
514
690
351
421
500
144
958
962
255
645
781
51
237
362
915
830
848
722
589
620
299
588
192
588
991
921
215
668
52
505
685
890
597
303
65
653
1007
737
631
590
446
742
538
536
490
576
320
745
760
976
670
206
864
729
1002
204
721
512
905
266
899
862
326
568
797
157
503
223
596
308
1027
842
160
569
158
215
48
763
548
972
85
495
233
854
272
597
300
277
639
311
650
1029
359
386
636
411
660
58
845
795
539
517
52
215
885
950
688
839
550
967
53
861
619
948
181
1002
824
905
677
1005
664
298
120
594
628
57
615
135
845
508
350
147
629
29
221
937
741
492
737
335
278
488
604
558
488
594
958
624
857
789
941
483
576
243
535
730
738
792
895
865
547
586
458
859
107
205
263
639
268
906
535
561
769
816
574
603
218
826
227
196
596
530
201
565
786
633
712
494
674
446
198
546
893
921
677
535
260
707
466
306
48
242
1005
450
194
998
932
856
113
743
217
574
179
211
668
956
840
154
553
585
549
828
846
697
163
773
309
583
977
586
945
693
763
986
306
242
712
700
1007
779
1009
651
503
690
103
666
200
662
964
1022
240
906
601
6
221
70
448
847
845
803
838
882
821
166
458
909
821
881
288
162
1018
46
252
945
235
172
658
954
408
965
700
312
506
967
735
1014
172
572
115
501
266
657
795
699
748
812
931
49
81
470
500
32
834
707
816
836
552
275
963
537
783
446
995
662
484
309
673
472
46
559
544
695
882
852
1012
548
492
83
620
923
231
717
378
236
165
250
739
692
593
906
560
342
314
584
759
312
939
1020
1002
690
163
325
566
800
197
576
865
938
636
211
977
161
746
107
989
24
928
607
568
28
503
200
837
454
993
368
532
477
266
250
606
919
47
537
989
868
63
800
680
221
613
242
915
673
190
731
861
973
849
301
578
957
905
870
508
629
841
749
196
875
689
424
338
146
751
590
977
970
713
987
442
673
795
729
325
215
1027
841
455
715
758
674
754
171
751
659
994
310
305
383
50
493
160
915
307
1024
101
533
237
642
167
719
993
200
181
50
929
984
213
325
216
413
733
502
485
163
976
552
755
651
818
115
774
448
334
201
878
29
714
918
766
699
866
745
209
253
584
956
43
700
586
883
30
262
1000
561
236
882
742
881
841
700
702
541
449
268
225
448
485
819
187
318
214
450
378
503
816
571
328
714
155
225
950
920
89
421
435
35
774
702
969
978
154
304
913
880
196
550
1003
915
226
574
679
806
890
918
975
571
907
247
941
587
198
844
426
420
821
846
877
467
593
929
619
479
858
992
532
978
937
632
598
324
227
836
952
990
165
306
509
733
747
583
727
984
787
927
996
817
821
990
50
643
605
86
49
402
773
670
165
642
474
988
615
623
1006
90
664
464
623
942
713
951
264
122
163
541
348
598
878
644
161
775
566
183
924
585
541
48
309
958
625
937
511
564
988
592
542
510
589
915
735
35
732
700
767
162
173
653
171
224
988
302
312
963
213
836
914
534
288
466
876
797
379
792
915
641
235
1010
169
496
495
912
941
671
795
834
506
905
241
298
355
361
322
781
636
138
204
827
254
180
1018
325
547
350
699
992
769
621
504
577
58
635
677
931
1013
211
191
235
1027
988
578
570
542
608
812
578
162
817
761
659
555
828
367
895
2
639
139
481
796
489
42
766
249
757
591
352
579
954
464
585
540
752
877
598
474
1003
490
426
580
44
256
490
695
919
991
238
657
1017
410
967
502
780
542
907
926
474
546
909
525
308
709
689
960
35
283
815
155
932
859
512
238
171
215
202
871
1026
363
301
765
61
767
180
774
612
792
211
185
666
988
470
508
598
226
711
456
1006
952
944
581
231
572
892
840
493
656
793
988
666
370
47
450
209
761
768
734
178
985
40
871
710
568
529
970
228
1017
43
356
989
612
310
210
302
243
552
884
856
473
52
999
527
919
1006
772
755
535
2
174
638
163
636
741
619
828
662
620
603
748
945
816
479
322
242
993
485
71
871
115
621
560
174
849
1014
575
197
506
803
847
700
158
505
613
797
952
1017
445
535
593
646
215
723
673
1003
1020
163
419
941
894
628
131
611
500
737
763
763
951
1028
924
429
881
907
783
628
713
837
402
309
952
950
786
698
255
173
388
267
664
968
973
632
817
215
650
500
666
500
378
827
819
700
387
1001
859
977
971
725
577
972
223
911
817
47
568
21
378
642
540
971
126
948
245
274
658
937
797
87
366
976
661
739
514
976
552
513
70
427
991
518
202
592
489
751
331
589
1
1016
839
303
144
935
677
312
726
49
660
537
1011
475
747
596
311
458
664
921
697
587
798
925
378
733
279
758
402
272
837
454
559
837
45
471
675
575
154
922
579
741
458
126
507
686
672
596
167
772
948
476
848
125
787
481
247
63
618
959
725
807
213
674
239
200
974
518
533
711
307
598
780
286
974
914
592
410
996
543
237
741
784
471
174
881
498
721
817
950
383
253
523
214
862
39
206
609
152
794
227
62
767
955
99
841
456
858
742
834
48
145
735
792
853
87
645
559
142
816
464
30
663
860
966
867
308
444
423
875
529
211
512
576
925
970
749
650
493
547
677
273
669
221
708
199
789
240
243
840
919
787
665
148
324
50
874
28
737
448
999
292
737
654
653
231
824
839
787
609
995
485
961
858
378
648
801
531
498
866
797
552
719
983
849
36
792
419
532
122
879
485
881
222
818
562
90
510
246
606
36
527
890
304
466
702
998
567
574
661
881
176
744
243
737
139
560
518
7
765
936
764
378
214
211
423
485
919
695
998
559
880
702
975
861
877
747
175
467
805
788
851
745
507
647
800
989
433
985
750
794
750
445
800
50
879
175
357
763
350
465
480
95
691
479
579
595
914
612
558
169
519
956
536
766
195
490
630
311
910
63
160
732
165
185
789
558
937
706
477
244
378
700
679
966
661
479
165
757
899
1016
227
587
361
676
553
519
50
582
956
766
727
742
775
417
883
87
698
623
896
122
427
378
417
855
261
261
548
276
748
598
121
729
681
707
442
817
589
1022
216
926
957
1029
435
880
367
163
615
735
818
530
690
823
986
38
983
532
968
95
478
312
711
283
851
969
211
43
96
248
500
313
547
214
282
982
853
537
543
117
577
444
211
767
281
515
847
618
985
905
919
818
598
604
598
938
504
196
983
774
237
417
1003
894
971
46
43
312
656
363
606
231
281
613
973
580
757
441
257
904
508
245
554
889
367
168
985
337
607
806
974
493
582
689
165
890
174
532
911
50
42
371
898
349
606
852
116
241
251
492
672
668
264
816
228
45
568
635
910
859
470
569
962
666
1006
688
505
43
452
346
478
260
643
885
460
923
1017
436
654
616
985
450
38
664
588
957
15
179
785
519
961
909
308
231
231
415
807
579
452
1003
989
179
252
355
202
488
299
322
416
418
784
699
573
825
711
49
581
702
206
913
514
309
517
118
54
400
493
570
441
226
666
710
1008
1000
831
1017
748
106
1015
450
907
557
163
221
42
475
656
171
227
717
683
844
801
1002
538
913
749
649
560
768
816
656
478
595
306
462
194
805
743
948
189
485
933
585
1019
921
516
625
218
677
256
398
676
537
855
991
808
814
66
155
492
571
446
649
977
704
457
156
202
392
370
950
946
155
178
680
785
46
970
598
170
918
963
991
633
1007
907
519
199
723
490
671
516
513
583
591
926
999
165
330
49
1015
425
858
964
518
174
197
608
588
342
227
882
258
1005
796
492
706
162
136
530
813
708
202
702
722
264
651
457
18
595
464
763
280
624
753
657
901
165
298
210
861
720
217
848
661
2
558
914
299
45
300
442
260
870
189
277
564
521
728
279
437
70
159
796
195
858
1013
585
15
551
679
263
419
237
711
439
470
687
176
729
980
541
654
596
256
518
338
809
593
472
848
505
796
610
407
57
824
452
550
744
220
700
178
846
664
954
258
708
46
565
812
703
963
914
884
665
698
800
892
142
936
172
934
20
806
258
849
647
662
511
968
662
154
244
926
951
308
153
720
728
834
702
246
573
850
767
782
299
689
436
278
218
47
871
92
701
342
950
822
917
165
718
697
1012
499
834
456
219
742
864
546
424
238
864
906
301
472
444
109
903
398
654
164
809
784
887
1000
157
875
346
819
420
681
184
803
717
882
842
1002
407
770
181
535
191
220
108
520
646
251
954
920
902
484
234
935
58
15
699
836
518
694
968
491
26
647
175
399
307
726
445
301
931
215
412
47
248
390
695
605
926
12
965
254
882
76
235
915
505
225
753
1018
817
764
417
587
935
815
983
218
620
962
824
909
1022
413
738
548
741
421
978
755
834
399
831
334
798
307
536
492
485
901
623
981
796
278
223
745
307
846
792
969
245
252
36
542
592
683
845
904
848
172
190
414
503
336
744
642
298
546
169
1003
326
801
690
152
495
544
617
102
852
463
719
644
752
721
724
989
480
929
19
468
917
192
196
690
38
922
834
695
529
552
771
199
832
324
928
43
789
453
453
714
366
489
983
698
190
711
683
924
491
309
994
417
585
908
223
267
302
976
506
24
621
340
499
549
755
992
31
170
841
652
975
949
723
715
964
278
238
948
504
22
299
884
969
586
815
936
43
498
820
1005
513
236
866
622
960
445
622
871
648
324
77
277
326
689
568
994
953
977
751
974
218
187
161
1009
560
880
688
201
949
344
917
999
734
335
238
19
376
585
383
902
867
146
850
565
635
499
166
540
921
367
639
772
154
152
565
859
180
512
236
516
988
218
938
218
809
482
816
820
211
237
773
49
779
766
261
972
154
751
744
776
640
223
652
540
144
719
833
216
309
495
863
615
583
548
727
687
474
252
970
717
950
500
665
954
40
3
589
707
228
787
504
918
940
608
774
192
206
629
234
895
391
194
547
995
496
4
643
635
641
430
561
640
943
162
847
560
544
706
566
636
51
824
992
609
583
611
994
566
889
559
743
886
170
876
608
48
281
927
977
597
1011
701
888
189
560
903
196
916
871
584
44
162
240
218
992
537
206
542
856
313
543
915
208
995
720
540
449
546
633
605
329
907
863
944
553
251
609
620
157
629
842
537
676
672
931
542
460
424
249
636
955
207
797
1002
961
606
780
975
492
936
471
35
859
679
648
807
508
638
578
416
51
521
693
368
549
642
905
598
29
310
896
849
574
219
610
635
339
262
574
866
96
205
416
629
19
753
221
1022
760
853
266
633
275
702
690
298
203
756
323
585
910
299
890
688
241
697
7
174
996
250
729
573
598
412
633
485
920
329
335
1002
475
85
471
433
873
658
734
354
650
301
242
938
1025
435
1004
511
507
643
455
892
303
836
528
730
250
706
568
524
989
51
445
779
449
751
663
591
475
772
383
1028
988
379
1029
471
274
530
730
679
160
314
376
1016
270
50
262
651
931
166
728
474
937
845
162
369
799
541
549
767
879
730
878
965
51
933
523
938
147
221
752
843
266
558
1024
704
695
658
923
668
299
1
834
103
564
11
533
187
3
101
83
1
3
186
174
3
1
33
5
5
178
1
105
187
178
118
178
202
11
3
29
23
33
202
1
83
1
102
23
188
33
1
105
23
93
178
23
3
178
1
1
29
202
83
5
3
1
409
179
5
105
178
118
153
1
141
1
178
1
5
178
186
23
6
29
198
187
205
1
186
1
23
183
5
3
188
33
1
11
23
178
28
28
178
83
178
29
273
178
5
1
19
3
183
83
202
141
178
236
188
153
198
178
93
102
196
183
102
178
184
83
243
178
68
200
178
242
178
98
178
202
178
202
105
1
105
178
186
178
188
178
83
264
178
188
5
202
186
141
83
178
188
179
174
178
93
178
178
102
178
93
1
178
178
187
178
201
178
184
178
178
184
178
178
72
198
202
33
183
178
198
178
178
141
202
11
186
141
141
101
141
186
178
93
105
236
178
183
178
242
188
93
273
141
202
178
187
1
178
102
235
178
101
173
202
178
183
5
1
23
178
178
198
83
141
141
178
202
178
279
187
178
105
1
83
202
102
198
93
178
611
530
625
535
559
559
831
611
611
752
530
609
610
